[0.010s] Invoking command in '/home/albertgm13/Documentos/GitHub/IR2117/tb3_ws/build/olympic': CMAKE_PREFIX_PATH=${CMAKE_PREFIX_PATH}:/opt/ros/foxy /usr/bin/cmake --build /home/albertgm13/Documentos/GitHub/IR2117/tb3_ws/build/olympic -- -j1 -l1
[0.060s] [35m[1mScanning dependencies of target rings[0m
[0.091s] [ 50%] [32mBuilding CXX object CMakeFiles/rings.dir/src/rings.cpp.o[0m
[2.715s] [100%] [32m[1mLinking CXX executable rings[0m
[2.848s] [100%] Built target rings
[2.860s] Invoked command in '/home/albertgm13/Documentos/GitHub/IR2117/tb3_ws/build/olympic' returned '0': CMAKE_PREFIX_PATH=${CMAKE_PREFIX_PATH}:/opt/ros/foxy /usr/bin/cmake --build /home/albertgm13/Documentos/GitHub/IR2117/tb3_ws/build/olympic -- -j1 -l1
[2.884s] Invoking command in '/home/albertgm13/Documentos/GitHub/IR2117/tb3_ws/build/olympic': CMAKE_PREFIX_PATH=${CMAKE_PREFIX_PATH}:/opt/ros/foxy /usr/bin/cmake --install /home/albertgm13/Documentos/GitHub/IR2117/tb3_ws/build/olympic
[2.893s] -- Install configuration: ""
[2.894s] -- Installing: /home/albertgm13/Documentos/GitHub/IR2117/tb3_ws/install/olympic/lib/olympic/rings
[2.895s] -- Set runtime path of "/home/albertgm13/Documentos/GitHub/IR2117/tb3_ws/install/olympic/lib/olympic/rings" to ""
[2.895s] -- Up-to-date: /home/albertgm13/Documentos/GitHub/IR2117/tb3_ws/install/olympic/share/ament_index/resource_index/package_run_dependencies/olympic
[2.895s] -- Up-to-date: /home/albertgm13/Documentos/GitHub/IR2117/tb3_ws/install/olympic/share/ament_index/resource_index/parent_prefix_path/olympic
[2.895s] -- Up-to-date: /home/albertgm13/Documentos/GitHub/IR2117/tb3_ws/install/olympic/share/olympic/environment/ament_prefix_path.sh
[2.895s] -- Up-to-date: /home/albertgm13/Documentos/GitHub/IR2117/tb3_ws/install/olympic/share/olympic/environment/ament_prefix_path.dsv
[2.896s] -- Up-to-date: /home/albertgm13/Documentos/GitHub/IR2117/tb3_ws/install/olympic/share/olympic/environment/path.sh
[2.896s] -- Up-to-date: /home/albertgm13/Documentos/GitHub/IR2117/tb3_ws/install/olympic/share/olympic/environment/path.dsv
[2.896s] -- Up-to-date: /home/albertgm13/Documentos/GitHub/IR2117/tb3_ws/install/olympic/share/olympic/local_setup.bash
[2.896s] -- Up-to-date: /home/albertgm13/Documentos/GitHub/IR2117/tb3_ws/install/olympic/share/olympic/local_setup.sh
[2.896s] -- Up-to-date: /home/albertgm13/Documentos/GitHub/IR2117/tb3_ws/install/olympic/share/olympic/local_setup.zsh
[2.897s] -- Up-to-date: /home/albertgm13/Documentos/GitHub/IR2117/tb3_ws/install/olympic/share/olympic/local_setup.dsv
[2.897s] -- Installing: /home/albertgm13/Documentos/GitHub/IR2117/tb3_ws/install/olympic/share/olympic/package.dsv
[2.897s] -- Up-to-date: /home/albertgm13/Documentos/GitHub/IR2117/tb3_ws/install/olympic/share/ament_index/resource_index/packages/olympic
[2.897s] -- Up-to-date: /home/albertgm13/Documentos/GitHub/IR2117/tb3_ws/install/olympic/share/olympic/cmake/olympicConfig.cmake
[2.897s] -- Up-to-date: /home/albertgm13/Documentos/GitHub/IR2117/tb3_ws/install/olympic/share/olympic/cmake/olympicConfig-version.cmake
[2.898s] -- Up-to-date: /home/albertgm13/Documentos/GitHub/IR2117/tb3_ws/install/olympic/share/olympic/package.xml
[2.902s] Invoked command in '/home/albertgm13/Documentos/GitHub/IR2117/tb3_ws/build/olympic' returned '0': CMAKE_PREFIX_PATH=${CMAKE_PREFIX_PATH}:/opt/ros/foxy /usr/bin/cmake --install /home/albertgm13/Documentos/GitHub/IR2117/tb3_ws/build/olympic
