[0.151s] DEBUG:colcon:Command line arguments: ['/usr/bin/colcon', 'build']
[0.151s] DEBUG:colcon:Parsed command line arguments: Namespace(allow_overriding=[], ament_cmake_args=None, base_paths=['.'], build_base='build', catkin_cmake_args=None, catkin_skip_building_tests=False, cmake_args=None, cmake_clean_cache=False, cmake_clean_first=False, cmake_force_configure=False, cmake_target=None, cmake_target_skip_unavailable=False, continue_on_error=False, event_handlers=None, executor='parallel', ignore_user_meta=False, install_base='install', log_base=None, log_level=None, main=<bound method BuildVerb.main of <colcon_core.verb.build.BuildVerb object at 0x7f14c25e8490>>, merge_install=False, metas=['./colcon.meta'], packages_above=None, packages_above_and_dependencies=None, packages_above_depth=None, packages_end=None, packages_ignore=None, packages_ignore_regex=None, packages_select=None, packages_select_build_failed=False, packages_select_by_dep=None, packages_select_regex=None, packages_select_test_failures=False, packages_skip=None, packages_skip_build_finished=False, packages_skip_by_dep=None, packages_skip_regex=None, packages_skip_test_passed=False, packages_skip_up_to=None, packages_start=None, packages_up_to=None, packages_up_to_regex=None, parallel_workers=6, paths=None, symlink_install=False, test_result_base=None, verb_extension=<colcon_core.verb.build.BuildVerb object at 0x7f14c25e8490>, verb_name='build', verb_parser=<colcon_defaults.argument_parser.defaults.DefaultArgumentsDecorator object at 0x7f14c25e89d0>)
[0.172s] Level 1:colcon.colcon_core.package_discovery:discover_packages(colcon_meta) check parameters
[0.172s] Level 1:colcon.colcon_core.package_discovery:discover_packages(recursive) check parameters
[0.172s] Level 1:colcon.colcon_core.package_discovery:discover_packages(ignore) check parameters
[0.172s] Level 1:colcon.colcon_core.package_discovery:discover_packages(path) check parameters
[0.172s] Level 1:colcon.colcon_core.package_discovery:discover_packages(colcon_meta) discover
[0.172s] Level 1:colcon.colcon_core.package_discovery:discover_packages(recursive) discover
[0.172s] INFO:colcon.colcon_core.package_discovery:Crawling recursively for packages in '/home/usuario/Documentos/GitHub/IR2117/tb3_ws'
[0.172s] Level 1:colcon.colcon_core.package_identification:_identify(.) by extensions ['ignore', 'ignore_ament_install']
[0.172s] Level 1:colcon.colcon_core.package_identification:_identify(.) by extension 'ignore'
[0.172s] Level 1:colcon.colcon_core.package_identification:_identify(.) by extension 'ignore_ament_install'
[0.172s] Level 1:colcon.colcon_core.package_identification:_identify(.) by extensions ['colcon_pkg']
[0.173s] Level 1:colcon.colcon_core.package_identification:_identify(.) by extension 'colcon_pkg'
[0.173s] Level 1:colcon.colcon_core.package_identification:_identify(.) by extensions ['colcon_meta']
[0.173s] Level 1:colcon.colcon_core.package_identification:_identify(.) by extension 'colcon_meta'
[0.173s] Level 1:colcon.colcon_core.package_identification:_identify(.) by extensions ['ros']
[0.173s] Level 1:colcon.colcon_core.package_identification:_identify(.) by extension 'ros'
[0.188s] Level 1:colcon.colcon_core.package_identification:_identify(.) by extensions ['cmake', 'python']
[0.188s] Level 1:colcon.colcon_core.package_identification:_identify(.) by extension 'cmake'
[0.188s] Level 1:colcon.colcon_core.package_identification:_identify(.) by extension 'python'
[0.188s] Level 1:colcon.colcon_core.package_identification:_identify(.) by extensions ['python_setup_py']
[0.188s] Level 1:colcon.colcon_core.package_identification:_identify(.) by extension 'python_setup_py'
[0.188s] Level 1:colcon.colcon_core.package_identification:_identify(build) by extensions ['ignore', 'ignore_ament_install']
[0.188s] Level 1:colcon.colcon_core.package_identification:_identify(build) by extension 'ignore'
[0.188s] Level 1:colcon.colcon_core.package_identification:_identify(build) ignored
[0.188s] Level 1:colcon.colcon_core.package_identification:_identify(install) by extensions ['ignore', 'ignore_ament_install']
[0.188s] Level 1:colcon.colcon_core.package_identification:_identify(install) by extension 'ignore'
[0.188s] Level 1:colcon.colcon_core.package_identification:_identify(install) ignored
[0.188s] Level 1:colcon.colcon_core.package_identification:_identify(log) by extensions ['ignore', 'ignore_ament_install']
[0.188s] Level 1:colcon.colcon_core.package_identification:_identify(log) by extension 'ignore'
[0.188s] Level 1:colcon.colcon_core.package_identification:_identify(log) ignored
[0.188s] Level 1:colcon.colcon_core.package_identification:_identify(src) by extensions ['ignore', 'ignore_ament_install']
[0.189s] Level 1:colcon.colcon_core.package_identification:_identify(src) by extension 'ignore'
[0.189s] Level 1:colcon.colcon_core.package_identification:_identify(src) by extension 'ignore_ament_install'
[0.189s] Level 1:colcon.colcon_core.package_identification:_identify(src) by extensions ['colcon_pkg']
[0.189s] Level 1:colcon.colcon_core.package_identification:_identify(src) by extension 'colcon_pkg'
[0.189s] Level 1:colcon.colcon_core.package_identification:_identify(src) by extensions ['colcon_meta']
[0.189s] Level 1:colcon.colcon_core.package_identification:_identify(src) by extension 'colcon_meta'
[0.189s] Level 1:colcon.colcon_core.package_identification:_identify(src) by extensions ['ros']
[0.189s] Level 1:colcon.colcon_core.package_identification:_identify(src) by extension 'ros'
[0.189s] Level 1:colcon.colcon_core.package_identification:_identify(src) by extensions ['cmake', 'python']
[0.189s] Level 1:colcon.colcon_core.package_identification:_identify(src) by extension 'cmake'
[0.189s] Level 1:colcon.colcon_core.package_identification:_identify(src) by extension 'python'
[0.189s] Level 1:colcon.colcon_core.package_identification:_identify(src) by extensions ['python_setup_py']
[0.189s] Level 1:colcon.colcon_core.package_identification:_identify(src) by extension 'python_setup_py'
[0.189s] Level 1:colcon.colcon_core.package_identification:_identify(src/obstacles) by extensions ['ignore', 'ignore_ament_install']
[0.189s] Level 1:colcon.colcon_core.package_identification:_identify(src/obstacles) by extension 'ignore'
[0.189s] Level 1:colcon.colcon_core.package_identification:_identify(src/obstacles) by extension 'ignore_ament_install'
[0.189s] Level 1:colcon.colcon_core.package_identification:_identify(src/obstacles) by extensions ['colcon_pkg']
[0.189s] Level 1:colcon.colcon_core.package_identification:_identify(src/obstacles) by extension 'colcon_pkg'
[0.189s] Level 1:colcon.colcon_core.package_identification:_identify(src/obstacles) by extensions ['colcon_meta']
[0.189s] Level 1:colcon.colcon_core.package_identification:_identify(src/obstacles) by extension 'colcon_meta'
[0.189s] Level 1:colcon.colcon_core.package_identification:_identify(src/obstacles) by extensions ['ros']
[0.189s] Level 1:colcon.colcon_core.package_identification:_identify(src/obstacles) by extension 'ros'
[0.192s] DEBUG:colcon.colcon_core.package_identification:Package 'src/obstacles' with type 'ros.ament_cmake' and name 'obstacles'
[0.193s] Level 1:colcon.colcon_core.package_identification:_identify(src/robot_trajectory) by extensions ['ignore', 'ignore_ament_install']
[0.193s] Level 1:colcon.colcon_core.package_identification:_identify(src/robot_trajectory) by extension 'ignore'
[0.193s] Level 1:colcon.colcon_core.package_identification:_identify(src/robot_trajectory) by extension 'ignore_ament_install'
[0.193s] Level 1:colcon.colcon_core.package_identification:_identify(src/robot_trajectory) by extensions ['colcon_pkg']
[0.193s] Level 1:colcon.colcon_core.package_identification:_identify(src/robot_trajectory) by extension 'colcon_pkg'
[0.193s] Level 1:colcon.colcon_core.package_identification:_identify(src/robot_trajectory) by extensions ['colcon_meta']
[0.193s] Level 1:colcon.colcon_core.package_identification:_identify(src/robot_trajectory) by extension 'colcon_meta'
[0.193s] Level 1:colcon.colcon_core.package_identification:_identify(src/robot_trajectory) by extensions ['ros']
[0.193s] Level 1:colcon.colcon_core.package_identification:_identify(src/robot_trajectory) by extension 'ros'
[0.195s] DEBUG:colcon.colcon_core.package_identification:Package 'src/robot_trajectory' with type 'ros.ament_cmake' and name 'robot_trajectory'
[0.195s] Level 1:colcon.colcon_core.package_discovery:discover_packages(recursive) using defaults
[0.195s] Level 1:colcon.colcon_core.package_discovery:discover_packages(ignore) discover
[0.195s] Level 1:colcon.colcon_core.package_discovery:discover_packages(ignore) using defaults
[0.195s] Level 1:colcon.colcon_core.package_discovery:discover_packages(path) discover
[0.195s] Level 1:colcon.colcon_core.package_discovery:discover_packages(path) using defaults
[0.214s] Level 1:colcon.colcon_core.package_discovery:discover_packages(prefix_path) check parameters
[0.214s] Level 1:colcon.colcon_core.package_discovery:discover_packages(prefix_path) discover
[0.220s] DEBUG:colcon.colcon_installed_package_information.package_discovery:Found 2 installed packages in /home/usuario/Documentos/GitHub/IR2117/tb3_ws/install
[0.222s] DEBUG:colcon.colcon_installed_package_information.package_discovery:Found 272 installed packages in /opt/ros/foxy
[0.223s] Level 1:colcon.colcon_core.package_discovery:discover_packages(prefix_path) using defaults
[0.267s] Level 5:colcon.colcon_core.verb:set package 'obstacles' build argument 'cmake_args' from command line to 'None'
[0.267s] Level 5:colcon.colcon_core.verb:set package 'obstacles' build argument 'cmake_target' from command line to 'None'
[0.267s] Level 5:colcon.colcon_core.verb:set package 'obstacles' build argument 'cmake_target_skip_unavailable' from command line to 'False'
[0.267s] Level 5:colcon.colcon_core.verb:set package 'obstacles' build argument 'cmake_clean_cache' from command line to 'False'
[0.267s] Level 5:colcon.colcon_core.verb:set package 'obstacles' build argument 'cmake_clean_first' from command line to 'False'
[0.267s] Level 5:colcon.colcon_core.verb:set package 'obstacles' build argument 'cmake_force_configure' from command line to 'False'
[0.267s] Level 5:colcon.colcon_core.verb:set package 'obstacles' build argument 'ament_cmake_args' from command line to 'None'
[0.267s] Level 5:colcon.colcon_core.verb:set package 'obstacles' build argument 'catkin_cmake_args' from command line to 'None'
[0.267s] Level 5:colcon.colcon_core.verb:set package 'obstacles' build argument 'catkin_skip_building_tests' from command line to 'False'
[0.267s] DEBUG:colcon.colcon_core.verb:Building package 'obstacles' with the following arguments: {'ament_cmake_args': None, 'build_base': '/home/usuario/Documentos/GitHub/IR2117/tb3_ws/build/obstacles', 'catkin_cmake_args': None, 'catkin_skip_building_tests': False, 'cmake_args': None, 'cmake_clean_cache': False, 'cmake_clean_first': False, 'cmake_force_configure': False, 'cmake_target': None, 'cmake_target_skip_unavailable': False, 'install_base': '/home/usuario/Documentos/GitHub/IR2117/tb3_ws/install/obstacles', 'merge_install': False, 'path': '/home/usuario/Documentos/GitHub/IR2117/tb3_ws/src/obstacles', 'symlink_install': False, 'test_result_base': None}
[0.268s] Level 5:colcon.colcon_core.verb:set package 'robot_trajectory' build argument 'cmake_args' from command line to 'None'
[0.268s] Level 5:colcon.colcon_core.verb:set package 'robot_trajectory' build argument 'cmake_target' from command line to 'None'
[0.268s] Level 5:colcon.colcon_core.verb:set package 'robot_trajectory' build argument 'cmake_target_skip_unavailable' from command line to 'False'
[0.268s] Level 5:colcon.colcon_core.verb:set package 'robot_trajectory' build argument 'cmake_clean_cache' from command line to 'False'
[0.268s] Level 5:colcon.colcon_core.verb:set package 'robot_trajectory' build argument 'cmake_clean_first' from command line to 'False'
[0.268s] Level 5:colcon.colcon_core.verb:set package 'robot_trajectory' build argument 'cmake_force_configure' from command line to 'False'
[0.268s] Level 5:colcon.colcon_core.verb:set package 'robot_trajectory' build argument 'ament_cmake_args' from command line to 'None'
[0.268s] Level 5:colcon.colcon_core.verb:set package 'robot_trajectory' build argument 'catkin_cmake_args' from command line to 'None'
[0.268s] Level 5:colcon.colcon_core.verb:set package 'robot_trajectory' build argument 'catkin_skip_building_tests' from command line to 'False'
[0.268s] DEBUG:colcon.colcon_core.verb:Building package 'robot_trajectory' with the following arguments: {'ament_cmake_args': None, 'build_base': '/home/usuario/Documentos/GitHub/IR2117/tb3_ws/build/robot_trajectory', 'catkin_cmake_args': None, 'catkin_skip_building_tests': False, 'cmake_args': None, 'cmake_clean_cache': False, 'cmake_clean_first': False, 'cmake_force_configure': False, 'cmake_target': None, 'cmake_target_skip_unavailable': False, 'install_base': '/home/usuario/Documentos/GitHub/IR2117/tb3_ws/install/robot_trajectory', 'merge_install': False, 'path': '/home/usuario/Documentos/GitHub/IR2117/tb3_ws/src/robot_trajectory', 'symlink_install': False, 'test_result_base': None}
[0.269s] INFO:colcon.colcon_core.executor:Executing jobs using 'parallel' executor
[0.274s] DEBUG:colcon.colcon_parallel_executor.executor.parallel:run_until_complete
[0.274s] INFO:colcon.colcon_ros.task.ament_cmake.build:Building ROS package in '/home/usuario/Documentos/GitHub/IR2117/tb3_ws/src/obstacles' with build type 'ament_cmake'
[0.275s] INFO:colcon.colcon_cmake.task.cmake.build:Building CMake package in '/home/usuario/Documentos/GitHub/IR2117/tb3_ws/src/obstacles'
[0.282s] INFO:colcon.colcon_core.plugin_system:Skipping extension 'colcon_core.shell.bat': Not used on non-Windows systems
[0.282s] INFO:colcon.colcon_core.shell:Skip shell extension 'powershell' for command environment: Not usable outside of PowerShell
[0.282s] DEBUG:colcon.colcon_core.shell:Skip shell extension 'dsv' for command environment
[0.292s] INFO:colcon.colcon_ros.task.ament_cmake.build:Building ROS package in '/home/usuario/Documentos/GitHub/IR2117/tb3_ws/src/robot_trajectory' with build type 'ament_cmake'
[0.292s] INFO:colcon.colcon_cmake.task.cmake.build:Building CMake package in '/home/usuario/Documentos/GitHub/IR2117/tb3_ws/src/robot_trajectory'
[0.295s] INFO:colcon.colcon_core.shell:Skip shell extension 'powershell' for command environment: Not usable outside of PowerShell
[0.295s] DEBUG:colcon.colcon_core.shell:Skip shell extension 'dsv' for command environment
[0.311s] DEBUG:colcon.colcon_core.event_handler.log_command:Invoking command in '/home/usuario/Documentos/GitHub/IR2117/tb3_ws/build/obstacles': CMAKE_PREFIX_PATH=${CMAKE_PREFIX_PATH}:/opt/ros/foxy /usr/bin/cmake --build /home/usuario/Documentos/GitHub/IR2117/tb3_ws/build/obstacles -- -j6 -l6
[0.315s] DEBUG:colcon.colcon_core.event_handler.log_command:Invoking command in '/home/usuario/Documentos/GitHub/IR2117/tb3_ws/build/robot_trajectory': CMAKE_PREFIX_PATH=${CMAKE_PREFIX_PATH}:/opt/ros/foxy /usr/bin/cmake --build /home/usuario/Documentos/GitHub/IR2117/tb3_ws/build/robot_trajectory -- -j6 -l6
[0.366s] DEBUG:colcon.colcon_core.event_handler.log_command:Invoked command in '/home/usuario/Documentos/GitHub/IR2117/tb3_ws/build/robot_trajectory' returned '0': CMAKE_PREFIX_PATH=${CMAKE_PREFIX_PATH}:/opt/ros/foxy /usr/bin/cmake --build /home/usuario/Documentos/GitHub/IR2117/tb3_ws/build/robot_trajectory -- -j6 -l6
[0.390s] DEBUG:colcon.colcon_core.event_handler.log_command:Invoking command in '/home/usuario/Documentos/GitHub/IR2117/tb3_ws/build/robot_trajectory': CMAKE_PREFIX_PATH=${CMAKE_PREFIX_PATH}:/opt/ros/foxy /usr/bin/cmake --install /home/usuario/Documentos/GitHub/IR2117/tb3_ws/build/robot_trajectory
[0.406s] Level 1:colcon.colcon_core.environment:create_environment_scripts_only(robot_trajectory)
[0.408s] DEBUG:colcon.colcon_core.event_handler.log_command:Invoked command in '/home/usuario/Documentos/GitHub/IR2117/tb3_ws/build/robot_trajectory' returned '0': CMAKE_PREFIX_PATH=${CMAKE_PREFIX_PATH}:/opt/ros/foxy /usr/bin/cmake --install /home/usuario/Documentos/GitHub/IR2117/tb3_ws/build/robot_trajectory
[0.412s] Level 1:colcon.colcon_core.environment:checking '/home/usuario/Documentos/GitHub/IR2117/tb3_ws/install/robot_trajectory' for CMake module files
[0.413s] Level 1:colcon.colcon_core.environment:checking '/home/usuario/Documentos/GitHub/IR2117/tb3_ws/install/robot_trajectory' for CMake config files
[0.413s] Level 1:colcon.colcon_core.shell:create_environment_hook('robot_trajectory', 'cmake_prefix_path')
[0.415s] INFO:colcon.colcon_core.shell:Creating environment hook '/home/usuario/Documentos/GitHub/IR2117/tb3_ws/install/robot_trajectory/share/robot_trajectory/hook/cmake_prefix_path.ps1'
[0.416s] INFO:colcon.colcon_core.shell:Creating environment descriptor '/home/usuario/Documentos/GitHub/IR2117/tb3_ws/install/robot_trajectory/share/robot_trajectory/hook/cmake_prefix_path.dsv'
[0.416s] INFO:colcon.colcon_core.shell:Creating environment hook '/home/usuario/Documentos/GitHub/IR2117/tb3_ws/install/robot_trajectory/share/robot_trajectory/hook/cmake_prefix_path.sh'
[0.417s] Level 1:colcon.colcon_core.environment:checking '/home/usuario/Documentos/GitHub/IR2117/tb3_ws/install/robot_trajectory/lib'
[0.417s] Level 1:colcon.colcon_core.environment:checking '/home/usuario/Documentos/GitHub/IR2117/tb3_ws/install/robot_trajectory/bin'
[0.418s] Level 1:colcon.colcon_core.environment:checking '/home/usuario/Documentos/GitHub/IR2117/tb3_ws/install/robot_trajectory/lib/pkgconfig/robot_trajectory.pc'
[0.418s] Level 1:colcon.colcon_core.environment:checking '/home/usuario/Documentos/GitHub/IR2117/tb3_ws/install/robot_trajectory/lib/python3.8/site-packages'
[0.418s] Level 1:colcon.colcon_core.environment:checking '/home/usuario/Documentos/GitHub/IR2117/tb3_ws/install/robot_trajectory/bin'
[0.420s] INFO:colcon.colcon_core.shell:Creating package script '/home/usuario/Documentos/GitHub/IR2117/tb3_ws/install/robot_trajectory/share/robot_trajectory/package.ps1'
[0.421s] INFO:colcon.colcon_core.shell:Creating package descriptor '/home/usuario/Documentos/GitHub/IR2117/tb3_ws/install/robot_trajectory/share/robot_trajectory/package.dsv'
[0.421s] INFO:colcon.colcon_core.shell:Creating package script '/home/usuario/Documentos/GitHub/IR2117/tb3_ws/install/robot_trajectory/share/robot_trajectory/package.sh'
[0.422s] INFO:colcon.colcon_core.shell:Creating package script '/home/usuario/Documentos/GitHub/IR2117/tb3_ws/install/robot_trajectory/share/robot_trajectory/package.bash'
[0.423s] INFO:colcon.colcon_core.shell:Creating package script '/home/usuario/Documentos/GitHub/IR2117/tb3_ws/install/robot_trajectory/share/robot_trajectory/package.zsh'
[0.423s] Level 1:colcon.colcon_core.environment:create_file_with_runtime_dependencies(/home/usuario/Documentos/GitHub/IR2117/tb3_ws/install/robot_trajectory/share/colcon-core/packages/robot_trajectory)
[0.443s] Level 1:colcon.colcon_core.environment:create_environment_scripts_only(robot_trajectory)
[0.446s] Level 1:colcon.colcon_core.environment:checking '/home/usuario/Documentos/GitHub/IR2117/tb3_ws/install/robot_trajectory' for CMake module files
[0.447s] Level 1:colcon.colcon_core.environment:checking '/home/usuario/Documentos/GitHub/IR2117/tb3_ws/install/robot_trajectory' for CMake config files
[0.447s] Level 1:colcon.colcon_core.shell:create_environment_hook('robot_trajectory', 'cmake_prefix_path')
[0.449s] INFO:colcon.colcon_core.shell:Creating environment hook '/home/usuario/Documentos/GitHub/IR2117/tb3_ws/install/robot_trajectory/share/robot_trajectory/hook/cmake_prefix_path.ps1'
[0.450s] INFO:colcon.colcon_core.shell:Creating environment descriptor '/home/usuario/Documentos/GitHub/IR2117/tb3_ws/install/robot_trajectory/share/robot_trajectory/hook/cmake_prefix_path.dsv'
[0.450s] INFO:colcon.colcon_core.shell:Creating environment hook '/home/usuario/Documentos/GitHub/IR2117/tb3_ws/install/robot_trajectory/share/robot_trajectory/hook/cmake_prefix_path.sh'
[0.451s] Level 1:colcon.colcon_core.environment:checking '/home/usuario/Documentos/GitHub/IR2117/tb3_ws/install/robot_trajectory/lib'
[0.451s] Level 1:colcon.colcon_core.environment:checking '/home/usuario/Documentos/GitHub/IR2117/tb3_ws/install/robot_trajectory/bin'
[0.451s] Level 1:colcon.colcon_core.environment:checking '/home/usuario/Documentos/GitHub/IR2117/tb3_ws/install/robot_trajectory/lib/pkgconfig/robot_trajectory.pc'
[0.451s] Level 1:colcon.colcon_core.environment:checking '/home/usuario/Documentos/GitHub/IR2117/tb3_ws/install/robot_trajectory/lib/python3.8/site-packages'
[0.451s] Level 1:colcon.colcon_core.environment:checking '/home/usuario/Documentos/GitHub/IR2117/tb3_ws/install/robot_trajectory/bin'
[0.453s] INFO:colcon.colcon_core.shell:Creating package script '/home/usuario/Documentos/GitHub/IR2117/tb3_ws/install/robot_trajectory/share/robot_trajectory/package.ps1'
[0.454s] INFO:colcon.colcon_core.shell:Creating package descriptor '/home/usuario/Documentos/GitHub/IR2117/tb3_ws/install/robot_trajectory/share/robot_trajectory/package.dsv'
[0.454s] INFO:colcon.colcon_core.shell:Creating package script '/home/usuario/Documentos/GitHub/IR2117/tb3_ws/install/robot_trajectory/share/robot_trajectory/package.sh'
[0.455s] INFO:colcon.colcon_core.shell:Creating package script '/home/usuario/Documentos/GitHub/IR2117/tb3_ws/install/robot_trajectory/share/robot_trajectory/package.bash'
[0.455s] INFO:colcon.colcon_core.shell:Creating package script '/home/usuario/Documentos/GitHub/IR2117/tb3_ws/install/robot_trajectory/share/robot_trajectory/package.zsh'
[0.455s] Level 1:colcon.colcon_core.environment:create_file_with_runtime_dependencies(/home/usuario/Documentos/GitHub/IR2117/tb3_ws/install/robot_trajectory/share/colcon-core/packages/robot_trajectory)
[4.792s] DEBUG:colcon.colcon_core.event_handler.log_command:Invoked command in '/home/usuario/Documentos/GitHub/IR2117/tb3_ws/build/obstacles' returned '0': CMAKE_PREFIX_PATH=${CMAKE_PREFIX_PATH}:/opt/ros/foxy /usr/bin/cmake --build /home/usuario/Documentos/GitHub/IR2117/tb3_ws/build/obstacles -- -j6 -l6
[4.815s] DEBUG:colcon.colcon_core.event_handler.log_command:Invoking command in '/home/usuario/Documentos/GitHub/IR2117/tb3_ws/build/obstacles': CMAKE_PREFIX_PATH=${CMAKE_PREFIX_PATH}:/opt/ros/foxy /usr/bin/cmake --install /home/usuario/Documentos/GitHub/IR2117/tb3_ws/build/obstacles
[4.855s] Level 1:colcon.colcon_core.environment:create_environment_scripts_only(obstacles)
[4.862s] Level 1:colcon.colcon_core.environment:checking '/home/usuario/Documentos/GitHub/IR2117/tb3_ws/install/obstacles' for CMake module files
[4.862s] DEBUG:colcon.colcon_core.event_handler.log_command:Invoked command in '/home/usuario/Documentos/GitHub/IR2117/tb3_ws/build/obstacles' returned '0': CMAKE_PREFIX_PATH=${CMAKE_PREFIX_PATH}:/opt/ros/foxy /usr/bin/cmake --install /home/usuario/Documentos/GitHub/IR2117/tb3_ws/build/obstacles
[4.862s] Level 1:colcon.colcon_core.environment:checking '/home/usuario/Documentos/GitHub/IR2117/tb3_ws/install/obstacles' for CMake config files
[4.863s] Level 1:colcon.colcon_core.shell:create_environment_hook('obstacles', 'cmake_prefix_path')
[4.864s] INFO:colcon.colcon_core.shell:Creating environment hook '/home/usuario/Documentos/GitHub/IR2117/tb3_ws/install/obstacles/share/obstacles/hook/cmake_prefix_path.ps1'
[4.865s] INFO:colcon.colcon_core.shell:Creating environment descriptor '/home/usuario/Documentos/GitHub/IR2117/tb3_ws/install/obstacles/share/obstacles/hook/cmake_prefix_path.dsv'
[4.865s] INFO:colcon.colcon_core.shell:Creating environment hook '/home/usuario/Documentos/GitHub/IR2117/tb3_ws/install/obstacles/share/obstacles/hook/cmake_prefix_path.sh'
[4.866s] Level 1:colcon.colcon_core.environment:checking '/home/usuario/Documentos/GitHub/IR2117/tb3_ws/install/obstacles/lib'
[4.866s] Level 1:colcon.colcon_core.environment:checking '/home/usuario/Documentos/GitHub/IR2117/tb3_ws/install/obstacles/bin'
[4.866s] Level 1:colcon.colcon_core.environment:checking '/home/usuario/Documentos/GitHub/IR2117/tb3_ws/install/obstacles/lib/pkgconfig/obstacles.pc'
[4.866s] Level 1:colcon.colcon_core.environment:checking '/home/usuario/Documentos/GitHub/IR2117/tb3_ws/install/obstacles/lib/python3.8/site-packages'
[4.866s] Level 1:colcon.colcon_core.environment:checking '/home/usuario/Documentos/GitHub/IR2117/tb3_ws/install/obstacles/bin'
[4.868s] INFO:colcon.colcon_core.shell:Creating package script '/home/usuario/Documentos/GitHub/IR2117/tb3_ws/install/obstacles/share/obstacles/package.ps1'
[4.869s] INFO:colcon.colcon_core.shell:Creating package descriptor '/home/usuario/Documentos/GitHub/IR2117/tb3_ws/install/obstacles/share/obstacles/package.dsv'
[4.869s] INFO:colcon.colcon_core.shell:Creating package script '/home/usuario/Documentos/GitHub/IR2117/tb3_ws/install/obstacles/share/obstacles/package.sh'
[4.870s] INFO:colcon.colcon_core.shell:Creating package script '/home/usuario/Documentos/GitHub/IR2117/tb3_ws/install/obstacles/share/obstacles/package.bash'
[4.870s] INFO:colcon.colcon_core.shell:Creating package script '/home/usuario/Documentos/GitHub/IR2117/tb3_ws/install/obstacles/share/obstacles/package.zsh'
[4.870s] Level 1:colcon.colcon_core.environment:create_file_with_runtime_dependencies(/home/usuario/Documentos/GitHub/IR2117/tb3_ws/install/obstacles/share/colcon-core/packages/obstacles)
[4.897s] Level 1:colcon.colcon_core.environment:create_environment_scripts_only(obstacles)
[4.901s] Level 1:colcon.colcon_core.environment:checking '/home/usuario/Documentos/GitHub/IR2117/tb3_ws/install/obstacles' for CMake module files
[4.902s] Level 1:colcon.colcon_core.environment:checking '/home/usuario/Documentos/GitHub/IR2117/tb3_ws/install/obstacles' for CMake config files
[4.902s] Level 1:colcon.colcon_core.shell:create_environment_hook('obstacles', 'cmake_prefix_path')
[4.905s] INFO:colcon.colcon_core.shell:Creating environment hook '/home/usuario/Documentos/GitHub/IR2117/tb3_ws/install/obstacles/share/obstacles/hook/cmake_prefix_path.ps1'
[4.906s] INFO:colcon.colcon_core.shell:Creating environment descriptor '/home/usuario/Documentos/GitHub/IR2117/tb3_ws/install/obstacles/share/obstacles/hook/cmake_prefix_path.dsv'
[4.907s] INFO:colcon.colcon_core.shell:Creating environment hook '/home/usuario/Documentos/GitHub/IR2117/tb3_ws/install/obstacles/share/obstacles/hook/cmake_prefix_path.sh'
[4.907s] Level 1:colcon.colcon_core.environment:checking '/home/usuario/Documentos/GitHub/IR2117/tb3_ws/install/obstacles/lib'
[4.907s] Level 1:colcon.colcon_core.environment:checking '/home/usuario/Documentos/GitHub/IR2117/tb3_ws/install/obstacles/bin'
[4.907s] Level 1:colcon.colcon_core.environment:checking '/home/usuario/Documentos/GitHub/IR2117/tb3_ws/install/obstacles/lib/pkgconfig/obstacles.pc'
[4.908s] Level 1:colcon.colcon_core.environment:checking '/home/usuario/Documentos/GitHub/IR2117/tb3_ws/install/obstacles/lib/python3.8/site-packages'
[4.908s] Level 1:colcon.colcon_core.environment:checking '/home/usuario/Documentos/GitHub/IR2117/tb3_ws/install/obstacles/bin'
[4.910s] INFO:colcon.colcon_core.shell:Creating package script '/home/usuario/Documentos/GitHub/IR2117/tb3_ws/install/obstacles/share/obstacles/package.ps1'
[4.911s] INFO:colcon.colcon_core.shell:Creating package descriptor '/home/usuario/Documentos/GitHub/IR2117/tb3_ws/install/obstacles/share/obstacles/package.dsv'
[4.911s] INFO:colcon.colcon_core.shell:Creating package script '/home/usuario/Documentos/GitHub/IR2117/tb3_ws/install/obstacles/share/obstacles/package.sh'
[4.911s] INFO:colcon.colcon_core.shell:Creating package script '/home/usuario/Documentos/GitHub/IR2117/tb3_ws/install/obstacles/share/obstacles/package.bash'
[4.912s] INFO:colcon.colcon_core.shell:Creating package script '/home/usuario/Documentos/GitHub/IR2117/tb3_ws/install/obstacles/share/obstacles/package.zsh'
[4.912s] Level 1:colcon.colcon_core.environment:create_file_with_runtime_dependencies(/home/usuario/Documentos/GitHub/IR2117/tb3_ws/install/obstacles/share/colcon-core/packages/obstacles)
[4.912s] DEBUG:colcon.colcon_parallel_executor.executor.parallel:closing loop
[4.912s] DEBUG:colcon.colcon_parallel_executor.executor.parallel:loop closed
[4.913s] DEBUG:colcon.colcon_parallel_executor.executor.parallel:run_until_complete finished with '0'
[4.913s] DEBUG:colcon.colcon_core.event_reactor:joining thread
[4.919s] INFO:colcon.colcon_core.plugin_system:Skipping extension 'colcon_notification.desktop_notification.terminal_notifier': Not used on non-Darwin systems
[4.919s] INFO:colcon.colcon_core.plugin_system:Skipping extension 'colcon_notification.desktop_notification.win32': Not used on non-Windows systems
[4.919s] INFO:colcon.colcon_notification.desktop_notification:Sending desktop notification using 'notify2'
[4.935s] DEBUG:colcon.colcon_core.event_reactor:joined thread
[4.937s] INFO:colcon.colcon_core.shell:Creating prefix script '/home/usuario/Documentos/GitHub/IR2117/tb3_ws/install/local_setup.ps1'
[4.938s] INFO:colcon.colcon_core.shell:Creating prefix util module '/home/usuario/Documentos/GitHub/IR2117/tb3_ws/install/_local_setup_util_ps1.py'
[4.940s] INFO:colcon.colcon_core.shell:Creating prefix chain script '/home/usuario/Documentos/GitHub/IR2117/tb3_ws/install/setup.ps1'
[4.943s] INFO:colcon.colcon_core.shell:Creating prefix script '/home/usuario/Documentos/GitHub/IR2117/tb3_ws/install/local_setup.sh'
[4.943s] INFO:colcon.colcon_core.shell:Creating prefix util module '/home/usuario/Documentos/GitHub/IR2117/tb3_ws/install/_local_setup_util_sh.py'
[4.944s] INFO:colcon.colcon_core.shell:Creating prefix chain script '/home/usuario/Documentos/GitHub/IR2117/tb3_ws/install/setup.sh'
[4.946s] INFO:colcon.colcon_core.shell:Creating prefix script '/home/usuario/Documentos/GitHub/IR2117/tb3_ws/install/local_setup.bash'
[4.946s] INFO:colcon.colcon_core.shell:Creating prefix chain script '/home/usuario/Documentos/GitHub/IR2117/tb3_ws/install/setup.bash'
[4.949s] INFO:colcon.colcon_core.shell:Creating prefix script '/home/usuario/Documentos/GitHub/IR2117/tb3_ws/install/local_setup.zsh'
[4.949s] INFO:colcon.colcon_core.shell:Creating prefix chain script '/home/usuario/Documentos/GitHub/IR2117/tb3_ws/install/setup.zsh'
