[0.015s] Invoking command in '/home/albertgm13/Documentos/GitHub/IR2117/tb3_ws/build/olympic': CMAKE_PREFIX_PATH=${CMAKE_PREFIX_PATH}:/opt/ros/foxy /usr/bin/cmake --build /home/albertgm13/Documentos/GitHub/IR2117/tb3_ws/build/olympic -- -j1 -l1
[0.061s] [35m[1mScanning dependencies of target rings[0m
[0.093s] [ 50%] [32mBuilding CXX object CMakeFiles/rings.dir/src/rings.cpp.o[0m
[2.660s] [100%] [32m[1mLinking CXX executable rings[0m
[2.797s] [100%] Built target rings
[2.811s] Invoked command in '/home/albertgm13/Documentos/GitHub/IR2117/tb3_ws/build/olympic' returned '0': CMAKE_PREFIX_PATH=${CMAKE_PREFIX_PATH}:/opt/ros/foxy /usr/bin/cmake --build /home/albertgm13/Documentos/GitHub/IR2117/tb3_ws/build/olympic -- -j1 -l1
[2.837s] Invoking command in '/home/albertgm13/Documentos/GitHub/IR2117/tb3_ws/build/olympic': CMAKE_PREFIX_PATH=${CMAKE_PREFIX_PATH}:/opt/ros/foxy /usr/bin/cmake --install /home/albertgm13/Documentos/GitHub/IR2117/tb3_ws/build/olympic
[2.846s] -- Install configuration: ""
[2.847s] -- Installing: /home/albertgm13/Documentos/GitHub/IR2117/tb3_ws/install/olympic/lib/olympic/rings
[2.848s] -- Set runtime path of "/home/albertgm13/Documentos/GitHub/IR2117/tb3_ws/install/olympic/lib/olympic/rings" to ""
[2.848s] -- Up-to-date: /home/albertgm13/Documentos/GitHub/IR2117/tb3_ws/install/olympic/share/ament_index/resource_index/package_run_dependencies/olympic
[2.848s] -- Up-to-date: /home/albertgm13/Documentos/GitHub/IR2117/tb3_ws/install/olympic/share/ament_index/resource_index/parent_prefix_path/olympic
[2.848s] -- Up-to-date: /home/albertgm13/Documentos/GitHub/IR2117/tb3_ws/install/olympic/share/olympic/environment/ament_prefix_path.sh
[2.849s] -- Up-to-date: /home/albertgm13/Documentos/GitHub/IR2117/tb3_ws/install/olympic/share/olympic/environment/ament_prefix_path.dsv
[2.849s] -- Up-to-date: /home/albertgm13/Documentos/GitHub/IR2117/tb3_ws/install/olympic/share/olympic/environment/path.sh
[2.849s] -- Up-to-date: /home/albertgm13/Documentos/GitHub/IR2117/tb3_ws/install/olympic/share/olympic/environment/path.dsv
[2.849s] -- Up-to-date: /home/albertgm13/Documentos/GitHub/IR2117/tb3_ws/install/olympic/share/olympic/local_setup.bash
[2.849s] -- Up-to-date: /home/albertgm13/Documentos/GitHub/IR2117/tb3_ws/install/olympic/share/olympic/local_setup.sh
[2.850s] -- Up-to-date: /home/albertgm13/Documentos/GitHub/IR2117/tb3_ws/install/olympic/share/olympic/local_setup.zsh
[2.850s] -- Up-to-date: /home/albertgm13/Documentos/GitHub/IR2117/tb3_ws/install/olympic/share/olympic/local_setup.dsv
[2.850s] -- Installing: /home/albertgm13/Documentos/GitHub/IR2117/tb3_ws/install/olympic/share/olympic/package.dsv
[2.850s] -- Up-to-date: /home/albertgm13/Documentos/GitHub/IR2117/tb3_ws/install/olympic/share/ament_index/resource_index/packages/olympic
[2.850s] -- Up-to-date: /home/albertgm13/Documentos/GitHub/IR2117/tb3_ws/install/olympic/share/olympic/cmake/olympicConfig.cmake
[2.850s] -- Up-to-date: /home/albertgm13/Documentos/GitHub/IR2117/tb3_ws/install/olympic/share/olympic/cmake/olympicConfig-version.cmake
[2.851s] -- Up-to-date: /home/albertgm13/Documentos/GitHub/IR2117/tb3_ws/install/olympic/share/olympic/package.xml
[2.854s] Invoked command in '/home/albertgm13/Documentos/GitHub/IR2117/tb3_ws/build/olympic' returned '0': CMAKE_PREFIX_PATH=${CMAKE_PREFIX_PATH}:/opt/ros/foxy /usr/bin/cmake --install /home/albertgm13/Documentos/GitHub/IR2117/tb3_ws/build/olympic
