[35m[1mScanning dependencies of target detector[0m
[ 50%] [32mBuilding CXX object CMakeFiles/detector.dir/detector.cpp.o[0m
[100%] [32m[1mLinking CXX executable detector[0m
[100%] Built target detector
-- Install configuration: ""
-- Installing: /home/albertgm13/Documentos/GitHub/IR2117/tb3_ws/install/obstacles/lib/obstacles/detector
-- Set runtime path of "/home/albertgm13/Documentos/GitHub/IR2117/tb3_ws/install/obstacles/lib/obstacles/detector" to ""
-- Installing: /home/albertgm13/Documentos/GitHub/IR2117/tb3_ws/install/obstacles/share/obstacles/launch
-- Installing: /home/albertgm13/Documentos/GitHub/IR2117/tb3_ws/install/obstacles/share/obstacles/launch/.gitignore
-- Installing: /home/albertgm13/Documentos/GitHub/IR2117/tb3_ws/install/obstacles/share/obstacles/launch/detector_test.launch.py
-- Up-to-date: /home/albertgm13/Documentos/GitHub/IR2117/tb3_ws/install/obstacles/share/ament_index/resource_index/package_run_dependencies/obstacles
-- Installing: /home/albertgm13/Documentos/GitHub/IR2117/tb3_ws/install/obstacles/share/ament_index/resource_index/parent_prefix_path/obstacles
-- Up-to-date: /home/albertgm13/Documentos/GitHub/IR2117/tb3_ws/install/obstacles/share/obstacles/environment/ament_prefix_path.sh
-- Installing: /home/albertgm13/Documentos/GitHub/IR2117/tb3_ws/install/obstacles/share/obstacles/environment/ament_prefix_path.dsv
-- Up-to-date: /home/albertgm13/Documentos/GitHub/IR2117/tb3_ws/install/obstacles/share/obstacles/environment/path.sh
-- Installing: /home/albertgm13/Documentos/GitHub/IR2117/tb3_ws/install/obstacles/share/obstacles/environment/path.dsv
-- Up-to-date: /home/albertgm13/Documentos/GitHub/IR2117/tb3_ws/install/obstacles/share/obstacles/local_setup.bash
-- Up-to-date: /home/albertgm13/Documentos/GitHub/IR2117/tb3_ws/install/obstacles/share/obstacles/local_setup.sh
-- Up-to-date: /home/albertgm13/Documentos/GitHub/IR2117/tb3_ws/install/obstacles/share/obstacles/local_setup.zsh
-- Installing: /home/albertgm13/Documentos/GitHub/IR2117/tb3_ws/install/obstacles/share/obstacles/local_setup.dsv
-- Installing: /home/albertgm13/Documentos/GitHub/IR2117/tb3_ws/install/obstacles/share/obstacles/package.dsv
-- Up-to-date: /home/albertgm13/Documentos/GitHub/IR2117/tb3_ws/install/obstacles/share/ament_index/resource_index/packages/obstacles
-- Up-to-date: /home/albertgm13/Documentos/GitHub/IR2117/tb3_ws/install/obstacles/share/obstacles/cmake/obstaclesConfig.cmake
-- Up-to-date: /home/albertgm13/Documentos/GitHub/IR2117/tb3_ws/install/obstacles/share/obstacles/cmake/obstaclesConfig-version.cmake
-- Up-to-date: /home/albertgm13/Documentos/GitHub/IR2117/tb3_ws/install/obstacles/share/obstacles/package.xml
