[0.015s] Invoking command in '/home/albertgm13/Documentos/GitHub/IR2117/tb3_ws/build/olympic': CMAKE_PREFIX_PATH=${CMAKE_PREFIX_PATH}:/opt/ros/foxy /usr/bin/cmake --build /home/albertgm13/Documentos/GitHub/IR2117/tb3_ws/build/olympic -- -j1 -l1
[0.075s] [35m[1mScanning dependencies of target rings[0m
[0.105s] [ 50%] [32mBuilding CXX object CMakeFiles/rings.dir/src/rings.cpp.o[0m
[1.403s] [01m[K/home/albertgm13/Documentos/GitHub/IR2117/tb3_ws/olympic/src/rings.cpp:[m[K In function ‘[01m[Kint main(int, char**)[m[K’:
[1.403s] [01m[K/home/albertgm13/Documentos/GitHub/IR2117/tb3_ws/olympic/src/rings.cpp:26:17:[m[K [01;31m[Kerror: [m[K‘[01m[Kexample_interfaces[m[K’ was not declared in this scope; did you mean ‘[01m[Krcl_interfaces[m[K’?
[1.403s]    26 |  rclcpp::Client<[01;31m[Kexample_interfaces[m[K::srv::AddTwoInts>::SharedPtr clientsetpen =
[1.403s]       |                 [01;31m[K^~~~~~~~~~~~~~~~~~[m[K
[1.403s]       |                 [32m[Krcl_interfaces[m[K
[1.403s] [01m[K/home/albertgm13/Documentos/GitHub/IR2117/tb3_ws/olympic/src/rings.cpp:26:52:[m[K [01;31m[Kerror: [m[Ktemplate argument 1 is invalid
[1.403s]    26 |  rclcpp::Client<example_interfaces::srv::AddTwoInts[01;31m[K>[m[K::SharedPtr clientsetpen =
[1.403s]       |                                                    [01;31m[K^[m[K
[1.403s] [01m[K/home/albertgm13/Documentos/GitHub/IR2117/tb3_ws/olympic/src/rings.cpp:26:65:[m[K [01;31m[Kerror: [m[Kqualified-id in declaration before ‘[01m[Kclientsetpen[m[K’
[1.404s]    26 |  rclcpp::Client<example_interfaces::srv::AddTwoInts>::SharedPtr [01;31m[Kclientsetpen[m[K =
[1.404s]       |                                                                 [01;31m[K^~~~~~~~~~~~[m[K
[1.404s] [01m[K/home/albertgm13/Documentos/GitHub/IR2117/tb3_ws/olympic/src/rings.cpp:29:63:[m[K [01;31m[Kerror: [m[Kfound ‘[01m[K:[m[K’ in nested-name-specifier, expected ‘[01m[K::[m[K’
[1.404s]    29 |   auto requestsetpen = std::make_shared<turtlesim::srv::SetPen[01;31m[K:[m[KRequest>();
[1.404s]       |                                                               [01;31m[K^[m[K
[1.404s]       |                                                               [32m[K::[m[K
[1.408s] [01m[K/home/albertgm13/Documentos/GitHub/IR2117/tb3_ws/olympic/src/rings.cpp:38:11:[m[K [01;31m[Kerror: [m[K‘[01m[Kclient[m[K’ was not declared in this scope
[1.408s]    38 |   while (![01;31m[Kclient[m[K->wait_for_service(1s)) {
[1.409s]       |           [01;31m[K^~~~~~[m[K
[1.411s] [01m[K/home/albertgm13/Documentos/GitHub/IR2117/tb3_ws/olympic/src/rings.cpp:46:23:[m[K [01;31m[Kerror: [m[K‘[01m[Kclient[m[K’ was not declared in this scope
[1.411s]    46 |   auto resultsetpen = [01;31m[Kclient[m[K->async_send_request(requestsetpen);
[1.411s]       |                       [01;31m[K^~~~~~[m[K
[2.210s] make[2]: *** [CMakeFiles/rings.dir/build.make:63: CMakeFiles/rings.dir/src/rings.cpp.o] Error 1
[2.212s] make[1]: *** [CMakeFiles/Makefile2:78: CMakeFiles/rings.dir/all] Error 2
[2.213s] make: *** [Makefile:141: all] Error 2
[2.215s] Invoked command in '/home/albertgm13/Documentos/GitHub/IR2117/tb3_ws/build/olympic' returned '2': CMAKE_PREFIX_PATH=${CMAKE_PREFIX_PATH}:/opt/ros/foxy /usr/bin/cmake --build /home/albertgm13/Documentos/GitHub/IR2117/tb3_ws/build/olympic -- -j1 -l1
