[0.024s] Invoking command in '/home/albertgm13/Documentos/GitHub/IR2117/tb3_ws/build/olympic': CMAKE_PREFIX_PATH=${CMAKE_PREFIX_PATH}:/opt/ros/foxy LD_LIBRARY_PATH=/home/albertgm13/Documentos/GitHub/IR2117/tb3_ws/install/olympics_interfaces/lib:${LD_LIBRARY_PATH} PYTHONPATH=/home/albertgm13/Documentos/GitHub/IR2117/tb3_ws/install/olympics_interfaces/lib/python3.8/site-packages:${PYTHONPATH} /usr/bin/cmake --build /home/albertgm13/Documentos/GitHub/IR2117/tb3_ws/build/olympic -- -j1 -l1
[0.124s] [35m[1mScanning dependencies of target rings_action_client[0m
[0.159s] [ 16%] [32mBuilding CXX object CMakeFiles/rings_action_client.dir/src/rings_action_client.cpp.o[0m
[3.047s] [ 33%] [32m[1mLinking CXX executable rings_action_client[0m
[3.217s] [ 33%] Built target rings_action_client
[3.233s] [35m[1mScanning dependencies of target rings_action_server[0m
[3.255s] [ 50%] [32mBuilding CXX object CMakeFiles/rings_action_server.dir/src/rings_action_server.cpp.o[0m
[4.420s] [01m[K/home/albertgm13/Documentos/GitHub/IR2117/tb3_ws/olympic/src/rings_action_server.cpp:[m[K In function ‘[01m[Kvoid execute(std::shared_ptr<rclcpp_action::ServerGoalHandle<olympics_interfaces::action::Rings> >)[m[K’:
[4.420s] [01m[K/home/albertgm13/Documentos/GitHub/IR2117/tb3_ws/olympic/src/rings_action_server.cpp:178:15:[m[K [01;31m[Kerror: [m[Kexpected ‘[01m[K;[m[K’ before ‘[01m[K}[m[K’ token
[4.420s]   178 |         ang=90
[4.420s]       |               [01;31m[K^[m[K
[4.421s]       |               [32m[K;[m[K
[4.421s]   179 |       [32m[K}[m[K
[4.421s]       |       [32m[K~[m[K        
[4.421s] [01m[K/home/albertgm13/Documentos/GitHub/IR2117/tb3_ws/olympic/src/rings_action_server.cpp:170:12:[m[K [01;35m[Kwarning: [m[Kunused variable ‘[01m[Kang[m[K’ [[01;35m[K-Wunused-variable[m[K]
[4.422s]   170 |     double [01;35m[Kang[m[K=m/360;
[4.422s]       |            [01;35m[K^~~[m[K
[5.593s] make[2]: *** [CMakeFiles/rings_action_server.dir/build.make:63: CMakeFiles/rings_action_server.dir/src/rings_action_server.cpp.o] Error 1
[5.598s] make[1]: *** [CMakeFiles/Makefile2:109: CMakeFiles/rings_action_server.dir/all] Error 2
[5.598s] make: *** [Makefile:141: all] Error 2
[5.598s] Invoked command in '/home/albertgm13/Documentos/GitHub/IR2117/tb3_ws/build/olympic' returned '2': CMAKE_PREFIX_PATH=${CMAKE_PREFIX_PATH}:/opt/ros/foxy LD_LIBRARY_PATH=/home/albertgm13/Documentos/GitHub/IR2117/tb3_ws/install/olympics_interfaces/lib:${LD_LIBRARY_PATH} PYTHONPATH=/home/albertgm13/Documentos/GitHub/IR2117/tb3_ws/install/olympics_interfaces/lib/python3.8/site-packages:${PYTHONPATH} /usr/bin/cmake --build /home/albertgm13/Documentos/GitHub/IR2117/tb3_ws/build/olympic -- -j1 -l1
