[35m[1mScanning dependencies of target rings[0m
[ 50%] [32mBuilding CXX object CMakeFiles/rings.dir/src/rings.cpp.o[0m
[01m[K/home/albertgm13/Documentos/GitHub/IR2117/tb3_ws/olympic/src/rings.cpp:[m[K In function ‘[01m[Kint main(int, char**)[m[K’:
[01m[K/home/albertgm13/Documentos/GitHub/IR2117/tb3_ws/olympic/src/rings.cpp:230:147:[m[K [01;31m[Kerror: [m[Knarrowing conversion of ‘[01m[K2.5e+0[m[K’ from ‘[01m[Kdouble[m[K’ to ‘[01m[Kint[m[K’ [[01;31m[K-Wnarrowing[m[K]
  230 | ius/6)),(2.5+2*((radius*2)+(radius/6))),(2.5+radius+(radius/6)),(2.5+radius+(radius/6)+(radius*2)+(radius/6))[01;31m[K}[m[K;
      |                                                                                                              [01;31m[K^[m[K

[01m[K/home/albertgm13/Documentos/GitHub/IR2117/tb3_ws/olympic/src/rings.cpp:230:33:[m[K [01;35m[Kwarning: [m[Knarrowing conversion of ‘[01m[K((2.5e+0 + (radius * (double)2)) + (radius / (double)6))[m[K’ from ‘[01m[Kdouble[m[K’ to ‘[01m[Kint[m[K’ [[01;35m[K-Wnarrowing[m[K]
  230 | int posx[5]={2.5,[01;35m[K(2.5+(radius*2)+(radius/6))[m[K,(2.5+2*((radius*2)+(radius/6))),(2.5+radius+(radius/6)),(2.5+radius+(radius/6)+(radius*2)+(radius/6))};
      |                  [01;35m[K~~~~~~~~~~~~~~~^~~~~~~~~~~~[m[K
[01m[K/home/albertgm13/Documentos/GitHub/IR2117/tb3_ws/olympic/src/rings.cpp:230:50:[m[K [01;35m[Kwarning: [m[Knarrowing conversion of ‘[01m[K(2.5e+0 + ((double)2 * ((radius * (double)2) + (radius / (double)6))))[m[K’ from ‘[01m[Kdouble[m[K’ to ‘[01m[Kint[m[K’ [[01;35m[K-Wnarrowing[m[K]
  230 | int posx[5]={2.5,(2.5+(radius*2)+(radius/6)),[01;35m[K(2.5+2*((radius*2)+(radius/6)))[m[K,(2.5+radius+(radius/6)),(2.5+radius+(radius/6)+(radius*2)+(radius/6))};
      |                                              [01;35m[K~~~~^~~~~~~~~~~~~~~~~~~~~~~~~~~[m[K
[01m[K/home/albertgm13/Documentos/GitHub/IR2117/tb3_ws/olympic/src/rings.cpp:230:89:[m[K [01;35m[Kwarning: [m[Knarrowing conversion of ‘[01m[K((2.5e+0 + radius) + (radius / (double)6))[m[K’ from ‘[01m[Kdouble[m[K’ to ‘[01m[Kint[m[K’ [[01;35m[K-Wnarrowing[m[K]
  230 | int posx[5]={2.5,(2.5+(radius*2)+(radius/6)),(2.5+2*((radius*2)+(radius/6))),[01;35m[K(2.5+radius+(radius/6))[m[K,(2.5+radius+(radius/6)+(radius*2)+(radius/6))};
      |                                                                              [01;35m[K~~~~~~~~~~~^~~~~~~~~~~~[m[K
[01m[K/home/albertgm13/Documentos/GitHub/IR2117/tb3_ws/olympic/src/rings.cpp:230:135:[m[K [01;35m[Kwarning: [m[Knarrowing conversion of ‘[01m[K((((2.5e+0 + radius) + (radius / (double)6)) + (radius * (double)2)) + (radius / (double)6))[m[K’ from ‘[01m[Kdouble[m[K’ to ‘[01m[Kint[m[K’ [[01;35m[K-Wnarrowing[m[K]
  230 | +(radius*2)+(radius/6)),(2.5+2*((radius*2)+(radius/6))),(2.5+radius+(radius/6)),[01;35m[K(2.5+radius+(radius/6)+(radius*2)+(radius/6))[m[K};
      |                                                                                 [01;35m[K~~~~~~~~~~~~~~~~~~~~~~~~~~~~~~~~~^~~~~~~~~~~~[m[K

[01m[K/home/albertgm13/Documentos/GitHub/IR2117/tb3_ws/olympic/src/rings.cpp:231:21:[m[K [01;35m[Kwarning: [m[Knarrowing conversion of ‘[01m[K((double)6 - radius)[m[K’ from ‘[01m[Kdouble[m[K’ to ‘[01m[Kint[m[K’ [[01;35m[K-Wnarrowing[m[K]
  231 | int posy[5]={6,6,6,[01;35m[K6-radius[m[K,6-radius};
      |                    [01;35m[K~^~~~~~~[m[K
[01m[K/home/albertgm13/Documentos/GitHub/IR2117/tb3_ws/olympic/src/rings.cpp:231:30:[m[K [01;35m[Kwarning: [m[Knarrowing conversion of ‘[01m[K((double)6 - radius)[m[K’ from ‘[01m[Kdouble[m[K’ to ‘[01m[Kint[m[K’ [[01;35m[K-Wnarrowing[m[K]
  231 | int posy[5]={6,6,6,6-radius,[01;35m[K6-radius[m[K};
      |                             [01;35m[K~^~~~~~~[m[K
make[2]: *** [CMakeFiles/rings.dir/build.make:63: CMakeFiles/rings.dir/src/rings.cpp.o] Error 1
make[1]: *** [CMakeFiles/Makefile2:78: CMakeFiles/rings.dir/all] Error 2
make: *** [Makefile:141: all] Error 2
