[0.010s] Invoking command in '/home/albertgm13/Documentos/GitHub/IR2117/tb3_ws/build/obstacles': CMAKE_PREFIX_PATH=${CMAKE_PREFIX_PATH}:/opt/ros/foxy /usr/bin/cmake /home/albertgm13/Documentos/GitHub/IR2117/tb3_ws/src/obstacles -DCMAKE_INSTALL_PREFIX=/home/albertgm13/Documentos/GitHub/IR2117/tb3_ws/install/obstacles
[0.065s] -- The C compiler identification is GNU 9.4.0
[0.109s] -- The CXX compiler identification is GNU 9.4.0
[0.113s] -- Check for working C compiler: /usr/bin/cc
[0.168s] -- Check for working C compiler: /usr/bin/cc -- works
[0.169s] -- Detecting C compiler ABI info
[0.223s] -- Detecting C compiler ABI info - done
[0.233s] -- Detecting C compile features
[0.234s] -- Detecting C compile features - done
[0.236s] -- Check for working CXX compiler: /usr/bin/c++
[0.294s] -- Check for working CXX compiler: /usr/bin/c++ -- works
[0.295s] -- Detecting CXX compiler ABI info
[0.359s] -- Detecting CXX compiler ABI info - done
[0.369s] -- Detecting CXX compile features
[0.370s] -- Detecting CXX compile features - done
[0.371s] -- Found ament_cmake: 0.9.11 (/opt/ros/foxy/share/ament_cmake/cmake)
[0.390s] -- Found PythonInterp: /usr/bin/python3 (found suitable version "3.8.10", minimum required is "3") 
[0.391s] -- Using PYTHON_EXECUTABLE: /usr/bin/python3
[0.568s] -- Found rclcpp: 2.4.2 (/opt/ros/foxy/share/rclcpp/cmake)
[0.614s] -- Using all available rosidl_typesupport_c: rosidl_typesupport_fastrtps_c;rosidl_typesupport_introspection_c
[0.621s] -- Found rosidl_adapter: 1.3.0 (/opt/ros/foxy/share/rosidl_adapter/cmake)
[0.682s] -- Found OpenSSL: /usr/lib/x86_64-linux-gnu/libcrypto.so (found version "1.1.1f")  
[0.707s] -- Found FastRTPS: /opt/ros/foxy/include  
[0.774s] -- Using all available rosidl_typesupport_cpp: rosidl_typesupport_fastrtps_cpp;rosidl_typesupport_introspection_cpp
[0.830s] -- Found rmw_implementation_cmake: 1.0.4 (/opt/ros/foxy/share/rmw_implementation_cmake/cmake)
[0.832s] -- Using RMW implementation 'rmw_fastrtps_cpp' as default
[0.833s] -- Looking for pthread.h
[0.888s] -- Looking for pthread.h - found
[0.889s] -- Performing Test CMAKE_HAVE_LIBC_PTHREAD
[0.953s] -- Performing Test CMAKE_HAVE_LIBC_PTHREAD - Failed
[0.957s] -- Looking for pthread_create in pthreads
[1.023s] -- Looking for pthread_create in pthreads - not found
[1.023s] -- Looking for pthread_create in pthread
[1.083s] -- Looking for pthread_create in pthread - found
[1.084s] -- Found Threads: TRUE  
[1.222s] -- Found geometry_msgs: 2.0.5 (/opt/ros/foxy/share/geometry_msgs/cmake)
[1.254s] -- Found sensor_msgs: 2.0.5 (/opt/ros/foxy/share/sensor_msgs/cmake)
[1.314s] -- Found example_interfaces: 0.9.1 (/opt/ros/foxy/share/example_interfaces/cmake)
[1.413s] -- Found ament_lint_auto: 0.9.8 (/opt/ros/foxy/share/ament_lint_auto/cmake)
[1.463s] -- Configuring done
[1.474s] -- Generating done
[1.475s] -- Build files have been written to: /home/albertgm13/Documentos/GitHub/IR2117/tb3_ws/build/obstacles
[1.484s] Invoked command in '/home/albertgm13/Documentos/GitHub/IR2117/tb3_ws/build/obstacles' returned '0': CMAKE_PREFIX_PATH=${CMAKE_PREFIX_PATH}:/opt/ros/foxy /usr/bin/cmake /home/albertgm13/Documentos/GitHub/IR2117/tb3_ws/src/obstacles -DCMAKE_INSTALL_PREFIX=/home/albertgm13/Documentos/GitHub/IR2117/tb3_ws/install/obstacles
[1.485s] Invoking command in '/home/albertgm13/Documentos/GitHub/IR2117/tb3_ws/build/obstacles': CMAKE_PREFIX_PATH=${CMAKE_PREFIX_PATH}:/opt/ros/foxy /usr/bin/cmake --build /home/albertgm13/Documentos/GitHub/IR2117/tb3_ws/build/obstacles -- -j1 -l1
[1.519s] [35m[1mScanning dependencies of target detector[0m
[1.572s] [ 25%] [32mBuilding CXX object CMakeFiles/detector.dir/detector.cpp.o[0m
[5.772s] [ 50%] [32m[1mLinking CXX executable detector[0m
[5.962s] [ 50%] Built target detector
[5.975s] [35m[1mScanning dependencies of target avoidance[0m
[6.008s] [ 75%] [32mBuilding CXX object CMakeFiles/avoidance.dir/avoidance.cpp.o[0m
[10.115s] [100%] [32m[1mLinking CXX executable avoidance[0m
[10.317s] [100%] Built target avoidance
[10.327s] Invoked command in '/home/albertgm13/Documentos/GitHub/IR2117/tb3_ws/build/obstacles' returned '0': CMAKE_PREFIX_PATH=${CMAKE_PREFIX_PATH}:/opt/ros/foxy /usr/bin/cmake --build /home/albertgm13/Documentos/GitHub/IR2117/tb3_ws/build/obstacles -- -j1 -l1
[10.350s] Invoking command in '/home/albertgm13/Documentos/GitHub/IR2117/tb3_ws/build/obstacles': CMAKE_PREFIX_PATH=${CMAKE_PREFIX_PATH}:/opt/ros/foxy /usr/bin/cmake --install /home/albertgm13/Documentos/GitHub/IR2117/tb3_ws/build/obstacles
[10.359s] -- Install configuration: ""
[10.360s] -- Installing: /home/albertgm13/Documentos/GitHub/IR2117/tb3_ws/install/obstacles/lib/obstacles/avoidance
[10.361s] -- Set runtime path of "/home/albertgm13/Documentos/GitHub/IR2117/tb3_ws/install/obstacles/lib/obstacles/avoidance" to ""
[10.362s] -- Installing: /home/albertgm13/Documentos/GitHub/IR2117/tb3_ws/install/obstacles/lib/obstacles/detector
[10.363s] -- Set runtime path of "/home/albertgm13/Documentos/GitHub/IR2117/tb3_ws/install/obstacles/lib/obstacles/detector" to ""
[10.363s] -- Installing: /home/albertgm13/Documentos/GitHub/IR2117/tb3_ws/install/obstacles/share/obstacles/launch
[10.365s] -- Installing: /home/albertgm13/Documentos/GitHub/IR2117/tb3_ws/install/obstacles/share/obstacles/launch/triple_detector.launch.py
[10.365s] -- Installing: /home/albertgm13/Documentos/GitHub/IR2117/tb3_ws/install/obstacles/share/obstacles/launch/.gitignore
[10.366s] -- Installing: /home/albertgm13/Documentos/GitHub/IR2117/tb3_ws/install/obstacles/share/ament_index/resource_index/package_run_dependencies/obstacles
[10.366s] -- Installing: /home/albertgm13/Documentos/GitHub/IR2117/tb3_ws/install/obstacles/share/ament_index/resource_index/parent_prefix_path/obstacles
[10.366s] -- Installing: /home/albertgm13/Documentos/GitHub/IR2117/tb3_ws/install/obstacles/share/obstacles/environment/ament_prefix_path.sh
[10.366s] -- Installing: /home/albertgm13/Documentos/GitHub/IR2117/tb3_ws/install/obstacles/share/obstacles/environment/ament_prefix_path.dsv
[10.367s] -- Installing: /home/albertgm13/Documentos/GitHub/IR2117/tb3_ws/install/obstacles/share/obstacles/environment/path.sh
[10.367s] -- Installing: /home/albertgm13/Documentos/GitHub/IR2117/tb3_ws/install/obstacles/share/obstacles/environment/path.dsv
[10.367s] -- Installing: /home/albertgm13/Documentos/GitHub/IR2117/tb3_ws/install/obstacles/share/obstacles/local_setup.bash
[10.368s] -- Installing: /home/albertgm13/Documentos/GitHub/IR2117/tb3_ws/install/obstacles/share/obstacles/local_setup.sh
[10.368s] -- Installing: /home/albertgm13/Documentos/GitHub/IR2117/tb3_ws/install/obstacles/share/obstacles/local_setup.zsh
[10.368s] -- Installing: /home/albertgm13/Documentos/GitHub/IR2117/tb3_ws/install/obstacles/share/obstacles/local_setup.dsv
[10.368s] -- Installing: /home/albertgm13/Documentos/GitHub/IR2117/tb3_ws/install/obstacles/share/obstacles/package.dsv
[10.369s] -- Installing: /home/albertgm13/Documentos/GitHub/IR2117/tb3_ws/install/obstacles/share/ament_index/resource_index/packages/obstacles
[10.369s] -- Installing: /home/albertgm13/Documentos/GitHub/IR2117/tb3_ws/install/obstacles/share/obstacles/cmake/obstaclesConfig.cmake
[10.369s] -- Installing: /home/albertgm13/Documentos/GitHub/IR2117/tb3_ws/install/obstacles/share/obstacles/cmake/obstaclesConfig-version.cmake
[10.369s] -- Installing: /home/albertgm13/Documentos/GitHub/IR2117/tb3_ws/install/obstacles/share/obstacles/package.xml
[10.375s] Invoked command in '/home/albertgm13/Documentos/GitHub/IR2117/tb3_ws/build/obstacles' returned '0': CMAKE_PREFIX_PATH=${CMAKE_PREFIX_PATH}:/opt/ros/foxy /usr/bin/cmake --install /home/albertgm13/Documentos/GitHub/IR2117/tb3_ws/build/obstacles
