[  3%] Built target olympics_interfaces__cpp
[ 12%] Built target olympics_interfaces__rosidl_typesupport_introspection_cpp
[ 22%] Built target olympics_interfaces__rosidl_generator_c
[ 32%] Built target olympics_interfaces__rosidl_typesupport_introspection_c
[ 41%] Built target olympics_interfaces__rosidl_typesupport_cpp
[ 51%] Built target olympics_interfaces__rosidl_typesupport_fastrtps_cpp
[ 61%] Built target olympics_interfaces__rosidl_typesupport_fastrtps_c
[ 70%] Built target olympics_interfaces__rosidl_typesupport_c
[ 70%] Built target olympics_interfaces
[ 74%] Built target olympics_interfaces__py
[ 80%] Built target olympics_interfaces__python
[ 87%] Built target olympics_interfaces__rosidl_typesupport_introspection_c__pyext
[ 93%] Built target olympics_interfaces__rosidl_typesupport_fastrtps_c__pyext
[100%] Built target olympics_interfaces__rosidl_typesupport_c__pyext
-- Install configuration: ""
-- Up-to-date: /home/albertgm13/Documentos/GitHub/IR2117/tb3_ws/install/olympics_interfaces/share/ament_index/resource_index/rosidl_interfaces/olympics_interfaces
-- Up-to-date: /home/albertgm13/Documentos/GitHub/IR2117/tb3_ws/install/olympics_interfaces/include/olympics_interfaces
-- Up-to-date: /home/albertgm13/Documentos/GitHub/IR2117/tb3_ws/install/olympics_interfaces/include/olympics_interfaces/msg
-- Up-to-date: /home/albertgm13/Documentos/GitHub/IR2117/tb3_ws/install/olympics_interfaces/include/olympics_interfaces/msg/rosidl_generator_c__visibility_control.h
-- Up-to-date: /home/albertgm13/Documentos/GitHub/IR2117/tb3_ws/install/olympics_interfaces/include/olympics_interfaces/action
-- Up-to-date: /home/albertgm13/Documentos/GitHub/IR2117/tb3_ws/install/olympics_interfaces/include/olympics_interfaces/action/rings.h
-- Up-to-date: /home/albertgm13/Documentos/GitHub/IR2117/tb3_ws/install/olympics_interfaces/include/olympics_interfaces/action/detail
-- Up-to-date: /home/albertgm13/Documentos/GitHub/IR2117/tb3_ws/install/olympics_interfaces/include/olympics_interfaces/action/detail/rings__struct.h
-- Up-to-date: /home/albertgm13/Documentos/GitHub/IR2117/tb3_ws/install/olympics_interfaces/include/olympics_interfaces/action/detail/rings__functions.c
-- Up-to-date: /home/albertgm13/Documentos/GitHub/IR2117/tb3_ws/install/olympics_interfaces/include/olympics_interfaces/action/detail/rings__functions.h
-- Up-to-date: /home/albertgm13/Documentos/GitHub/IR2117/tb3_ws/install/olympics_interfaces/include/olympics_interfaces/action/detail/rings__type_support.h
-- Up-to-date: /home/albertgm13/Documentos/GitHub/IR2117/tb3_ws/install/olympics_interfaces/share/olympics_interfaces/environment/library_path.sh
-- Up-to-date: /home/albertgm13/Documentos/GitHub/IR2117/tb3_ws/install/olympics_interfaces/share/olympics_interfaces/environment/library_path.dsv
-- Up-to-date: /home/albertgm13/Documentos/GitHub/IR2117/tb3_ws/install/olympics_interfaces/lib/libolympics_interfaces__rosidl_generator_c.so
-- Up-to-date: /home/albertgm13/Documentos/GitHub/IR2117/tb3_ws/install/olympics_interfaces/include/olympics_interfaces
-- Up-to-date: /home/albertgm13/Documentos/GitHub/IR2117/tb3_ws/install/olympics_interfaces/include/olympics_interfaces/msg
-- Up-to-date: /home/albertgm13/Documentos/GitHub/IR2117/tb3_ws/install/olympics_interfaces/include/olympics_interfaces/msg/rosidl_typesupport_fastrtps_c__visibility_control.h
-- Up-to-date: /home/albertgm13/Documentos/GitHub/IR2117/tb3_ws/install/olympics_interfaces/include/olympics_interfaces/action
-- Up-to-date: /home/albertgm13/Documentos/GitHub/IR2117/tb3_ws/install/olympics_interfaces/include/olympics_interfaces/action/detail
-- Up-to-date: /home/albertgm13/Documentos/GitHub/IR2117/tb3_ws/install/olympics_interfaces/include/olympics_interfaces/action/detail/rings__rosidl_typesupport_fastrtps_c.h
-- Up-to-date: /home/albertgm13/Documentos/GitHub/IR2117/tb3_ws/install/olympics_interfaces/lib/libolympics_interfaces__rosidl_typesupport_fastrtps_c.so
-- Up-to-date: /home/albertgm13/Documentos/GitHub/IR2117/tb3_ws/install/olympics_interfaces/include/olympics_interfaces
-- Up-to-date: /home/albertgm13/Documentos/GitHub/IR2117/tb3_ws/install/olympics_interfaces/include/olympics_interfaces/msg
-- Up-to-date: /home/albertgm13/Documentos/GitHub/IR2117/tb3_ws/install/olympics_interfaces/include/olympics_interfaces/msg/rosidl_typesupport_fastrtps_cpp__visibility_control.h
-- Up-to-date: /home/albertgm13/Documentos/GitHub/IR2117/tb3_ws/install/olympics_interfaces/include/olympics_interfaces/action
-- Up-to-date: /home/albertgm13/Documentos/GitHub/IR2117/tb3_ws/install/olympics_interfaces/include/olympics_interfaces/action/detail
-- Up-to-date: /home/albertgm13/Documentos/GitHub/IR2117/tb3_ws/install/olympics_interfaces/include/olympics_interfaces/action/detail/rings__rosidl_typesupport_fastrtps_cpp.hpp
-- Up-to-date: /home/albertgm13/Documentos/GitHub/IR2117/tb3_ws/install/olympics_interfaces/include/olympics_interfaces/action/detail/dds_fastrtps
-- Up-to-date: /home/albertgm13/Documentos/GitHub/IR2117/tb3_ws/install/olympics_interfaces/lib/libolympics_interfaces__rosidl_typesupport_fastrtps_cpp.so
-- Up-to-date: /home/albertgm13/Documentos/GitHub/IR2117/tb3_ws/install/olympics_interfaces/include/olympics_interfaces
-- Up-to-date: /home/albertgm13/Documentos/GitHub/IR2117/tb3_ws/install/olympics_interfaces/include/olympics_interfaces/msg
-- Up-to-date: /home/albertgm13/Documentos/GitHub/IR2117/tb3_ws/install/olympics_interfaces/include/olympics_interfaces/msg/rosidl_typesupport_introspection_c__visibility_control.h
-- Up-to-date: /home/albertgm13/Documentos/GitHub/IR2117/tb3_ws/install/olympics_interfaces/include/olympics_interfaces/action
-- Up-to-date: /home/albertgm13/Documentos/GitHub/IR2117/tb3_ws/install/olympics_interfaces/include/olympics_interfaces/action/detail
-- Up-to-date: /home/albertgm13/Documentos/GitHub/IR2117/tb3_ws/install/olympics_interfaces/include/olympics_interfaces/action/detail/rings__rosidl_typesupport_introspection_c.h
-- Up-to-date: /home/albertgm13/Documentos/GitHub/IR2117/tb3_ws/install/olympics_interfaces/include/olympics_interfaces/action/detail/rings__type_support.c
-- Up-to-date: /home/albertgm13/Documentos/GitHub/IR2117/tb3_ws/install/olympics_interfaces/lib/libolympics_interfaces__rosidl_typesupport_introspection_c.so
-- Up-to-date: /home/albertgm13/Documentos/GitHub/IR2117/tb3_ws/install/olympics_interfaces/lib/libolympics_interfaces__rosidl_typesupport_c.so
-- Up-to-date: /home/albertgm13/Documentos/GitHub/IR2117/tb3_ws/install/olympics_interfaces/include/olympics_interfaces
-- Up-to-date: /home/albertgm13/Documentos/GitHub/IR2117/tb3_ws/install/olympics_interfaces/include/olympics_interfaces/action
-- Up-to-date: /home/albertgm13/Documentos/GitHub/IR2117/tb3_ws/install/olympics_interfaces/include/olympics_interfaces/action/detail
-- Up-to-date: /home/albertgm13/Documentos/GitHub/IR2117/tb3_ws/install/olympics_interfaces/include/olympics_interfaces/action/detail/rings__builder.hpp
-- Up-to-date: /home/albertgm13/Documentos/GitHub/IR2117/tb3_ws/install/olympics_interfaces/include/olympics_interfaces/action/detail/rings__struct.hpp
-- Up-to-date: /home/albertgm13/Documentos/GitHub/IR2117/tb3_ws/install/olympics_interfaces/include/olympics_interfaces/action/detail/rings__traits.hpp
-- Up-to-date: /home/albertgm13/Documentos/GitHub/IR2117/tb3_ws/install/olympics_interfaces/include/olympics_interfaces/action/rings.hpp
-- Up-to-date: /home/albertgm13/Documentos/GitHub/IR2117/tb3_ws/install/olympics_interfaces/include/olympics_interfaces
-- Up-to-date: /home/albertgm13/Documentos/GitHub/IR2117/tb3_ws/install/olympics_interfaces/include/olympics_interfaces/action
-- Up-to-date: /home/albertgm13/Documentos/GitHub/IR2117/tb3_ws/install/olympics_interfaces/include/olympics_interfaces/action/detail
-- Up-to-date: /home/albertgm13/Documentos/GitHub/IR2117/tb3_ws/install/olympics_interfaces/include/olympics_interfaces/action/detail/rings__rosidl_typesupport_introspection_cpp.hpp
-- Up-to-date: /home/albertgm13/Documentos/GitHub/IR2117/tb3_ws/install/olympics_interfaces/include/olympics_interfaces/action/detail/rings__type_support.cpp
-- Up-to-date: /home/albertgm13/Documentos/GitHub/IR2117/tb3_ws/install/olympics_interfaces/lib/libolympics_interfaces__rosidl_typesupport_introspection_cpp.so
-- Up-to-date: /home/albertgm13/Documentos/GitHub/IR2117/tb3_ws/install/olympics_interfaces/lib/libolympics_interfaces__rosidl_typesupport_cpp.so
-- Up-to-date: /home/albertgm13/Documentos/GitHub/IR2117/tb3_ws/install/olympics_interfaces/share/olympics_interfaces/environment/pythonpath.sh
-- Up-to-date: /home/albertgm13/Documentos/GitHub/IR2117/tb3_ws/install/olympics_interfaces/share/olympics_interfaces/environment/pythonpath.dsv
-- Up-to-date: /home/albertgm13/Documentos/GitHub/IR2117/tb3_ws/install/olympics_interfaces/lib/python3.8/site-packages/olympics_interfaces/__init__.py
-- Up-to-date: /home/albertgm13/Documentos/GitHub/IR2117/tb3_ws/install/olympics_interfaces/lib/python3.8/site-packages/olympics_interfaces/action
-- Up-to-date: /home/albertgm13/Documentos/GitHub/IR2117/tb3_ws/install/olympics_interfaces/lib/python3.8/site-packages/olympics_interfaces/action/_rings.py
-- Up-to-date: /home/albertgm13/Documentos/GitHub/IR2117/tb3_ws/install/olympics_interfaces/lib/python3.8/site-packages/olympics_interfaces/action/_rings_s.c
-- Up-to-date: /home/albertgm13/Documentos/GitHub/IR2117/tb3_ws/install/olympics_interfaces/lib/python3.8/site-packages/olympics_interfaces/action/__init__.py
-- Up-to-date: /home/albertgm13/Documentos/GitHub/IR2117/tb3_ws/install/olympics_interfaces/lib/python3.8/site-packages/olympics_interfaces/olympics_interfaces_s__rosidl_typesupport_fastrtps_c.cpython-38-x86_64-linux-gnu.so
-- Up-to-date: /home/albertgm13/Documentos/GitHub/IR2117/tb3_ws/install/olympics_interfaces/lib/python3.8/site-packages/olympics_interfaces/olympics_interfaces_s__rosidl_typesupport_introspection_c.cpython-38-x86_64-linux-gnu.so
-- Up-to-date: /home/albertgm13/Documentos/GitHub/IR2117/tb3_ws/install/olympics_interfaces/lib/python3.8/site-packages/olympics_interfaces/olympics_interfaces_s__rosidl_typesupport_c.cpython-38-x86_64-linux-gnu.so
-- Up-to-date: /home/albertgm13/Documentos/GitHub/IR2117/tb3_ws/install/olympics_interfaces/lib/libolympics_interfaces__python.so
-- Up-to-date: /home/albertgm13/Documentos/GitHub/IR2117/tb3_ws/install/olympics_interfaces/share/olympics_interfaces/action/Rings.idl
-- Up-to-date: /home/albertgm13/Documentos/GitHub/IR2117/tb3_ws/install/olympics_interfaces/share/olympics_interfaces/action/Rings.action
-- Up-to-date: /home/albertgm13/Documentos/GitHub/IR2117/tb3_ws/install/olympics_interfaces/share/ament_index/resource_index/package_run_dependencies/olympics_interfaces
-- Up-to-date: /home/albertgm13/Documentos/GitHub/IR2117/tb3_ws/install/olympics_interfaces/share/ament_index/resource_index/parent_prefix_path/olympics_interfaces
-- Up-to-date: /home/albertgm13/Documentos/GitHub/IR2117/tb3_ws/install/olympics_interfaces/share/olympics_interfaces/environment/ament_prefix_path.sh
-- Up-to-date: /home/albertgm13/Documentos/GitHub/IR2117/tb3_ws/install/olympics_interfaces/share/olympics_interfaces/environment/ament_prefix_path.dsv
-- Up-to-date: /home/albertgm13/Documentos/GitHub/IR2117/tb3_ws/install/olympics_interfaces/share/olympics_interfaces/environment/path.sh
-- Up-to-date: /home/albertgm13/Documentos/GitHub/IR2117/tb3_ws/install/olympics_interfaces/share/olympics_interfaces/environment/path.dsv
-- Up-to-date: /home/albertgm13/Documentos/GitHub/IR2117/tb3_ws/install/olympics_interfaces/share/olympics_interfaces/local_setup.bash
-- Up-to-date: /home/albertgm13/Documentos/GitHub/IR2117/tb3_ws/install/olympics_interfaces/share/olympics_interfaces/local_setup.sh
-- Up-to-date: /home/albertgm13/Documentos/GitHub/IR2117/tb3_ws/install/olympics_interfaces/share/olympics_interfaces/local_setup.zsh
-- Up-to-date: /home/albertgm13/Documentos/GitHub/IR2117/tb3_ws/install/olympics_interfaces/share/olympics_interfaces/local_setup.dsv
-- Installing: /home/albertgm13/Documentos/GitHub/IR2117/tb3_ws/install/olympics_interfaces/share/olympics_interfaces/package.dsv
-- Up-to-date: /home/albertgm13/Documentos/GitHub/IR2117/tb3_ws/install/olympics_interfaces/share/ament_index/resource_index/packages/olympics_interfaces
-- Up-to-date: /home/albertgm13/Documentos/GitHub/IR2117/tb3_ws/install/olympics_interfaces/share/olympics_interfaces/cmake/olympics_interfaces__rosidl_generator_cExport.cmake
-- Up-to-date: /home/albertgm13/Documentos/GitHub/IR2117/tb3_ws/install/olympics_interfaces/share/olympics_interfaces/cmake/olympics_interfaces__rosidl_generator_cExport-noconfig.cmake
-- Up-to-date: /home/albertgm13/Documentos/GitHub/IR2117/tb3_ws/install/olympics_interfaces/share/olympics_interfaces/cmake/olympics_interfaces__rosidl_typesupport_introspection_cExport.cmake
-- Up-to-date: /home/albertgm13/Documentos/GitHub/IR2117/tb3_ws/install/olympics_interfaces/share/olympics_interfaces/cmake/olympics_interfaces__rosidl_typesupport_introspection_cExport-noconfig.cmake
-- Up-to-date: /home/albertgm13/Documentos/GitHub/IR2117/tb3_ws/install/olympics_interfaces/share/olympics_interfaces/cmake/olympics_interfaces__rosidl_typesupport_cExport.cmake
-- Up-to-date: /home/albertgm13/Documentos/GitHub/IR2117/tb3_ws/install/olympics_interfaces/share/olympics_interfaces/cmake/olympics_interfaces__rosidl_typesupport_cExport-noconfig.cmake
-- Up-to-date: /home/albertgm13/Documentos/GitHub/IR2117/tb3_ws/install/olympics_interfaces/share/olympics_interfaces/cmake/olympics_interfaces__rosidl_generator_cppExport.cmake
-- Up-to-date: /home/albertgm13/Documentos/GitHub/IR2117/tb3_ws/install/olympics_interfaces/share/olympics_interfaces/cmake/olympics_interfaces__rosidl_typesupport_introspection_cppExport.cmake
-- Up-to-date: /home/albertgm13/Documentos/GitHub/IR2117/tb3_ws/install/olympics_interfaces/share/olympics_interfaces/cmake/olympics_interfaces__rosidl_typesupport_introspection_cppExport-noconfig.cmake
-- Up-to-date: /home/albertgm13/Documentos/GitHub/IR2117/tb3_ws/install/olympics_interfaces/share/olympics_interfaces/cmake/olympics_interfaces__rosidl_typesupport_cppExport.cmake
-- Up-to-date: /home/albertgm13/Documentos/GitHub/IR2117/tb3_ws/install/olympics_interfaces/share/olympics_interfaces/cmake/olympics_interfaces__rosidl_typesupport_cppExport-noconfig.cmake
-- Up-to-date: /home/albertgm13/Documentos/GitHub/IR2117/tb3_ws/install/olympics_interfaces/share/olympics_interfaces/cmake/rosidl_cmake-extras.cmake
-- Up-to-date: /home/albertgm13/Documentos/GitHub/IR2117/tb3_ws/install/olympics_interfaces/share/olympics_interfaces/cmake/ament_cmake_export_dependencies-extras.cmake
-- Up-to-date: /home/albertgm13/Documentos/GitHub/IR2117/tb3_ws/install/olympics_interfaces/share/olympics_interfaces/cmake/ament_cmake_export_libraries-extras.cmake
-- Up-to-date: /home/albertgm13/Documentos/GitHub/IR2117/tb3_ws/install/olympics_interfaces/share/olympics_interfaces/cmake/ament_cmake_export_targets-extras.cmake
-- Up-to-date: /home/albertgm13/Documentos/GitHub/IR2117/tb3_ws/install/olympics_interfaces/share/olympics_interfaces/cmake/ament_cmake_export_include_directories-extras.cmake
-- Up-to-date: /home/albertgm13/Documentos/GitHub/IR2117/tb3_ws/install/olympics_interfaces/share/olympics_interfaces/cmake/rosidl_cmake_export_typesupport_libraries-extras.cmake
-- Up-to-date: /home/albertgm13/Documentos/GitHub/IR2117/tb3_ws/install/olympics_interfaces/share/olympics_interfaces/cmake/rosidl_cmake_export_typesupport_targets-extras.cmake
-- Up-to-date: /home/albertgm13/Documentos/GitHub/IR2117/tb3_ws/install/olympics_interfaces/share/olympics_interfaces/cmake/olympics_interfacesConfig.cmake
-- Up-to-date: /home/albertgm13/Documentos/GitHub/IR2117/tb3_ws/install/olympics_interfaces/share/olympics_interfaces/cmake/olympics_interfacesConfig-version.cmake
-- Up-to-date: /home/albertgm13/Documentos/GitHub/IR2117/tb3_ws/install/olympics_interfaces/share/olympics_interfaces/package.xml
