[0.022s] Invoking command in '/home/usuario/Documentos/GitHub/IR2117/ros2_ws/build/examples_sum': CMAKE_PREFIX_PATH=${CMAKE_PREFIX_PATH}:/opt/ros/foxy /usr/bin/cmake --build /home/usuario/Documentos/GitHub/IR2117/ros2_ws/build/examples_sum -- -j6 -l6
[0.084s] [ 50%] [32mBuilding CXX object CMakeFiles/sum.dir/sum.cpp.o[0m
[3.785s] [100%] [32m[1mLinking CXX executable sum[0m
[4.285s] [100%] Built target sum
[4.297s] Invoked command in '/home/usuario/Documentos/GitHub/IR2117/ros2_ws/build/examples_sum' returned '0': CMAKE_PREFIX_PATH=${CMAKE_PREFIX_PATH}:/opt/ros/foxy /usr/bin/cmake --build /home/usuario/Documentos/GitHub/IR2117/ros2_ws/build/examples_sum -- -j6 -l6
[4.335s] Invoking command in '/home/usuario/Documentos/GitHub/IR2117/ros2_ws/build/examples_sum': CMAKE_PREFIX_PATH=${CMAKE_PREFIX_PATH}:/opt/ros/foxy /usr/bin/cmake --install /home/usuario/Documentos/GitHub/IR2117/ros2_ws/build/examples_sum
[4.344s] -- Install configuration: ""
[4.344s] -- Installing: /home/usuario/Documentos/GitHub/IR2117/ros2_ws/install/examples_sum/lib/examples_sum/sum
[4.368s] -- Set runtime path of "/home/usuario/Documentos/GitHub/IR2117/ros2_ws/install/examples_sum/lib/examples_sum/sum" to ""
[4.368s] -- Installing: /home/usuario/Documentos/GitHub/IR2117/ros2_ws/install/examples_sum/share/ament_index/resource_index/package_run_dependencies/examples_sum
[4.369s] -- Installing: /home/usuario/Documentos/GitHub/IR2117/ros2_ws/install/examples_sum/share/ament_index/resource_index/parent_prefix_path/examples_sum
[4.370s] -- Installing: /home/usuario/Documentos/GitHub/IR2117/ros2_ws/install/examples_sum/share/examples_sum/environment/ament_prefix_path.sh
[4.371s] -- Installing: /home/usuario/Documentos/GitHub/IR2117/ros2_ws/install/examples_sum/share/examples_sum/environment/ament_prefix_path.dsv
[4.372s] -- Installing: /home/usuario/Documentos/GitHub/IR2117/ros2_ws/install/examples_sum/share/examples_sum/environment/path.sh
[4.372s] -- Installing: /home/usuario/Documentos/GitHub/IR2117/ros2_ws/install/examples_sum/share/examples_sum/environment/path.dsv
[4.372s] -- Installing: /home/usuario/Documentos/GitHub/IR2117/ros2_ws/install/examples_sum/share/examples_sum/local_setup.bash
[4.373s] -- Installing: /home/usuario/Documentos/GitHub/IR2117/ros2_ws/install/examples_sum/share/examples_sum/local_setup.sh
[4.373s] -- Installing: /home/usuario/Documentos/GitHub/IR2117/ros2_ws/install/examples_sum/share/examples_sum/local_setup.zsh
[4.374s] -- Installing: /home/usuario/Documentos/GitHub/IR2117/ros2_ws/install/examples_sum/share/examples_sum/local_setup.dsv
[4.374s] -- Installing: /home/usuario/Documentos/GitHub/IR2117/ros2_ws/install/examples_sum/share/examples_sum/package.dsv
[4.375s] -- Installing: /home/usuario/Documentos/GitHub/IR2117/ros2_ws/install/examples_sum/share/ament_index/resource_index/packages/examples_sum
[4.375s] -- Installing: /home/usuario/Documentos/GitHub/IR2117/ros2_ws/install/examples_sum/share/examples_sum/cmake/examples_sumConfig.cmake
[4.376s] -- Installing: /home/usuario/Documentos/GitHub/IR2117/ros2_ws/install/examples_sum/share/examples_sum/cmake/examples_sumConfig-version.cmake
[4.376s] -- Installing: /home/usuario/Documentos/GitHub/IR2117/ros2_ws/install/examples_sum/share/examples_sum/package.xml
[4.378s] Invoked command in '/home/usuario/Documentos/GitHub/IR2117/ros2_ws/build/examples_sum' returned '0': CMAKE_PREFIX_PATH=${CMAKE_PREFIX_PATH}:/opt/ros/foxy /usr/bin/cmake --install /home/usuario/Documentos/GitHub/IR2117/ros2_ws/build/examples_sum
