[35m[1mScanning dependencies of target rings[0m
[ 50%] [32mBuilding CXX object CMakeFiles/rings.dir/src/rings.cpp.o[0m
[01m[K/home/albertgm13/Documentos/GitHub/IR2117/tb3_ws/olympic/src/rings.cpp:[m[K In function ‘[01m[Kint main(int, char**)[m[K’:
[01m[K/home/albertgm13/Documentos/GitHub/IR2117/tb3_ws/olympic/src/rings.cpp:50:8:[m[K [01;31m[Kerror: [m[Kconflicting declaration ‘[01m[Kauto requestsetpen[m[K’
   50 |   auto [01;31m[Krequestsetpen[m[K = std::make_shared<turtlesim::srv::SetPen::Request>();
      |        [01;31m[K^~~~~~~~~~~~~[m[K
[01m[K/home/albertgm13/Documentos/GitHub/IR2117/tb3_ws/olympic/src/rings.cpp:29:8:[m[K [01;36m[Knote: [m[Kprevious declaration as ‘[01m[Kstd::shared_ptr<turtlesim::srv::SetPen_Request_<std::allocator<void> > > requestsetpen[m[K’
   29 |   auto [01;36m[Krequestsetpen[m[K = std::make_shared<turtlesim::srv::SetPen::Request>();
      |        [01;36m[K^~~~~~~~~~~~~[m[K
[01m[K/home/albertgm13/Documentos/GitHub/IR2117/tb3_ws/olympic/src/rings.cpp:76:8:[m[K [01;31m[Kerror: [m[Kconflicting declaration ‘[01m[Kauto requestsetpen[m[K’
   76 |   auto [01;31m[Krequestsetpen[m[K = std::make_shared<turtlesim::srv::SetPen::Request>();
      |        [01;31m[K^~~~~~~~~~~~~[m[K
[01m[K/home/albertgm13/Documentos/GitHub/IR2117/tb3_ws/olympic/src/rings.cpp:29:8:[m[K [01;36m[Knote: [m[Kprevious declaration as ‘[01m[Kstd::shared_ptr<turtlesim::srv::SetPen_Request_<std::allocator<void> > > requestsetpen[m[K’
   29 |   auto [01;36m[Krequestsetpen[m[K = std::make_shared<turtlesim::srv::SetPen::Request>();
      |        [01;36m[K^~~~~~~~~~~~~[m[K
[01m[K/home/albertgm13/Documentos/GitHub/IR2117/tb3_ws/olympic/src/rings.cpp:81:8:[m[K [01;31m[Kerror: [m[Kconflicting declaration ‘[01m[Kauto reqteleportabs[m[K’
   81 |   auto [01;31m[Kreqteleportabs[m[K = std::make_shared<turtlesim::srv::TeleportAbsolute::Request>();
      |        [01;31m[K^~~~~~~~~~~~~~[m[K
[01m[K/home/albertgm13/Documentos/GitHub/IR2117/tb3_ws/olympic/src/rings.cpp:40:8:[m[K [01;36m[Knote: [m[Kprevious declaration as ‘[01m[Kstd::shared_ptr<turtlesim::srv::TeleportAbsolute_Request_<std::allocator<void> > > reqteleportabs[m[K’
   40 |   auto [01;36m[Kreqteleportabs[m[K = std::make_shared<turtlesim::srv::TeleportAbsolute::Request>();
      |        [01;36m[K^~~~~~~~~~~~~~[m[K
[01m[K/home/albertgm13/Documentos/GitHub/IR2117/tb3_ws/olympic/src/rings.cpp:91:8:[m[K [01;31m[Kerror: [m[Kconflicting declaration ‘[01m[Kauto requestsetpen[m[K’
   91 |   auto [01;31m[Krequestsetpen[m[K = std::make_shared<turtlesim::srv::SetPen::Request>();
      |        [01;31m[K^~~~~~~~~~~~~[m[K
[01m[K/home/albertgm13/Documentos/GitHub/IR2117/tb3_ws/olympic/src/rings.cpp:29:8:[m[K [01;36m[Knote: [m[Kprevious declaration as ‘[01m[Kstd::shared_ptr<turtlesim::srv::SetPen_Request_<std::allocator<void> > > requestsetpen[m[K’
   29 |   auto [01;36m[Krequestsetpen[m[K = std::make_shared<turtlesim::srv::SetPen::Request>();
      |        [01;36m[K^~~~~~~~~~~~~[m[K
make[2]: *** [CMakeFiles/rings.dir/build.make:63: CMakeFiles/rings.dir/src/rings.cpp.o] Error 1
make[1]: *** [CMakeFiles/Makefile2:78: CMakeFiles/rings.dir/all] Error 2
make: *** [Makefile:141: all] Error 2
