[0.013s] Invoking command in '/home/albertgm13/Documentos/GitHub/IR2117/tb3_ws/build/olympic': CMAKE_PREFIX_PATH=${CMAKE_PREFIX_PATH}:/opt/ros/foxy /usr/bin/cmake --build /home/albertgm13/Documentos/GitHub/IR2117/tb3_ws/build/olympic -- -j1 -l1
[0.078s] [35m[1mScanning dependencies of target rings[0m
[0.101s] [ 50%] [32mBuilding CXX object CMakeFiles/rings.dir/src/rings.cpp.o[0m
[1.257s] [01m[K/home/albertgm13/Documentos/GitHub/IR2117/tb3_ws/olympic/src/rings.cpp:[m[K In function ‘[01m[Kint main(int, char**)[m[K’:
[1.257s] [01m[K/home/albertgm13/Documentos/GitHub/IR2117/tb3_ws/olympic/src/rings.cpp:230:5:[m[K [01;31m[Kerror: [m[Kexpected identifier before numeric constant
[1.257s]   230 | int[[01;31m[K5[m[K] posx=[2.5,(2.5+(radius*2)+(radius/6)),(2.5+2*((radius*2)+(radius/6))),(2.5+radius+(radius/6)),(2.5+radius+(radius/6)+(radius*2)+(radius/6))];
[1.257s]       |     [01;31m[K^[m[K
[1.257s] [01m[K/home/albertgm13/Documentos/GitHub/IR2117/tb3_ws/olympic/src/rings.cpp:230:5:[m[K [01;31m[Kerror: [m[Kexpected ‘[01m[K][m[K’ before numeric constant
[1.257s]   230 | int[[01;31m[K5[m[K] posx=[2.5,(2.5+(radius*2)+(radius/6)),(2.5+2*((radius*2)+(radius/6))),(2.5+radius+(radius/6)),(2.5+radius+(radius/6)+(radius*2)+(radius/6))];
[1.257s]       |     [01;31m[K^[m[K
[1.258s]       |     [32m[K][m[K
[1.258s] [01m[K/home/albertgm13/Documentos/GitHub/IR2117/tb3_ws/olympic/src/rings.cpp:230:4:[m[K [01;35m[Kwarning: [m[Kstructured bindings only available with ‘[01m[K-std=c++17[m[K’ or ‘[01m[K-std=gnu++17[m[K’
[1.258s]   230 | int[01;35m[K[[m[K5] posx=[2.5,(2.5+(radius*2)+(radius/6)),(2.5+2*((radius*2)+(radius/6))),(2.5+radius+(radius/6)),(2.5+radius+(radius/6)+(radius*2)+(radius/6))];
[1.258s]       |    [01;35m[K^[m[K
[1.258s] [01m[K/home/albertgm13/Documentos/GitHub/IR2117/tb3_ws/olympic/src/rings.cpp:230:4:[m[K [01;31m[Kerror: [m[Kstructured binding declaration cannot have type ‘[01m[Kint[m[K’
[1.258s] [01m[K/home/albertgm13/Documentos/GitHub/IR2117/tb3_ws/olympic/src/rings.cpp:230:4:[m[K [01;36m[Knote: [m[Ktype must be cv-qualified ‘[01m[Kauto[m[K’ or reference to cv-qualified ‘[01m[Kauto[m[K’
[1.258s] [01m[K/home/albertgm13/Documentos/GitHub/IR2117/tb3_ws/olympic/src/rings.cpp:230:4:[m[K [01;31m[Kerror: [m[Kempty structured binding declaration
[1.258s] [01m[K/home/albertgm13/Documentos/GitHub/IR2117/tb3_ws/olympic/src/rings.cpp:230:8:[m[K [01;31m[Kerror: [m[Kexpected initializer before ‘[01m[Kposx[m[K’
[1.258s]   230 | int[5] [01;31m[Kposx[m[K=[2.5,(2.5+(radius*2)+(radius/6)),(2.5+2*((radius*2)+(radius/6))),(2.5+radius+(radius/6)),(2.5+radius+(radius/6)+(radius*2)+(radius/6))];
[1.259s]       |        [01;31m[K^~~~[m[K
[1.259s] [01m[K/home/albertgm13/Documentos/GitHub/IR2117/tb3_ws/olympic/src/rings.cpp:231:5:[m[K [01;31m[Kerror: [m[Kexpected identifier before numeric constant
[1.259s]   231 | int[[01;31m[K5[m[K] posy=[6,6,6,6-radius,6-radius]
[1.259s]       |     [01;31m[K^[m[K
[1.259s] [01m[K/home/albertgm13/Documentos/GitHub/IR2117/tb3_ws/olympic/src/rings.cpp:231:5:[m[K [01;31m[Kerror: [m[Kexpected ‘[01m[K][m[K’ before numeric constant
[1.259s]   231 | int[[01;31m[K5[m[K] posy=[6,6,6,6-radius,6-radius]
[1.259s]       |     [01;31m[K^[m[K
[1.259s]       |     [32m[K][m[K
[1.259s] [01m[K/home/albertgm13/Documentos/GitHub/IR2117/tb3_ws/olympic/src/rings.cpp:231:4:[m[K [01;35m[Kwarning: [m[Kstructured bindings only available with ‘[01m[K-std=c++17[m[K’ or ‘[01m[K-std=gnu++17[m[K’
[1.260s]   231 | int[01;35m[K[[m[K5] posy=[6,6,6,6-radius,6-radius]
[1.260s]       |    [01;35m[K^[m[K
[1.260s] [01m[K/home/albertgm13/Documentos/GitHub/IR2117/tb3_ws/olympic/src/rings.cpp:231:4:[m[K [01;31m[Kerror: [m[Kstructured binding declaration cannot have type ‘[01m[Kint[m[K’
[1.260s] [01m[K/home/albertgm13/Documentos/GitHub/IR2117/tb3_ws/olympic/src/rings.cpp:231:4:[m[K [01;36m[Knote: [m[Ktype must be cv-qualified ‘[01m[Kauto[m[K’ or reference to cv-qualified ‘[01m[Kauto[m[K’
[1.260s] [01m[K/home/albertgm13/Documentos/GitHub/IR2117/tb3_ws/olympic/src/rings.cpp:231:4:[m[K [01;31m[Kerror: [m[Kempty structured binding declaration
[1.260s] [01m[K/home/albertgm13/Documentos/GitHub/IR2117/tb3_ws/olympic/src/rings.cpp:231:8:[m[K [01;31m[Kerror: [m[Kexpected initializer before ‘[01m[Kposy[m[K’
[1.260s]   231 | int[5] [01;31m[Kposy[m[K=[6,6,6,6-radius,6-radius]
[1.260s]       |        [01;31m[K^~~~[m[K
[1.260s] [01m[K/home/albertgm13/Documentos/GitHub/IR2117/tb3_ws/olympic/src/rings.cpp:233:5:[m[K [01;31m[Kerror: [m[Kexpected identifier before numeric constant
[1.261s]   233 | int[[01;31m[K5[m[K] g[0,0,0,255,255];
[1.261s]       |     [01;31m[K^[m[K
[1.261s] [01m[K/home/albertgm13/Documentos/GitHub/IR2117/tb3_ws/olympic/src/rings.cpp:233:5:[m[K [01;31m[Kerror: [m[Kexpected ‘[01m[K][m[K’ before numeric constant
[1.261s]   233 | int[[01;31m[K5[m[K] g[0,0,0,255,255];
[1.261s]       |     [01;31m[K^[m[K
[1.261s]       |     [32m[K][m[K
[1.262s] [01m[K/home/albertgm13/Documentos/GitHub/IR2117/tb3_ws/olympic/src/rings.cpp:233:4:[m[K [01;35m[Kwarning: [m[Kstructured bindings only available with ‘[01m[K-std=c++17[m[K’ or ‘[01m[K-std=gnu++17[m[K’
[1.262s]   233 | int[01;35m[K[[m[K5] g[0,0,0,255,255];
[1.262s]       |    [01;35m[K^[m[K
[1.262s] [01m[K/home/albertgm13/Documentos/GitHub/IR2117/tb3_ws/olympic/src/rings.cpp:233:4:[m[K [01;31m[Kerror: [m[Kstructured binding declaration cannot have type ‘[01m[Kint[m[K’
[1.262s] [01m[K/home/albertgm13/Documentos/GitHub/IR2117/tb3_ws/olympic/src/rings.cpp:233:4:[m[K [01;36m[Knote: [m[Ktype must be cv-qualified ‘[01m[Kauto[m[K’ or reference to cv-qualified ‘[01m[Kauto[m[K’
[1.262s] [01m[K/home/albertgm13/Documentos/GitHub/IR2117/tb3_ws/olympic/src/rings.cpp:233:4:[m[K [01;31m[Kerror: [m[Kempty structured binding declaration
[1.262s] [01m[K/home/albertgm13/Documentos/GitHub/IR2117/tb3_ws/olympic/src/rings.cpp:233:8:[m[K [01;31m[Kerror: [m[Kexpected initializer before ‘[01m[Kg[m[K’
[1.262s]   233 | int[5] [01;31m[Kg[m[K[0,0,0,255,255];
[1.264s]       |        [01;31m[K^[m[K
[1.264s] [01m[K/home/albertgm13/Documentos/GitHub/IR2117/tb3_ws/olympic/src/rings.cpp:234:5:[m[K [01;31m[Kerror: [m[Kexpected identifier before numeric constant
[1.264s]   234 | int[[01;31m[K5[m[K] b[255,0,0,0,0];
[1.264s]       |     [01;31m[K^[m[K
[1.265s] [01m[K/home/albertgm13/Documentos/GitHub/IR2117/tb3_ws/olympic/src/rings.cpp:234:5:[m[K [01;31m[Kerror: [m[Kexpected ‘[01m[K][m[K’ before numeric constant
[1.265s]   234 | int[[01;31m[K5[m[K] b[255,0,0,0,0];
[1.265s]       |     [01;31m[K^[m[K
[1.265s]       |     [32m[K][m[K
[1.265s] [01m[K/home/albertgm13/Documentos/GitHub/IR2117/tb3_ws/olympic/src/rings.cpp:234:4:[m[K [01;35m[Kwarning: [m[Kstructured bindings only available with ‘[01m[K-std=c++17[m[K’ or ‘[01m[K-std=gnu++17[m[K’
[1.265s]   234 | int[01;35m[K[[m[K5] b[255,0,0,0,0];
[1.265s]       |    [01;35m[K^[m[K
[1.265s] [01m[K/home/albertgm13/Documentos/GitHub/IR2117/tb3_ws/olympic/src/rings.cpp:234:4:[m[K [01;31m[Kerror: [m[Kstructured binding declaration cannot have type ‘[01m[Kint[m[K’
[1.265s] [01m[K/home/albertgm13/Documentos/GitHub/IR2117/tb3_ws/olympic/src/rings.cpp:234:4:[m[K [01;36m[Knote: [m[Ktype must be cv-qualified ‘[01m[Kauto[m[K’ or reference to cv-qualified ‘[01m[Kauto[m[K’
[1.265s] [01m[K/home/albertgm13/Documentos/GitHub/IR2117/tb3_ws/olympic/src/rings.cpp:234:4:[m[K [01;31m[Kerror: [m[Kempty structured binding declaration
[1.265s] [01m[K/home/albertgm13/Documentos/GitHub/IR2117/tb3_ws/olympic/src/rings.cpp:234:8:[m[K [01;31m[Kerror: [m[Kexpected initializer before ‘[01m[Kb[m[K’
[1.265s]   234 | int[5] [01;31m[Kb[m[K[255,0,0,0,0];
[1.265s]       |        [01;31m[K^[m[K
[1.286s] [01m[K/home/albertgm13/Documentos/GitHub/IR2117/tb3_ws/olympic/src/rings.cpp:260:21:[m[K [01;31m[Kerror: [m[K‘[01m[Kposx[m[K’ was not declared in this scope
[1.286s]   260 |   reqteleportabs->x=[01;31m[Kposx[m[K[i];
[1.286s]       |                     [01;31m[K^~~~[m[K
[1.287s] [01m[K/home/albertgm13/Documentos/GitHub/IR2117/tb3_ws/olympic/src/rings.cpp:261:21:[m[K [01;31m[Kerror: [m[K‘[01m[Kposy[m[K’ was not declared in this scope
[1.287s]   261 |   reqteleportabs->y=[01;31m[Kposy[m[K[i];
[1.288s]       |                     [01;31m[K^~~~[m[K
[1.289s] [01m[K/home/albertgm13/Documentos/GitHub/IR2117/tb3_ws/olympic/src/rings.cpp:274:22:[m[K [01;31m[Kerror: [m[K‘[01m[Kr[m[K’ was not declared in this scope
[1.290s]   274 |   requestsetpen->r = [01;31m[Kr[m[K[i];
[1.290s]       |                      [01;31m[K^[m[K
[1.290s] [01m[K/home/albertgm13/Documentos/GitHub/IR2117/tb3_ws/olympic/src/rings.cpp:275:22:[m[K [01;31m[Kerror: [m[K‘[01m[Kg[m[K’ was not declared in this scope
[1.290s]   275 |   requestsetpen->g = [01;31m[Kg[m[K[i];
[1.291s]       |                      [01;31m[K^[m[K
[1.291s] [01m[K/home/albertgm13/Documentos/GitHub/IR2117/tb3_ws/olympic/src/rings.cpp:276:22:[m[K [01;31m[Kerror: [m[K‘[01m[Kb[m[K’ was not declared in this scope
[1.291s]   276 |   requestsetpen->b = [01;31m[Kb[m[K[i];
[1.292s]       |                      [01;31m[K^[m[K
[1.301s] [01m[K/home/albertgm13/Documentos/GitHub/IR2117/tb3_ws/olympic/src/rings.cpp:230:4:[m[K [01;35m[Kwarning: [m[Kunused structured binding declaration [[01;35m[K-Wunused-variable[m[K]
[1.301s]   230 | int[01;35m[K[[m[K5] posx=[2.5,(2.5+(radius*2)+(radius/6)),(2.5+2*((radius*2)+(radius/6))),(2.5+radius+(radius/6)),(2.5+radius+(radius/6)+(radius*2)+(radius/6))];
[1.302s]       |    [01;35m[K^[m[K
[1.302s] [01m[K/home/albertgm13/Documentos/GitHub/IR2117/tb3_ws/olympic/src/rings.cpp:231:4:[m[K [01;35m[Kwarning: [m[Kunused structured binding declaration [[01;35m[K-Wunused-variable[m[K]
[1.302s]   231 | int[01;35m[K[[m[K5] posy=[6,6,6,6-radius,6-radius]
[1.302s]       |    [01;35m[K^[m[K
[1.302s] [01m[K/home/albertgm13/Documentos/GitHub/IR2117/tb3_ws/olympic/src/rings.cpp:233:4:[m[K [01;35m[Kwarning: [m[Kunused structured binding declaration [[01;35m[K-Wunused-variable[m[K]
[1.302s]   233 | int[01;35m[K[[m[K5] g[0,0,0,255,255];
[1.302s]       |    [01;35m[K^[m[K
[1.302s] [01m[K/home/albertgm13/Documentos/GitHub/IR2117/tb3_ws/olympic/src/rings.cpp:234:4:[m[K [01;35m[Kwarning: [m[Kunused structured binding declaration [[01;35m[K-Wunused-variable[m[K]
[1.302s]   234 | int[01;35m[K[[m[K5] b[255,0,0,0,0];
[1.302s]       |    [01;35m[K^[m[K
[2.318s] make[2]: *** [CMakeFiles/rings.dir/build.make:63: CMakeFiles/rings.dir/src/rings.cpp.o] Error 1
[2.322s] make[1]: *** [CMakeFiles/Makefile2:78: CMakeFiles/rings.dir/all] Error 2
[2.322s] make: *** [Makefile:141: all] Error 2
[2.322s] Invoked command in '/home/albertgm13/Documentos/GitHub/IR2117/tb3_ws/build/olympic' returned '2': CMAKE_PREFIX_PATH=${CMAKE_PREFIX_PATH}:/opt/ros/foxy /usr/bin/cmake --build /home/albertgm13/Documentos/GitHub/IR2117/tb3_ws/build/olympic -- -j1 -l1
