Performing C SOURCE FILE Test CMAKE_HAVE_LIBC_PTHREAD failed with the following output:
Change Dir: /home/albertgm13/Documentos/GitHub/IR2117/tb3_ws/build/olympic/CMakeFiles/CMakeTmp

Run Build Command(s):/usr/bin/make cmTC_ae008/fast && /usr/bin/make -f CMakeFiles/cmTC_ae008.dir/build.make CMakeFiles/cmTC_ae008.dir/build
make[1]: se entra en el directorio '/home/albertgm13/Documentos/GitHub/IR2117/tb3_ws/build/olympic/CMakeFiles/CMakeTmp'
Building C object CMakeFiles/cmTC_ae008.dir/src.c.o
/usr/bin/cc   -DCMAKE_HAVE_LIBC_PTHREAD   -o CMakeFiles/cmTC_ae008.dir/src.c.o   -c /home/albertgm13/Documentos/GitHub/IR2117/tb3_ws/build/olympic/CMakeFiles/CMakeTmp/src.c
Linking C executable cmTC_ae008
/usr/bin/cmake -E cmake_link_script CMakeFiles/cmTC_ae008.dir/link.txt --verbose=1
/usr/bin/cc  -DCMAKE_HAVE_LIBC_PTHREAD    CMakeFiles/cmTC_ae008.dir/src.c.o  -o cmTC_ae008 
/usr/bin/ld: CMakeFiles/cmTC_ae008.dir/src.c.o: en la función `main':
src.c:(.text+0x46): referencia a `pthread_create' sin definir
/usr/bin/ld: src.c:(.text+0x52): referencia a `pthread_detach' sin definir
/usr/bin/ld: src.c:(.text+0x63): referencia a `pthread_join' sin definir
collect2: error: ld returned 1 exit status
make[1]: *** [CMakeFiles/cmTC_ae008.dir/build.make:87: cmTC_ae008] Error 1
make[1]: se sale del directorio '/home/albertgm13/Documentos/GitHub/IR2117/tb3_ws/build/olympic/CMakeFiles/CMakeTmp'
make: *** [Makefile:121: cmTC_ae008/fast] Error 2


Source file was:
#include <pthread.h>

void* test_func(void* data)
{
  return data;
}

int main(void)
{
  pthread_t thread;
  pthread_create(&thread, NULL, test_func, NULL);
  pthread_detach(thread);
  pthread_join(thread, NULL);
  pthread_atfork(NULL, NULL, NULL);
  pthread_exit(NULL);

  return 0;
}

Determining if the function pthread_create exists in the pthreads failed with the following output:
Change Dir: /home/albertgm13/Documentos/GitHub/IR2117/tb3_ws/build/olympic/CMakeFiles/CMakeTmp

Run Build Command(s):/usr/bin/make cmTC_e7489/fast && /usr/bin/make -f CMakeFiles/cmTC_e7489.dir/build.make CMakeFiles/cmTC_e7489.dir/build
make[1]: se entra en el directorio '/home/albertgm13/Documentos/GitHub/IR2117/tb3_ws/build/olympic/CMakeFiles/CMakeTmp'
Building C object CMakeFiles/cmTC_e7489.dir/CheckFunctionExists.c.o
/usr/bin/cc   -DCHECK_FUNCTION_EXISTS=pthread_create   -o CMakeFiles/cmTC_e7489.dir/CheckFunctionExists.c.o   -c /usr/share/cmake-3.16/Modules/CheckFunctionExists.c
Linking C executable cmTC_e7489
/usr/bin/cmake -E cmake_link_script CMakeFiles/cmTC_e7489.dir/link.txt --verbose=1
/usr/bin/cc  -DCHECK_FUNCTION_EXISTS=pthread_create    CMakeFiles/cmTC_e7489.dir/CheckFunctionExists.c.o  -o cmTC_e7489  -lpthreads 
/usr/bin/ld: no se puede encontrar -lpthreads
collect2: error: ld returned 1 exit status
make[1]: *** [CMakeFiles/cmTC_e7489.dir/build.make:87: cmTC_e7489] Error 1
make[1]: se sale del directorio '/home/albertgm13/Documentos/GitHub/IR2117/tb3_ws/build/olympic/CMakeFiles/CMakeTmp'
make: *** [Makefile:121: cmTC_e7489/fast] Error 2



