[0.023s] Invoking command in '/home/usuario/Documentos/GitHub/IR2117/tb3_ws/build/obstacles': CMAKE_PREFIX_PATH=/opt/ros/foxy /usr/bin/cmake --build /home/usuario/Documentos/GitHub/IR2117/tb3_ws/build/obstacles -- -j6 -l6
[0.054s] [35m[1mScanning dependencies of target avoidance[0m
[0.069s] [ 50%] Built target detector
[0.074s] [ 75%] [32mBuilding CXX object CMakeFiles/avoidance.dir/avoidance.cpp.o[0m
[4.074s] [100%] [32m[1mLinking CXX executable avoidance[0m
[4.373s] [100%] Built target avoidance
[4.383s] Invoked command in '/home/usuario/Documentos/GitHub/IR2117/tb3_ws/build/obstacles' returned '0': CMAKE_PREFIX_PATH=/opt/ros/foxy /usr/bin/cmake --build /home/usuario/Documentos/GitHub/IR2117/tb3_ws/build/obstacles -- -j6 -l6
[4.402s] Invoking command in '/home/usuario/Documentos/GitHub/IR2117/tb3_ws/build/obstacles': CMAKE_PREFIX_PATH=/opt/ros/foxy /usr/bin/cmake --install /home/usuario/Documentos/GitHub/IR2117/tb3_ws/build/obstacles
[4.409s] -- Install configuration: ""
[4.413s] -- Installing: /home/usuario/Documentos/GitHub/IR2117/tb3_ws/install/obstacles/lib/obstacles/avoidance
[4.421s] -- Set runtime path of "/home/usuario/Documentos/GitHub/IR2117/tb3_ws/install/obstacles/lib/obstacles/avoidance" to ""
[4.423s] -- Up-to-date: /home/usuario/Documentos/GitHub/IR2117/tb3_ws/install/obstacles/lib/obstacles/detector
[4.426s] -- Up-to-date: /home/usuario/Documentos/GitHub/IR2117/tb3_ws/install/obstacles/share/obstacles/launch
[4.426s] -- Up-to-date: /home/usuario/Documentos/GitHub/IR2117/tb3_ws/install/obstacles/share/obstacles/launch/triple_detector.launch.py
[4.427s] -- Up-to-date: /home/usuario/Documentos/GitHub/IR2117/tb3_ws/install/obstacles/share/ament_index/resource_index/package_run_dependencies/obstacles
[4.427s] -- Up-to-date: /home/usuario/Documentos/GitHub/IR2117/tb3_ws/install/obstacles/share/ament_index/resource_index/parent_prefix_path/obstacles
[4.427s] -- Up-to-date: /home/usuario/Documentos/GitHub/IR2117/tb3_ws/install/obstacles/share/obstacles/environment/ament_prefix_path.sh
[4.427s] -- Up-to-date: /home/usuario/Documentos/GitHub/IR2117/tb3_ws/install/obstacles/share/obstacles/environment/ament_prefix_path.dsv
[4.427s] -- Up-to-date: /home/usuario/Documentos/GitHub/IR2117/tb3_ws/install/obstacles/share/obstacles/environment/path.sh
[4.427s] -- Up-to-date: /home/usuario/Documentos/GitHub/IR2117/tb3_ws/install/obstacles/share/obstacles/environment/path.dsv
[4.427s] -- Up-to-date: /home/usuario/Documentos/GitHub/IR2117/tb3_ws/install/obstacles/share/obstacles/local_setup.bash
[4.427s] -- Up-to-date: /home/usuario/Documentos/GitHub/IR2117/tb3_ws/install/obstacles/share/obstacles/local_setup.sh
[4.427s] -- Up-to-date: /home/usuario/Documentos/GitHub/IR2117/tb3_ws/install/obstacles/share/obstacles/local_setup.zsh
[4.427s] -- Up-to-date: /home/usuario/Documentos/GitHub/IR2117/tb3_ws/install/obstacles/share/obstacles/local_setup.dsv
[4.427s] -- Installing: /home/usuario/Documentos/GitHub/IR2117/tb3_ws/install/obstacles/share/obstacles/package.dsv
[4.427s] -- Up-to-date: /home/usuario/Documentos/GitHub/IR2117/tb3_ws/install/obstacles/share/ament_index/resource_index/packages/obstacles
[4.427s] -- Up-to-date: /home/usuario/Documentos/GitHub/IR2117/tb3_ws/install/obstacles/share/obstacles/cmake/obstaclesConfig.cmake
[4.427s] -- Up-to-date: /home/usuario/Documentos/GitHub/IR2117/tb3_ws/install/obstacles/share/obstacles/cmake/obstaclesConfig-version.cmake
[4.427s] -- Up-to-date: /home/usuario/Documentos/GitHub/IR2117/tb3_ws/install/obstacles/share/obstacles/package.xml
[4.432s] Invoked command in '/home/usuario/Documentos/GitHub/IR2117/tb3_ws/build/obstacles' returned '0': CMAKE_PREFIX_PATH=/opt/ros/foxy /usr/bin/cmake --install /home/usuario/Documentos/GitHub/IR2117/tb3_ws/build/obstacles
