[0.011s] Invoking command in '/home/albertgm13/Documentos/GitHub/IR2117/tb3_ws/build/olympic': CMAKE_PREFIX_PATH=${CMAKE_PREFIX_PATH}:/opt/ros/foxy /usr/bin/cmake /home/albertgm13/Documentos/GitHub/IR2117/tb3_ws/olympic -DCMAKE_INSTALL_PREFIX=/home/albertgm13/Documentos/GitHub/IR2117/tb3_ws/install/olympic
[0.065s] -- The C compiler identification is GNU 9.4.0
[0.133s] -- The CXX compiler identification is GNU 9.4.0
[0.137s] -- Check for working C compiler: /usr/bin/cc
[0.192s] -- Check for working C compiler: /usr/bin/cc -- works
[0.193s] -- Detecting C compiler ABI info
[0.250s] -- Detecting C compiler ABI info - done
[0.260s] -- Detecting C compile features
[0.260s] -- Detecting C compile features - done
[0.262s] -- Check for working CXX compiler: /usr/bin/c++
[0.328s] -- Check for working CXX compiler: /usr/bin/c++ -- works
[0.329s] -- Detecting CXX compiler ABI info
[0.394s] -- Detecting CXX compiler ABI info - done
[0.406s] -- Detecting CXX compile features
[0.406s] -- Detecting CXX compile features - done
[0.409s] -- Found ament_cmake: 0.9.11 (/opt/ros/foxy/share/ament_cmake/cmake)
[0.429s] -- Found PythonInterp: /usr/bin/python3 (found suitable version "3.8.10", minimum required is "3") 
[0.429s] -- Using PYTHON_EXECUTABLE: /usr/bin/python3
[0.619s] -- Found rclcpp: 2.4.2 (/opt/ros/foxy/share/rclcpp/cmake)
[0.672s] -- Using all available rosidl_typesupport_c: rosidl_typesupport_fastrtps_c;rosidl_typesupport_introspection_c
[0.679s] -- Found rosidl_adapter: 1.3.0 (/opt/ros/foxy/share/rosidl_adapter/cmake)
[0.756s] -- Found OpenSSL: /usr/lib/x86_64-linux-gnu/libcrypto.so (found version "1.1.1f")  
[0.782s] -- Found FastRTPS: /opt/ros/foxy/include  
[0.853s] -- Using all available rosidl_typesupport_cpp: rosidl_typesupport_fastrtps_cpp;rosidl_typesupport_introspection_cpp
[0.905s] -- Found rmw_implementation_cmake: 1.0.4 (/opt/ros/foxy/share/rmw_implementation_cmake/cmake)
[0.907s] -- Using RMW implementation 'rmw_fastrtps_cpp' as default
[0.908s] -- Looking for pthread.h
[0.966s] -- Looking for pthread.h - found
[0.967s] -- Performing Test CMAKE_HAVE_LIBC_PTHREAD
[1.030s] -- Performing Test CMAKE_HAVE_LIBC_PTHREAD - Failed
[1.030s] -- Looking for pthread_create in pthreads
[1.083s] -- Looking for pthread_create in pthreads - not found
[1.084s] -- Looking for pthread_create in pthread
[1.143s] -- Looking for pthread_create in pthread - found
[1.144s] -- Found Threads: TRUE  
[1.291s] -- Found geometry_msgs: 2.0.5 (/opt/ros/foxy/share/geometry_msgs/cmake)
[1.323s] -- Found turtlesim: 1.2.6 (/opt/ros/foxy/share/turtlesim/cmake)
[1.422s] -- Found ament_lint_auto: 0.9.8 (/opt/ros/foxy/share/ament_lint_auto/cmake)
[1.486s] -- Added test 'copyright' to check source files copyright and LICENSE
[1.487s] -- Added test 'cppcheck' to perform static code analysis on C / C++ code
[1.487s] -- Configured cppcheck include dirs: $<BUILD_INTERFACE:/home/albertgm13/Documentos/GitHub/IR2117/tb3_ws/olympic/include>
[1.487s] -- Configured cppcheck exclude dirs and/or files: 
[1.488s] -- Added test 'cpplint' to check C / C++ code against the Google style
[1.488s] -- Configured cpplint exclude dirs and/or files: 
[1.489s] -- Added test 'lint_cmake' to check CMake code style
[1.490s] -- Added test 'uncrustify' to check C / C++ code style
[1.490s] -- Configured uncrustify additional arguments: 
[1.490s] -- Added test 'xmllint' to check XML markup files
[1.493s] -- Configuring done
[1.505s] -- Generating done
[1.508s] -- Build files have been written to: /home/albertgm13/Documentos/GitHub/IR2117/tb3_ws/build/olympic
[1.518s] Invoked command in '/home/albertgm13/Documentos/GitHub/IR2117/tb3_ws/build/olympic' returned '0': CMAKE_PREFIX_PATH=${CMAKE_PREFIX_PATH}:/opt/ros/foxy /usr/bin/cmake /home/albertgm13/Documentos/GitHub/IR2117/tb3_ws/olympic -DCMAKE_INSTALL_PREFIX=/home/albertgm13/Documentos/GitHub/IR2117/tb3_ws/install/olympic
[1.519s] Invoking command in '/home/albertgm13/Documentos/GitHub/IR2117/tb3_ws/build/olympic': CMAKE_PREFIX_PATH=${CMAKE_PREFIX_PATH}:/opt/ros/foxy /usr/bin/cmake --build /home/albertgm13/Documentos/GitHub/IR2117/tb3_ws/build/olympic -- -j1 -l1
[1.555s] [35m[1mScanning dependencies of target rings[0m
[1.584s] [ 50%] [32mBuilding CXX object CMakeFiles/rings.dir/src/rings.cpp.o[0m
[4.128s] [100%] [32m[1mLinking CXX executable rings[0m
[4.275s] [100%] Built target rings
[4.287s] Invoked command in '/home/albertgm13/Documentos/GitHub/IR2117/tb3_ws/build/olympic' returned '0': CMAKE_PREFIX_PATH=${CMAKE_PREFIX_PATH}:/opt/ros/foxy /usr/bin/cmake --build /home/albertgm13/Documentos/GitHub/IR2117/tb3_ws/build/olympic -- -j1 -l1
[4.311s] Invoking command in '/home/albertgm13/Documentos/GitHub/IR2117/tb3_ws/build/olympic': CMAKE_PREFIX_PATH=${CMAKE_PREFIX_PATH}:/opt/ros/foxy /usr/bin/cmake --install /home/albertgm13/Documentos/GitHub/IR2117/tb3_ws/build/olympic
[4.322s] -- Install configuration: ""
[4.322s] -- Installing: /home/albertgm13/Documentos/GitHub/IR2117/tb3_ws/install/olympic/lib/olympic/rings
[4.323s] -- Set runtime path of "/home/albertgm13/Documentos/GitHub/IR2117/tb3_ws/install/olympic/lib/olympic/rings" to ""
[4.323s] -- Installing: /home/albertgm13/Documentos/GitHub/IR2117/tb3_ws/install/olympic/share/ament_index/resource_index/package_run_dependencies/olympic
[4.323s] -- Installing: /home/albertgm13/Documentos/GitHub/IR2117/tb3_ws/install/olympic/share/ament_index/resource_index/parent_prefix_path/olympic
[4.324s] -- Installing: /home/albertgm13/Documentos/GitHub/IR2117/tb3_ws/install/olympic/share/olympic/environment/ament_prefix_path.sh
[4.324s] -- Installing: /home/albertgm13/Documentos/GitHub/IR2117/tb3_ws/install/olympic/share/olympic/environment/ament_prefix_path.dsv
[4.324s] -- Installing: /home/albertgm13/Documentos/GitHub/IR2117/tb3_ws/install/olympic/share/olympic/environment/path.sh
[4.325s] -- Installing: /home/albertgm13/Documentos/GitHub/IR2117/tb3_ws/install/olympic/share/olympic/environment/path.dsv
[4.325s] -- Installing: /home/albertgm13/Documentos/GitHub/IR2117/tb3_ws/install/olympic/share/olympic/local_setup.bash
[4.325s] -- Installing: /home/albertgm13/Documentos/GitHub/IR2117/tb3_ws/install/olympic/share/olympic/local_setup.sh
[4.325s] -- Installing: /home/albertgm13/Documentos/GitHub/IR2117/tb3_ws/install/olympic/share/olympic/local_setup.zsh
[4.326s] -- Installing: /home/albertgm13/Documentos/GitHub/IR2117/tb3_ws/install/olympic/share/olympic/local_setup.dsv
[4.326s] -- Installing: /home/albertgm13/Documentos/GitHub/IR2117/tb3_ws/install/olympic/share/olympic/package.dsv
[4.326s] -- Installing: /home/albertgm13/Documentos/GitHub/IR2117/tb3_ws/install/olympic/share/ament_index/resource_index/packages/olympic
[4.326s] -- Installing: /home/albertgm13/Documentos/GitHub/IR2117/tb3_ws/install/olympic/share/olympic/cmake/olympicConfig.cmake
[4.327s] -- Installing: /home/albertgm13/Documentos/GitHub/IR2117/tb3_ws/install/olympic/share/olympic/cmake/olympicConfig-version.cmake
[4.327s] -- Installing: /home/albertgm13/Documentos/GitHub/IR2117/tb3_ws/install/olympic/share/olympic/package.xml
[4.329s] Invoked command in '/home/albertgm13/Documentos/GitHub/IR2117/tb3_ws/build/olympic' returned '0': CMAKE_PREFIX_PATH=${CMAKE_PREFIX_PATH}:/opt/ros/foxy /usr/bin/cmake --install /home/albertgm13/Documentos/GitHub/IR2117/tb3_ws/build/olympic
