-- Found ament_cmake: 0.9.11 (/opt/ros/foxy/share/ament_cmake/cmake)
-- Using PYTHON_EXECUTABLE: /usr/bin/python3
-- Found ament_lint_auto: 0.9.8 (/opt/ros/foxy/share/ament_lint_auto/cmake)
-- Found rosidl_default_generators: 1.0.1 (/opt/ros/foxy/share/rosidl_default_generators/cmake)
-- Using all available rosidl_typesupport_c: rosidl_typesupport_fastrtps_c;rosidl_typesupport_introspection_c
-- Found rosidl_adapter: 1.3.0 (/opt/ros/foxy/share/rosidl_adapter/cmake)
-- Using all available rosidl_typesupport_cpp: rosidl_typesupport_fastrtps_cpp;rosidl_typesupport_introspection_cpp
-- Found PythonInterp: /usr/bin/python3 (found version "3.8.10") 
-- Found ament_cmake_ros: 0.9.2 (/opt/ros/foxy/share/ament_cmake_ros/cmake)
-- Using all available rosidl_typesupport_c: rosidl_typesupport_fastrtps_c;rosidl_typesupport_introspection_c
-- Using all available rosidl_typesupport_cpp: rosidl_typesupport_fastrtps_cpp;rosidl_typesupport_introspection_cpp
-- Found PythonInterp: /usr/bin/python3 (found suitable version "3.8.10", minimum required is "3.5") 
-- Found python_cmake_module: 0.8.1 (/opt/ros/foxy/share/python_cmake_module/cmake)
-- Found PythonLibs: /usr/lib/x86_64-linux-gnu/libpython3.8.so (found suitable version "3.8.10", minimum required is "3.5") 
-- Using PYTHON_EXECUTABLE: /usr/bin/python3
-- Using PYTHON_INCLUDE_DIRS: /usr/include/python3.8
-- Using PYTHON_LIBRARIES: /usr/lib/x86_64-linux-gnu/libpython3.8.so
-- Found PythonExtra: .so  
-- Added test 'copyright' to check source files copyright and LICENSE
-- Added test 'lint_cmake' to check CMake code style
-- Added test 'xmllint' to check XML markup files
-- Configuring done
-- Generating done
-- Build files have been written to: /home/albertgm13/Documentos/GitHub/IR2117/tb3_ws/build/olympics_interfaces
[35m[1mScanning dependencies of target olympics_interfaces__cpp[0m
[  3%] [34m[1mGenerating C++ code for ROS interfaces[0m
[  3%] Built target olympics_interfaces__cpp
[  6%] [34m[1mGenerating C++ introspection for ROS interfaces[0m
[35m[1mScanning dependencies of target olympics_interfaces__rosidl_typesupport_introspection_cpp[0m
[  9%] [32mBuilding CXX object CMakeFiles/olympics_interfaces__rosidl_typesupport_introspection_cpp.dir/rosidl_typesupport_introspection_cpp/olympics_interfaces/action/detail/rings__type_support.cpp.o[0m
[ 12%] [32m[1mLinking CXX shared library libolympics_interfaces__rosidl_typesupport_introspection_cpp.so[0m
[ 12%] Built target olympics_interfaces__rosidl_typesupport_introspection_cpp
[ 16%] [34m[1mGenerating C code for ROS interfaces[0m
[35m[1mScanning dependencies of target olympics_interfaces__rosidl_generator_c[0m
[ 19%] [32mBuilding C object CMakeFiles/olympics_interfaces__rosidl_generator_c.dir/rosidl_generator_c/olympics_interfaces/action/detail/rings__functions.c.o[0m
[ 22%] [32m[1mLinking C shared library libolympics_interfaces__rosidl_generator_c.so[0m
[ 22%] Built target olympics_interfaces__rosidl_generator_c
[ 25%] [34m[1mGenerating C introspection for ROS interfaces[0m
[35m[1mScanning dependencies of target olympics_interfaces__rosidl_typesupport_introspection_c[0m
[ 29%] [32mBuilding C object CMakeFiles/olympics_interfaces__rosidl_typesupport_introspection_c.dir/rosidl_typesupport_introspection_c/olympics_interfaces/action/detail/rings__type_support.c.o[0m
[ 32%] [32m[1mLinking C shared library libolympics_interfaces__rosidl_typesupport_introspection_c.so[0m
[ 32%] Built target olympics_interfaces__rosidl_typesupport_introspection_c
[ 35%] [34m[1mGenerating C++ type support dispatch for ROS interfaces[0m
[35m[1mScanning dependencies of target olympics_interfaces__rosidl_typesupport_cpp[0m
[ 38%] [32mBuilding CXX object CMakeFiles/olympics_interfaces__rosidl_typesupport_cpp.dir/rosidl_typesupport_cpp/olympics_interfaces/action/rings__type_support.cpp.o[0m
[ 41%] [32m[1mLinking CXX shared library libolympics_interfaces__rosidl_typesupport_cpp.so[0m
[ 41%] Built target olympics_interfaces__rosidl_typesupport_cpp
[ 45%] [34m[1mGenerating C++ type support for eProsima Fast-RTPS[0m
[35m[1mScanning dependencies of target olympics_interfaces__rosidl_typesupport_fastrtps_cpp[0m
[ 48%] [32mBuilding CXX object CMakeFiles/olympics_interfaces__rosidl_typesupport_fastrtps_cpp.dir/rosidl_typesupport_fastrtps_cpp/olympics_interfaces/action/detail/dds_fastrtps/rings__type_support.cpp.o[0m
[ 51%] [32m[1mLinking CXX shared library libolympics_interfaces__rosidl_typesupport_fastrtps_cpp.so[0m
[ 51%] Built target olympics_interfaces__rosidl_typesupport_fastrtps_cpp
[ 54%] [34m[1mGenerating C type support for eProsima Fast-RTPS[0m
[35m[1mScanning dependencies of target olympics_interfaces__rosidl_typesupport_fastrtps_c[0m
[ 58%] [32mBuilding CXX object CMakeFiles/olympics_interfaces__rosidl_typesupport_fastrtps_c.dir/rosidl_typesupport_fastrtps_c/olympics_interfaces/action/detail/rings__type_support_c.cpp.o[0m
[ 61%] [32m[1mLinking CXX shared library libolympics_interfaces__rosidl_typesupport_fastrtps_c.so[0m
[ 61%] Built target olympics_interfaces__rosidl_typesupport_fastrtps_c
[ 64%] [34m[1mGenerating C type support dispatch for ROS interfaces[0m
[35m[1mScanning dependencies of target olympics_interfaces__rosidl_typesupport_c[0m
[ 67%] [32mBuilding CXX object CMakeFiles/olympics_interfaces__rosidl_typesupport_c.dir/rosidl_typesupport_c/olympics_interfaces/action/rings__type_support.cpp.o[0m
[ 70%] [32m[1mLinking CXX shared library libolympics_interfaces__rosidl_typesupport_c.so[0m
[ 70%] Built target olympics_interfaces__rosidl_typesupport_c
[35m[1mScanning dependencies of target olympics_interfaces[0m
[ 70%] Built target olympics_interfaces
[35m[1mScanning dependencies of target olympics_interfaces__py[0m
[ 74%] [34m[1mGenerating Python code for ROS interfaces[0m
[ 74%] Built target olympics_interfaces__py
[35m[1mScanning dependencies of target olympics_interfaces__python[0m
[ 77%] [32mBuilding C object CMakeFiles/olympics_interfaces__python.dir/rosidl_generator_py/olympics_interfaces/action/_rings_s.c.o[0m
[ 80%] [32m[1mLinking C shared library rosidl_generator_py/olympics_interfaces/libolympics_interfaces__python.so[0m
[ 80%] Built target olympics_interfaces__python
[35m[1mScanning dependencies of target olympics_interfaces__rosidl_typesupport_introspection_c__pyext[0m
[ 83%] [32mBuilding C object CMakeFiles/olympics_interfaces__rosidl_typesupport_introspection_c__pyext.dir/rosidl_generator_py/olympics_interfaces/_olympics_interfaces_s.ep.rosidl_typesupport_introspection_c.c.o[0m
[ 87%] [32m[1mLinking C shared library rosidl_generator_py/olympics_interfaces/olympics_interfaces_s__rosidl_typesupport_introspection_c.cpython-38-x86_64-linux-gnu.so[0m
[ 87%] Built target olympics_interfaces__rosidl_typesupport_introspection_c__pyext
[35m[1mScanning dependencies of target olympics_interfaces__rosidl_typesupport_fastrtps_c__pyext[0m
[ 90%] [32mBuilding C object CMakeFiles/olympics_interfaces__rosidl_typesupport_fastrtps_c__pyext.dir/rosidl_generator_py/olympics_interfaces/_olympics_interfaces_s.ep.rosidl_typesupport_fastrtps_c.c.o[0m
[ 93%] [32m[1mLinking CXX shared library rosidl_generator_py/olympics_interfaces/olympics_interfaces_s__rosidl_typesupport_fastrtps_c.cpython-38-x86_64-linux-gnu.so[0m
[ 93%] Built target olympics_interfaces__rosidl_typesupport_fastrtps_c__pyext
[35m[1mScanning dependencies of target olympics_interfaces__rosidl_typesupport_c__pyext[0m
[ 96%] [32mBuilding C object CMakeFiles/olympics_interfaces__rosidl_typesupport_c__pyext.dir/rosidl_generator_py/olympics_interfaces/_olympics_interfaces_s.ep.rosidl_typesupport_c.c.o[0m
[100%] [32m[1mLinking C shared library rosidl_generator_py/olympics_interfaces/olympics_interfaces_s__rosidl_typesupport_c.cpython-38-x86_64-linux-gnu.so[0m
[100%] Built target olympics_interfaces__rosidl_typesupport_c__pyext
-- Install configuration: ""
-- Installing: /home/albertgm13/Documentos/GitHub/IR2117/tb3_ws/install/olympics_interfaces/share/ament_index/resource_index/rosidl_interfaces/olympics_interfaces
-- Installing: /home/albertgm13/Documentos/GitHub/IR2117/tb3_ws/install/olympics_interfaces/include/olympics_interfaces
-- Installing: /home/albertgm13/Documentos/GitHub/IR2117/tb3_ws/install/olympics_interfaces/include/olympics_interfaces/msg
-- Installing: /home/albertgm13/Documentos/GitHub/IR2117/tb3_ws/install/olympics_interfaces/include/olympics_interfaces/msg/rosidl_generator_c__visibility_control.h
-- Installing: /home/albertgm13/Documentos/GitHub/IR2117/tb3_ws/install/olympics_interfaces/include/olympics_interfaces/action
-- Installing: /home/albertgm13/Documentos/GitHub/IR2117/tb3_ws/install/olympics_interfaces/include/olympics_interfaces/action/rings.h
-- Installing: /home/albertgm13/Documentos/GitHub/IR2117/tb3_ws/install/olympics_interfaces/include/olympics_interfaces/action/detail
-- Installing: /home/albertgm13/Documentos/GitHub/IR2117/tb3_ws/install/olympics_interfaces/include/olympics_interfaces/action/detail/rings__struct.h
-- Installing: /home/albertgm13/Documentos/GitHub/IR2117/tb3_ws/install/olympics_interfaces/include/olympics_interfaces/action/detail/rings__functions.c
-- Installing: /home/albertgm13/Documentos/GitHub/IR2117/tb3_ws/install/olympics_interfaces/include/olympics_interfaces/action/detail/rings__functions.h
-- Installing: /home/albertgm13/Documentos/GitHub/IR2117/tb3_ws/install/olympics_interfaces/include/olympics_interfaces/action/detail/rings__type_support.h
-- Installing: /home/albertgm13/Documentos/GitHub/IR2117/tb3_ws/install/olympics_interfaces/share/olympics_interfaces/environment/library_path.sh
-- Installing: /home/albertgm13/Documentos/GitHub/IR2117/tb3_ws/install/olympics_interfaces/share/olympics_interfaces/environment/library_path.dsv
-- Installing: /home/albertgm13/Documentos/GitHub/IR2117/tb3_ws/install/olympics_interfaces/lib/libolympics_interfaces__rosidl_generator_c.so
-- Set runtime path of "/home/albertgm13/Documentos/GitHub/IR2117/tb3_ws/install/olympics_interfaces/lib/libolympics_interfaces__rosidl_generator_c.so" to ""
-- Up-to-date: /home/albertgm13/Documentos/GitHub/IR2117/tb3_ws/install/olympics_interfaces/include/olympics_interfaces
-- Up-to-date: /home/albertgm13/Documentos/GitHub/IR2117/tb3_ws/install/olympics_interfaces/include/olympics_interfaces/msg
-- Installing: /home/albertgm13/Documentos/GitHub/IR2117/tb3_ws/install/olympics_interfaces/include/olympics_interfaces/msg/rosidl_typesupport_fastrtps_c__visibility_control.h
-- Up-to-date: /home/albertgm13/Documentos/GitHub/IR2117/tb3_ws/install/olympics_interfaces/include/olympics_interfaces/action
-- Up-to-date: /home/albertgm13/Documentos/GitHub/IR2117/tb3_ws/install/olympics_interfaces/include/olympics_interfaces/action/detail
-- Installing: /home/albertgm13/Documentos/GitHub/IR2117/tb3_ws/install/olympics_interfaces/include/olympics_interfaces/action/detail/rings__rosidl_typesupport_fastrtps_c.h
-- Installing: /home/albertgm13/Documentos/GitHub/IR2117/tb3_ws/install/olympics_interfaces/lib/libolympics_interfaces__rosidl_typesupport_fastrtps_c.so
-- Set runtime path of "/home/albertgm13/Documentos/GitHub/IR2117/tb3_ws/install/olympics_interfaces/lib/libolympics_interfaces__rosidl_typesupport_fastrtps_c.so" to ""
-- Up-to-date: /home/albertgm13/Documentos/GitHub/IR2117/tb3_ws/install/olympics_interfaces/include/olympics_interfaces
-- Up-to-date: /home/albertgm13/Documentos/GitHub/IR2117/tb3_ws/install/olympics_interfaces/include/olympics_interfaces/msg
-- Installing: /home/albertgm13/Documentos/GitHub/IR2117/tb3_ws/install/olympics_interfaces/include/olympics_interfaces/msg/rosidl_typesupport_fastrtps_cpp__visibility_control.h
-- Up-to-date: /home/albertgm13/Documentos/GitHub/IR2117/tb3_ws/install/olympics_interfaces/include/olympics_interfaces/action
-- Up-to-date: /home/albertgm13/Documentos/GitHub/IR2117/tb3_ws/install/olympics_interfaces/include/olympics_interfaces/action/detail
-- Installing: /home/albertgm13/Documentos/GitHub/IR2117/tb3_ws/install/olympics_interfaces/include/olympics_interfaces/action/detail/rings__rosidl_typesupport_fastrtps_cpp.hpp
-- Installing: /home/albertgm13/Documentos/GitHub/IR2117/tb3_ws/install/olympics_interfaces/include/olympics_interfaces/action/detail/dds_fastrtps
-- Installing: /home/albertgm13/Documentos/GitHub/IR2117/tb3_ws/install/olympics_interfaces/lib/libolympics_interfaces__rosidl_typesupport_fastrtps_cpp.so
-- Set runtime path of "/home/albertgm13/Documentos/GitHub/IR2117/tb3_ws/install/olympics_interfaces/lib/libolympics_interfaces__rosidl_typesupport_fastrtps_cpp.so" to ""
-- Up-to-date: /home/albertgm13/Documentos/GitHub/IR2117/tb3_ws/install/olympics_interfaces/include/olympics_interfaces
-- Up-to-date: /home/albertgm13/Documentos/GitHub/IR2117/tb3_ws/install/olympics_interfaces/include/olympics_interfaces/msg
-- Installing: /home/albertgm13/Documentos/GitHub/IR2117/tb3_ws/install/olympics_interfaces/include/olympics_interfaces/msg/rosidl_typesupport_introspection_c__visibility_control.h
-- Up-to-date: /home/albertgm13/Documentos/GitHub/IR2117/tb3_ws/install/olympics_interfaces/include/olympics_interfaces/action
-- Up-to-date: /home/albertgm13/Documentos/GitHub/IR2117/tb3_ws/install/olympics_interfaces/include/olympics_interfaces/action/detail
-- Installing: /home/albertgm13/Documentos/GitHub/IR2117/tb3_ws/install/olympics_interfaces/include/olympics_interfaces/action/detail/rings__rosidl_typesupport_introspection_c.h
-- Installing: /home/albertgm13/Documentos/GitHub/IR2117/tb3_ws/install/olympics_interfaces/include/olympics_interfaces/action/detail/rings__type_support.c
-- Installing: /home/albertgm13/Documentos/GitHub/IR2117/tb3_ws/install/olympics_interfaces/lib/libolympics_interfaces__rosidl_typesupport_introspection_c.so
-- Set runtime path of "/home/albertgm13/Documentos/GitHub/IR2117/tb3_ws/install/olympics_interfaces/lib/libolympics_interfaces__rosidl_typesupport_introspection_c.so" to ""
-- Installing: /home/albertgm13/Documentos/GitHub/IR2117/tb3_ws/install/olympics_interfaces/lib/libolympics_interfaces__rosidl_typesupport_c.so
-- Set runtime path of "/home/albertgm13/Documentos/GitHub/IR2117/tb3_ws/install/olympics_interfaces/lib/libolympics_interfaces__rosidl_typesupport_c.so" to ""
-- Up-to-date: /home/albertgm13/Documentos/GitHub/IR2117/tb3_ws/install/olympics_interfaces/include/olympics_interfaces
-- Up-to-date: /home/albertgm13/Documentos/GitHub/IR2117/tb3_ws/install/olympics_interfaces/include/olympics_interfaces/action
-- Up-to-date: /home/albertgm13/Documentos/GitHub/IR2117/tb3_ws/install/olympics_interfaces/include/olympics_interfaces/action/detail
-- Installing: /home/albertgm13/Documentos/GitHub/IR2117/tb3_ws/install/olympics_interfaces/include/olympics_interfaces/action/detail/rings__builder.hpp
-- Installing: /home/albertgm13/Documentos/GitHub/IR2117/tb3_ws/install/olympics_interfaces/include/olympics_interfaces/action/detail/rings__struct.hpp
-- Installing: /home/albertgm13/Documentos/GitHub/IR2117/tb3_ws/install/olympics_interfaces/include/olympics_interfaces/action/detail/rings__traits.hpp
-- Installing: /home/albertgm13/Documentos/GitHub/IR2117/tb3_ws/install/olympics_interfaces/include/olympics_interfaces/action/rings.hpp
-- Up-to-date: /home/albertgm13/Documentos/GitHub/IR2117/tb3_ws/install/olympics_interfaces/include/olympics_interfaces
-- Up-to-date: /home/albertgm13/Documentos/GitHub/IR2117/tb3_ws/install/olympics_interfaces/include/olympics_interfaces/action
-- Up-to-date: /home/albertgm13/Documentos/GitHub/IR2117/tb3_ws/install/olympics_interfaces/include/olympics_interfaces/action/detail
-- Installing: /home/albertgm13/Documentos/GitHub/IR2117/tb3_ws/install/olympics_interfaces/include/olympics_interfaces/action/detail/rings__rosidl_typesupport_introspection_cpp.hpp
-- Installing: /home/albertgm13/Documentos/GitHub/IR2117/tb3_ws/install/olympics_interfaces/include/olympics_interfaces/action/detail/rings__type_support.cpp
-- Installing: /home/albertgm13/Documentos/GitHub/IR2117/tb3_ws/install/olympics_interfaces/lib/libolympics_interfaces__rosidl_typesupport_introspection_cpp.so
-- Set runtime path of "/home/albertgm13/Documentos/GitHub/IR2117/tb3_ws/install/olympics_interfaces/lib/libolympics_interfaces__rosidl_typesupport_introspection_cpp.so" to ""
-- Installing: /home/albertgm13/Documentos/GitHub/IR2117/tb3_ws/install/olympics_interfaces/lib/libolympics_interfaces__rosidl_typesupport_cpp.so
-- Set runtime path of "/home/albertgm13/Documentos/GitHub/IR2117/tb3_ws/install/olympics_interfaces/lib/libolympics_interfaces__rosidl_typesupport_cpp.so" to ""
-- Installing: /home/albertgm13/Documentos/GitHub/IR2117/tb3_ws/install/olympics_interfaces/share/olympics_interfaces/environment/pythonpath.sh
-- Installing: /home/albertgm13/Documentos/GitHub/IR2117/tb3_ws/install/olympics_interfaces/share/olympics_interfaces/environment/pythonpath.dsv
-- Installing: /home/albertgm13/Documentos/GitHub/IR2117/tb3_ws/install/olympics_interfaces/lib/python3.8/site-packages/olympics_interfaces/__init__.py
Compiling '/home/albertgm13/Documentos/GitHub/IR2117/tb3_ws/install/olympics_interfaces/lib/python3.8/site-packages/olympics_interfaces/__init__.py'...
-- Installing: /home/albertgm13/Documentos/GitHub/IR2117/tb3_ws/install/olympics_interfaces/lib/python3.8/site-packages/olympics_interfaces/action
-- Installing: /home/albertgm13/Documentos/GitHub/IR2117/tb3_ws/install/olympics_interfaces/lib/python3.8/site-packages/olympics_interfaces/action/_rings.py
-- Installing: /home/albertgm13/Documentos/GitHub/IR2117/tb3_ws/install/olympics_interfaces/lib/python3.8/site-packages/olympics_interfaces/action/_rings_s.c
-- Installing: /home/albertgm13/Documentos/GitHub/IR2117/tb3_ws/install/olympics_interfaces/lib/python3.8/site-packages/olympics_interfaces/action/__init__.py
-- Installing: /home/albertgm13/Documentos/GitHub/IR2117/tb3_ws/install/olympics_interfaces/lib/python3.8/site-packages/olympics_interfaces/olympics_interfaces_s__rosidl_typesupport_fastrtps_c.cpython-38-x86_64-linux-gnu.so
-- Set runtime path of "/home/albertgm13/Documentos/GitHub/IR2117/tb3_ws/install/olympics_interfaces/lib/python3.8/site-packages/olympics_interfaces/olympics_interfaces_s__rosidl_typesupport_fastrtps_c.cpython-38-x86_64-linux-gnu.so" to ""
-- Installing: /home/albertgm13/Documentos/GitHub/IR2117/tb3_ws/install/olympics_interfaces/lib/python3.8/site-packages/olympics_interfaces/olympics_interfaces_s__rosidl_typesupport_introspection_c.cpython-38-x86_64-linux-gnu.so
-- Set runtime path of "/home/albertgm13/Documentos/GitHub/IR2117/tb3_ws/install/olympics_interfaces/lib/python3.8/site-packages/olympics_interfaces/olympics_interfaces_s__rosidl_typesupport_introspection_c.cpython-38-x86_64-linux-gnu.so" to ""
-- Installing: /home/albertgm13/Documentos/GitHub/IR2117/tb3_ws/install/olympics_interfaces/lib/python3.8/site-packages/olympics_interfaces/olympics_interfaces_s__rosidl_typesupport_c.cpython-38-x86_64-linux-gnu.so
-- Set runtime path of "/home/albertgm13/Documentos/GitHub/IR2117/tb3_ws/install/olympics_interfaces/lib/python3.8/site-packages/olympics_interfaces/olympics_interfaces_s__rosidl_typesupport_c.cpython-38-x86_64-linux-gnu.so" to ""
-- Installing: /home/albertgm13/Documentos/GitHub/IR2117/tb3_ws/install/olympics_interfaces/lib/libolympics_interfaces__python.so
-- Set runtime path of "/home/albertgm13/Documentos/GitHub/IR2117/tb3_ws/install/olympics_interfaces/lib/libolympics_interfaces__python.so" to ""
-- Installing: /home/albertgm13/Documentos/GitHub/IR2117/tb3_ws/install/olympics_interfaces/share/olympics_interfaces/action/Rings.idl
-- Installing: /home/albertgm13/Documentos/GitHub/IR2117/tb3_ws/install/olympics_interfaces/share/olympics_interfaces/action/Rings.action
-- Installing: /home/albertgm13/Documentos/GitHub/IR2117/tb3_ws/install/olympics_interfaces/share/ament_index/resource_index/package_run_dependencies/olympics_interfaces
-- Installing: /home/albertgm13/Documentos/GitHub/IR2117/tb3_ws/install/olympics_interfaces/share/ament_index/resource_index/parent_prefix_path/olympics_interfaces
-- Up-to-date: /home/albertgm13/Documentos/GitHub/IR2117/tb3_ws/install/olympics_interfaces/share/olympics_interfaces/environment/ament_prefix_path.sh
-- Installing: /home/albertgm13/Documentos/GitHub/IR2117/tb3_ws/install/olympics_interfaces/share/olympics_interfaces/environment/ament_prefix_path.dsv
-- Up-to-date: /home/albertgm13/Documentos/GitHub/IR2117/tb3_ws/install/olympics_interfaces/share/olympics_interfaces/environment/path.sh
-- Installing: /home/albertgm13/Documentos/GitHub/IR2117/tb3_ws/install/olympics_interfaces/share/olympics_interfaces/environment/path.dsv
-- Up-to-date: /home/albertgm13/Documentos/GitHub/IR2117/tb3_ws/install/olympics_interfaces/share/olympics_interfaces/local_setup.bash
-- Installing: /home/albertgm13/Documentos/GitHub/IR2117/tb3_ws/install/olympics_interfaces/share/olympics_interfaces/local_setup.sh
-- Up-to-date: /home/albertgm13/Documentos/GitHub/IR2117/tb3_ws/install/olympics_interfaces/share/olympics_interfaces/local_setup.zsh
-- Installing: /home/albertgm13/Documentos/GitHub/IR2117/tb3_ws/install/olympics_interfaces/share/olympics_interfaces/local_setup.dsv
-- Installing: /home/albertgm13/Documentos/GitHub/IR2117/tb3_ws/install/olympics_interfaces/share/olympics_interfaces/package.dsv
-- Up-to-date: /home/albertgm13/Documentos/GitHub/IR2117/tb3_ws/install/olympics_interfaces/share/ament_index/resource_index/packages/olympics_interfaces
-- Installing: /home/albertgm13/Documentos/GitHub/IR2117/tb3_ws/install/olympics_interfaces/share/olympics_interfaces/cmake/olympics_interfaces__rosidl_generator_cExport.cmake
-- Installing: /home/albertgm13/Documentos/GitHub/IR2117/tb3_ws/install/olympics_interfaces/share/olympics_interfaces/cmake/olympics_interfaces__rosidl_generator_cExport-noconfig.cmake
-- Installing: /home/albertgm13/Documentos/GitHub/IR2117/tb3_ws/install/olympics_interfaces/share/olympics_interfaces/cmake/olympics_interfaces__rosidl_typesupport_introspection_cExport.cmake
-- Installing: /home/albertgm13/Documentos/GitHub/IR2117/tb3_ws/install/olympics_interfaces/share/olympics_interfaces/cmake/olympics_interfaces__rosidl_typesupport_introspection_cExport-noconfig.cmake
-- Installing: /home/albertgm13/Documentos/GitHub/IR2117/tb3_ws/install/olympics_interfaces/share/olympics_interfaces/cmake/olympics_interfaces__rosidl_typesupport_cExport.cmake
-- Installing: /home/albertgm13/Documentos/GitHub/IR2117/tb3_ws/install/olympics_interfaces/share/olympics_interfaces/cmake/olympics_interfaces__rosidl_typesupport_cExport-noconfig.cmake
-- Installing: /home/albertgm13/Documentos/GitHub/IR2117/tb3_ws/install/olympics_interfaces/share/olympics_interfaces/cmake/olympics_interfaces__rosidl_generator_cppExport.cmake
-- Installing: /home/albertgm13/Documentos/GitHub/IR2117/tb3_ws/install/olympics_interfaces/share/olympics_interfaces/cmake/olympics_interfaces__rosidl_typesupport_introspection_cppExport.cmake
-- Installing: /home/albertgm13/Documentos/GitHub/IR2117/tb3_ws/install/olympics_interfaces/share/olympics_interfaces/cmake/olympics_interfaces__rosidl_typesupport_introspection_cppExport-noconfig.cmake
-- Installing: /home/albertgm13/Documentos/GitHub/IR2117/tb3_ws/install/olympics_interfaces/share/olympics_interfaces/cmake/olympics_interfaces__rosidl_typesupport_cppExport.cmake
-- Installing: /home/albertgm13/Documentos/GitHub/IR2117/tb3_ws/install/olympics_interfaces/share/olympics_interfaces/cmake/olympics_interfaces__rosidl_typesupport_cppExport-noconfig.cmake
-- Installing: /home/albertgm13/Documentos/GitHub/IR2117/tb3_ws/install/olympics_interfaces/share/olympics_interfaces/cmake/rosidl_cmake-extras.cmake
-- Installing: /home/albertgm13/Documentos/GitHub/IR2117/tb3_ws/install/olympics_interfaces/share/olympics_interfaces/cmake/ament_cmake_export_dependencies-extras.cmake
-- Installing: /home/albertgm13/Documentos/GitHub/IR2117/tb3_ws/install/olympics_interfaces/share/olympics_interfaces/cmake/ament_cmake_export_libraries-extras.cmake
-- Installing: /home/albertgm13/Documentos/GitHub/IR2117/tb3_ws/install/olympics_interfaces/share/olympics_interfaces/cmake/ament_cmake_export_targets-extras.cmake
-- Installing: /home/albertgm13/Documentos/GitHub/IR2117/tb3_ws/install/olympics_interfaces/share/olympics_interfaces/cmake/ament_cmake_export_include_directories-extras.cmake
-- Installing: /home/albertgm13/Documentos/GitHub/IR2117/tb3_ws/install/olympics_interfaces/share/olympics_interfaces/cmake/rosidl_cmake_export_typesupport_libraries-extras.cmake
-- Installing: /home/albertgm13/Documentos/GitHub/IR2117/tb3_ws/install/olympics_interfaces/share/olympics_interfaces/cmake/rosidl_cmake_export_typesupport_targets-extras.cmake
-- Installing: /home/albertgm13/Documentos/GitHub/IR2117/tb3_ws/install/olympics_interfaces/share/olympics_interfaces/cmake/olympics_interfacesConfig.cmake
-- Up-to-date: /home/albertgm13/Documentos/GitHub/IR2117/tb3_ws/install/olympics_interfaces/share/olympics_interfaces/cmake/olympics_interfacesConfig-version.cmake
-- Installing: /home/albertgm13/Documentos/GitHub/IR2117/tb3_ws/install/olympics_interfaces/share/olympics_interfaces/package.xml
