[0.007s] Invoking command in '/home/albertgm13/Documentos/GitHub/IR2117/tb3_ws/build/olympics_interfaces': CMAKE_PREFIX_PATH=${CMAKE_PREFIX_PATH}:/opt/ros/foxy /usr/bin/cmake --build /home/albertgm13/Documentos/GitHub/IR2117/tb3_ws/build/olympics_interfaces -- -j1 -l1
[0.039s] -- Found ament_cmake: 0.9.11 (/opt/ros/foxy/share/ament_cmake/cmake)
[0.056s] -- Using PYTHON_EXECUTABLE: /usr/bin/python3
[0.205s] -- Found ament_lint_auto: 0.9.8 (/opt/ros/foxy/share/ament_lint_auto/cmake)
[0.253s] -- Found rosidl_default_generators: 1.0.1 (/opt/ros/foxy/share/rosidl_default_generators/cmake)
[0.255s] -- Using all available rosidl_typesupport_c: rosidl_typesupport_fastrtps_c;rosidl_typesupport_introspection_c
[0.258s] -- Found rosidl_adapter: 1.3.0 (/opt/ros/foxy/share/rosidl_adapter/cmake)
[0.371s] -- Using all available rosidl_typesupport_cpp: rosidl_typesupport_fastrtps_cpp;rosidl_typesupport_introspection_cpp
[0.406s] -- Found PythonInterp: /usr/bin/python3 (found version "3.8.10") 
[0.549s] -- Found ament_cmake_ros: 0.9.2 (/opt/ros/foxy/share/ament_cmake_ros/cmake)
[0.676s] -- Using all available rosidl_typesupport_c: rosidl_typesupport_fastrtps_c;rosidl_typesupport_introspection_c
[0.702s] -- Using all available rosidl_typesupport_cpp: rosidl_typesupport_fastrtps_cpp;rosidl_typesupport_introspection_cpp
[0.734s] -- Found PythonInterp: /usr/bin/python3 (found suitable version "3.8.10", minimum required is "3.5") 
[0.749s] -- Found python_cmake_module: 0.8.1 (/opt/ros/foxy/share/python_cmake_module/cmake)
[0.776s] -- Found PythonLibs: /usr/lib/x86_64-linux-gnu/libpython3.8.so (found suitable version "3.8.10", minimum required is "3.5") 
[0.776s] -- Using PYTHON_EXECUTABLE: /usr/bin/python3
[0.776s] -- Using PYTHON_INCLUDE_DIRS: /usr/include/python3.8
[0.776s] -- Using PYTHON_LIBRARIES: /usr/lib/x86_64-linux-gnu/libpython3.8.so
[0.793s] -- Found PythonExtra: .so  
[0.839s] -- Added test 'copyright' to check source files copyright and LICENSE
[0.841s] -- Added test 'lint_cmake' to check CMake code style
[0.852s] -- Added test 'xmllint' to check XML markup files
[0.864s] -- Configuring done
[0.914s] -- Generating done
[0.916s] -- Build files have been written to: /home/albertgm13/Documentos/GitHub/IR2117/tb3_ws/build/olympics_interfaces
[0.939s] [35m[1mScanning dependencies of target olympics_interfaces__cpp[0m
[0.947s] [  3%] [34m[1mGenerating C++ code for ROS interfaces[0m
[1.266s] [  3%] Built target olympics_interfaces__cpp
[1.274s] [  6%] [34m[1mGenerating C++ introspection for ROS interfaces[0m
[1.512s] [35m[1mScanning dependencies of target olympics_interfaces__rosidl_typesupport_introspection_cpp[0m
[1.535s] [  9%] [32mBuilding CXX object CMakeFiles/olympics_interfaces__rosidl_typesupport_introspection_cpp.dir/rosidl_typesupport_introspection_cpp/olympics_interfaces/action/detail/rings__type_support.cpp.o[0m
[1.801s] [ 12%] [32m[1mLinking CXX shared library libolympics_interfaces__rosidl_typesupport_introspection_cpp.so[0m
[1.857s] [ 12%] Built target olympics_interfaces__rosidl_typesupport_introspection_cpp
[1.866s] [ 16%] [34m[1mGenerating C code for ROS interfaces[0m
[2.196s] [35m[1mScanning dependencies of target olympics_interfaces__rosidl_generator_c[0m
[2.210s] [ 19%] [32mBuilding C object CMakeFiles/olympics_interfaces__rosidl_generator_c.dir/rosidl_generator_c/olympics_interfaces/action/detail/rings__functions.c.o[0m
[2.320s] [ 22%] [32m[1mLinking C shared library libolympics_interfaces__rosidl_generator_c.so[0m
[2.350s] [ 22%] Built target olympics_interfaces__rosidl_generator_c
[2.358s] [ 25%] [34m[1mGenerating C introspection for ROS interfaces[0m
[2.612s] [35m[1mScanning dependencies of target olympics_interfaces__rosidl_typesupport_introspection_c[0m
[2.627s] [ 29%] [32mBuilding C object CMakeFiles/olympics_interfaces__rosidl_typesupport_introspection_c.dir/rosidl_typesupport_introspection_c/olympics_interfaces/action/detail/rings__type_support.c.o[0m
[2.664s] [ 32%] [32m[1mLinking C shared library libolympics_interfaces__rosidl_typesupport_introspection_c.so[0m
[2.688s] [ 32%] Built target olympics_interfaces__rosidl_typesupport_introspection_c
[2.695s] [ 35%] [34m[1mGenerating C++ type support dispatch for ROS interfaces[0m
[2.897s] [35m[1mScanning dependencies of target olympics_interfaces__rosidl_typesupport_cpp[0m
[2.911s] [ 38%] [32mBuilding CXX object CMakeFiles/olympics_interfaces__rosidl_typesupport_cpp.dir/rosidl_typesupport_cpp/olympics_interfaces/action/rings__type_support.cpp.o[0m
[3.176s] [ 41%] [32m[1mLinking CXX shared library libolympics_interfaces__rosidl_typesupport_cpp.so[0m
[3.207s] [ 41%] Built target olympics_interfaces__rosidl_typesupport_cpp
[3.215s] [ 45%] [34m[1mGenerating C++ type support for eProsima Fast-RTPS[0m
[3.494s] [35m[1mScanning dependencies of target olympics_interfaces__rosidl_typesupport_fastrtps_cpp[0m
[3.517s] [ 48%] [32mBuilding CXX object CMakeFiles/olympics_interfaces__rosidl_typesupport_fastrtps_cpp.dir/rosidl_typesupport_fastrtps_cpp/olympics_interfaces/action/detail/dds_fastrtps/rings__type_support.cpp.o[0m
[3.904s] [ 51%] [32m[1mLinking CXX shared library libolympics_interfaces__rosidl_typesupport_fastrtps_cpp.so[0m
[3.973s] [ 51%] Built target olympics_interfaces__rosidl_typesupport_fastrtps_cpp
[3.981s] [ 54%] [34m[1mGenerating C type support for eProsima Fast-RTPS[0m
[4.266s] [35m[1mScanning dependencies of target olympics_interfaces__rosidl_typesupport_fastrtps_c[0m
[4.283s] [ 58%] [32mBuilding CXX object CMakeFiles/olympics_interfaces__rosidl_typesupport_fastrtps_c.dir/rosidl_typesupport_fastrtps_c/olympics_interfaces/action/detail/rings__type_support_c.cpp.o[0m
[4.607s] [ 61%] [32m[1mLinking CXX shared library libolympics_interfaces__rosidl_typesupport_fastrtps_c.so[0m
[4.674s] [ 61%] Built target olympics_interfaces__rosidl_typesupport_fastrtps_c
[4.682s] [ 64%] [34m[1mGenerating C type support dispatch for ROS interfaces[0m
[4.881s] [35m[1mScanning dependencies of target olympics_interfaces__rosidl_typesupport_c[0m
[4.898s] [ 67%] [32mBuilding CXX object CMakeFiles/olympics_interfaces__rosidl_typesupport_c.dir/rosidl_typesupport_c/olympics_interfaces/action/rings__type_support.cpp.o[0m
[4.938s] [ 70%] [32m[1mLinking CXX shared library libolympics_interfaces__rosidl_typesupport_c.so[0m
[4.971s] [ 70%] Built target olympics_interfaces__rosidl_typesupport_c
[4.979s] [35m[1mScanning dependencies of target olympics_interfaces[0m
[4.987s] [ 70%] Built target olympics_interfaces
[4.995s] [35m[1mScanning dependencies of target olympics_interfaces__py[0m
[5.003s] [ 74%] [34m[1mGenerating Python code for ROS interfaces[0m
[5.655s] [ 74%] Built target olympics_interfaces__py
[5.663s] [35m[1mScanning dependencies of target olympics_interfaces__python[0m
[5.710s] [ 77%] [32mBuilding C object CMakeFiles/olympics_interfaces__python.dir/rosidl_generator_py/olympics_interfaces/action/_rings_s.c.o[0m
[5.916s] [ 80%] [32m[1mLinking C shared library rosidl_generator_py/olympics_interfaces/libolympics_interfaces__python.so[0m
[5.997s] [ 80%] Built target olympics_interfaces__python
[6.018s] [35m[1mScanning dependencies of target olympics_interfaces__rosidl_typesupport_introspection_c__pyext[0m
[6.048s] [ 83%] [32mBuilding C object CMakeFiles/olympics_interfaces__rosidl_typesupport_introspection_c__pyext.dir/rosidl_generator_py/olympics_interfaces/_olympics_interfaces_s.ep.rosidl_typesupport_introspection_c.c.o[0m
[6.198s] [ 87%] [32m[1mLinking C shared library rosidl_generator_py/olympics_interfaces/olympics_interfaces_s__rosidl_typesupport_introspection_c.cpython-38-x86_64-linux-gnu.so[0m
[6.228s] [ 87%] Built target olympics_interfaces__rosidl_typesupport_introspection_c__pyext
[6.241s] [35m[1mScanning dependencies of target olympics_interfaces__rosidl_typesupport_fastrtps_c__pyext[0m
[6.257s] [ 90%] [32mBuilding C object CMakeFiles/olympics_interfaces__rosidl_typesupport_fastrtps_c__pyext.dir/rosidl_generator_py/olympics_interfaces/_olympics_interfaces_s.ep.rosidl_typesupport_fastrtps_c.c.o[0m
[6.340s] [ 93%] [32m[1mLinking CXX shared library rosidl_generator_py/olympics_interfaces/olympics_interfaces_s__rosidl_typesupport_fastrtps_c.cpython-38-x86_64-linux-gnu.so[0m
[6.394s] [ 93%] Built target olympics_interfaces__rosidl_typesupport_fastrtps_c__pyext
[6.403s] [35m[1mScanning dependencies of target olympics_interfaces__rosidl_typesupport_c__pyext[0m
[6.416s] [ 96%] [32mBuilding C object CMakeFiles/olympics_interfaces__rosidl_typesupport_c__pyext.dir/rosidl_generator_py/olympics_interfaces/_olympics_interfaces_s.ep.rosidl_typesupport_c.c.o[0m
[6.500s] [100%] [32m[1mLinking C shared library rosidl_generator_py/olympics_interfaces/olympics_interfaces_s__rosidl_typesupport_c.cpython-38-x86_64-linux-gnu.so[0m
[6.530s] [100%] Built target olympics_interfaces__rosidl_typesupport_c__pyext
[6.540s] Invoked command in '/home/albertgm13/Documentos/GitHub/IR2117/tb3_ws/build/olympics_interfaces' returned '0': CMAKE_PREFIX_PATH=${CMAKE_PREFIX_PATH}:/opt/ros/foxy /usr/bin/cmake --build /home/albertgm13/Documentos/GitHub/IR2117/tb3_ws/build/olympics_interfaces -- -j1 -l1
[6.590s] Invoking command in '/home/albertgm13/Documentos/GitHub/IR2117/tb3_ws/build/olympics_interfaces': CMAKE_PREFIX_PATH=${CMAKE_PREFIX_PATH}:/opt/ros/foxy /usr/bin/cmake --install /home/albertgm13/Documentos/GitHub/IR2117/tb3_ws/build/olympics_interfaces
[6.598s] -- Install configuration: ""
[6.598s] -- Installing: /home/albertgm13/Documentos/GitHub/IR2117/tb3_ws/install/olympics_interfaces/share/ament_index/resource_index/rosidl_interfaces/olympics_interfaces
[6.599s] -- Installing: /home/albertgm13/Documentos/GitHub/IR2117/tb3_ws/install/olympics_interfaces/include/olympics_interfaces
[6.599s] -- Installing: /home/albertgm13/Documentos/GitHub/IR2117/tb3_ws/install/olympics_interfaces/include/olympics_interfaces/msg
[6.599s] -- Installing: /home/albertgm13/Documentos/GitHub/IR2117/tb3_ws/install/olympics_interfaces/include/olympics_interfaces/msg/rosidl_generator_c__visibility_control.h
[6.599s] -- Installing: /home/albertgm13/Documentos/GitHub/IR2117/tb3_ws/install/olympics_interfaces/include/olympics_interfaces/action
[6.599s] -- Installing: /home/albertgm13/Documentos/GitHub/IR2117/tb3_ws/install/olympics_interfaces/include/olympics_interfaces/action/rings.h
[6.599s] -- Installing: /home/albertgm13/Documentos/GitHub/IR2117/tb3_ws/install/olympics_interfaces/include/olympics_interfaces/action/detail
[6.600s] -- Installing: /home/albertgm13/Documentos/GitHub/IR2117/tb3_ws/install/olympics_interfaces/include/olympics_interfaces/action/detail/rings__struct.h
[6.600s] -- Installing: /home/albertgm13/Documentos/GitHub/IR2117/tb3_ws/install/olympics_interfaces/include/olympics_interfaces/action/detail/rings__functions.c
[6.600s] -- Installing: /home/albertgm13/Documentos/GitHub/IR2117/tb3_ws/install/olympics_interfaces/include/olympics_interfaces/action/detail/rings__functions.h
[6.600s] -- Installing: /home/albertgm13/Documentos/GitHub/IR2117/tb3_ws/install/olympics_interfaces/include/olympics_interfaces/action/detail/rings__type_support.h
[6.601s] -- Installing: /home/albertgm13/Documentos/GitHub/IR2117/tb3_ws/install/olympics_interfaces/share/olympics_interfaces/environment/library_path.sh
[6.601s] -- Installing: /home/albertgm13/Documentos/GitHub/IR2117/tb3_ws/install/olympics_interfaces/share/olympics_interfaces/environment/library_path.dsv
[6.601s] -- Installing: /home/albertgm13/Documentos/GitHub/IR2117/tb3_ws/install/olympics_interfaces/lib/libolympics_interfaces__rosidl_generator_c.so
[6.602s] -- Set runtime path of "/home/albertgm13/Documentos/GitHub/IR2117/tb3_ws/install/olympics_interfaces/lib/libolympics_interfaces__rosidl_generator_c.so" to ""
[6.602s] -- Up-to-date: /home/albertgm13/Documentos/GitHub/IR2117/tb3_ws/install/olympics_interfaces/include/olympics_interfaces
[6.602s] -- Up-to-date: /home/albertgm13/Documentos/GitHub/IR2117/tb3_ws/install/olympics_interfaces/include/olympics_interfaces/msg
[6.602s] -- Installing: /home/albertgm13/Documentos/GitHub/IR2117/tb3_ws/install/olympics_interfaces/include/olympics_interfaces/msg/rosidl_typesupport_fastrtps_c__visibility_control.h
[6.602s] -- Up-to-date: /home/albertgm13/Documentos/GitHub/IR2117/tb3_ws/install/olympics_interfaces/include/olympics_interfaces/action
[6.602s] -- Up-to-date: /home/albertgm13/Documentos/GitHub/IR2117/tb3_ws/install/olympics_interfaces/include/olympics_interfaces/action/detail
[6.603s] -- Installing: /home/albertgm13/Documentos/GitHub/IR2117/tb3_ws/install/olympics_interfaces/include/olympics_interfaces/action/detail/rings__rosidl_typesupport_fastrtps_c.h
[6.603s] -- Installing: /home/albertgm13/Documentos/GitHub/IR2117/tb3_ws/install/olympics_interfaces/lib/libolympics_interfaces__rosidl_typesupport_fastrtps_c.so
[6.603s] -- Set runtime path of "/home/albertgm13/Documentos/GitHub/IR2117/tb3_ws/install/olympics_interfaces/lib/libolympics_interfaces__rosidl_typesupport_fastrtps_c.so" to ""
[6.603s] -- Up-to-date: /home/albertgm13/Documentos/GitHub/IR2117/tb3_ws/install/olympics_interfaces/include/olympics_interfaces
[6.604s] -- Up-to-date: /home/albertgm13/Documentos/GitHub/IR2117/tb3_ws/install/olympics_interfaces/include/olympics_interfaces/msg
[6.604s] -- Installing: /home/albertgm13/Documentos/GitHub/IR2117/tb3_ws/install/olympics_interfaces/include/olympics_interfaces/msg/rosidl_typesupport_fastrtps_cpp__visibility_control.h
[6.604s] -- Up-to-date: /home/albertgm13/Documentos/GitHub/IR2117/tb3_ws/install/olympics_interfaces/include/olympics_interfaces/action
[6.604s] -- Up-to-date: /home/albertgm13/Documentos/GitHub/IR2117/tb3_ws/install/olympics_interfaces/include/olympics_interfaces/action/detail
[6.604s] -- Installing: /home/albertgm13/Documentos/GitHub/IR2117/tb3_ws/install/olympics_interfaces/include/olympics_interfaces/action/detail/rings__rosidl_typesupport_fastrtps_cpp.hpp
[6.604s] -- Installing: /home/albertgm13/Documentos/GitHub/IR2117/tb3_ws/install/olympics_interfaces/include/olympics_interfaces/action/detail/dds_fastrtps
[6.604s] -- Installing: /home/albertgm13/Documentos/GitHub/IR2117/tb3_ws/install/olympics_interfaces/lib/libolympics_interfaces__rosidl_typesupport_fastrtps_cpp.so
[6.605s] -- Set runtime path of "/home/albertgm13/Documentos/GitHub/IR2117/tb3_ws/install/olympics_interfaces/lib/libolympics_interfaces__rosidl_typesupport_fastrtps_cpp.so" to ""
[6.605s] -- Up-to-date: /home/albertgm13/Documentos/GitHub/IR2117/tb3_ws/install/olympics_interfaces/include/olympics_interfaces
[6.605s] -- Up-to-date: /home/albertgm13/Documentos/GitHub/IR2117/tb3_ws/install/olympics_interfaces/include/olympics_interfaces/msg
[6.605s] -- Installing: /home/albertgm13/Documentos/GitHub/IR2117/tb3_ws/install/olympics_interfaces/include/olympics_interfaces/msg/rosidl_typesupport_introspection_c__visibility_control.h
[6.605s] -- Up-to-date: /home/albertgm13/Documentos/GitHub/IR2117/tb3_ws/install/olympics_interfaces/include/olympics_interfaces/action
[6.606s] -- Up-to-date: /home/albertgm13/Documentos/GitHub/IR2117/tb3_ws/install/olympics_interfaces/include/olympics_interfaces/action/detail
[6.606s] -- Installing: /home/albertgm13/Documentos/GitHub/IR2117/tb3_ws/install/olympics_interfaces/include/olympics_interfaces/action/detail/rings__rosidl_typesupport_introspection_c.h
[6.606s] -- Installing: /home/albertgm13/Documentos/GitHub/IR2117/tb3_ws/install/olympics_interfaces/include/olympics_interfaces/action/detail/rings__type_support.c
[6.606s] -- Installing: /home/albertgm13/Documentos/GitHub/IR2117/tb3_ws/install/olympics_interfaces/lib/libolympics_interfaces__rosidl_typesupport_introspection_c.so
[6.606s] -- Set runtime path of "/home/albertgm13/Documentos/GitHub/IR2117/tb3_ws/install/olympics_interfaces/lib/libolympics_interfaces__rosidl_typesupport_introspection_c.so" to ""
[6.607s] -- Installing: /home/albertgm13/Documentos/GitHub/IR2117/tb3_ws/install/olympics_interfaces/lib/libolympics_interfaces__rosidl_typesupport_c.so
[6.607s] -- Set runtime path of "/home/albertgm13/Documentos/GitHub/IR2117/tb3_ws/install/olympics_interfaces/lib/libolympics_interfaces__rosidl_typesupport_c.so" to ""
[6.607s] -- Up-to-date: /home/albertgm13/Documentos/GitHub/IR2117/tb3_ws/install/olympics_interfaces/include/olympics_interfaces
[6.607s] -- Up-to-date: /home/albertgm13/Documentos/GitHub/IR2117/tb3_ws/install/olympics_interfaces/include/olympics_interfaces/action
[6.607s] -- Up-to-date: /home/albertgm13/Documentos/GitHub/IR2117/tb3_ws/install/olympics_interfaces/include/olympics_interfaces/action/detail
[6.608s] -- Installing: /home/albertgm13/Documentos/GitHub/IR2117/tb3_ws/install/olympics_interfaces/include/olympics_interfaces/action/detail/rings__builder.hpp
[6.608s] -- Installing: /home/albertgm13/Documentos/GitHub/IR2117/tb3_ws/install/olympics_interfaces/include/olympics_interfaces/action/detail/rings__struct.hpp
[6.608s] -- Installing: /home/albertgm13/Documentos/GitHub/IR2117/tb3_ws/install/olympics_interfaces/include/olympics_interfaces/action/detail/rings__traits.hpp
[6.608s] -- Installing: /home/albertgm13/Documentos/GitHub/IR2117/tb3_ws/install/olympics_interfaces/include/olympics_interfaces/action/rings.hpp
[6.608s] -- Up-to-date: /home/albertgm13/Documentos/GitHub/IR2117/tb3_ws/install/olympics_interfaces/include/olympics_interfaces
[6.609s] -- Up-to-date: /home/albertgm13/Documentos/GitHub/IR2117/tb3_ws/install/olympics_interfaces/include/olympics_interfaces/action
[6.609s] -- Up-to-date: /home/albertgm13/Documentos/GitHub/IR2117/tb3_ws/install/olympics_interfaces/include/olympics_interfaces/action/detail
[6.609s] -- Installing: /home/albertgm13/Documentos/GitHub/IR2117/tb3_ws/install/olympics_interfaces/include/olympics_interfaces/action/detail/rings__rosidl_typesupport_introspection_cpp.hpp
[6.609s] -- Installing: /home/albertgm13/Documentos/GitHub/IR2117/tb3_ws/install/olympics_interfaces/include/olympics_interfaces/action/detail/rings__type_support.cpp
[6.609s] -- Installing: /home/albertgm13/Documentos/GitHub/IR2117/tb3_ws/install/olympics_interfaces/lib/libolympics_interfaces__rosidl_typesupport_introspection_cpp.so
[6.610s] -- Set runtime path of "/home/albertgm13/Documentos/GitHub/IR2117/tb3_ws/install/olympics_interfaces/lib/libolympics_interfaces__rosidl_typesupport_introspection_cpp.so" to ""
[6.610s] -- Installing: /home/albertgm13/Documentos/GitHub/IR2117/tb3_ws/install/olympics_interfaces/lib/libolympics_interfaces__rosidl_typesupport_cpp.so
[6.610s] -- Set runtime path of "/home/albertgm13/Documentos/GitHub/IR2117/tb3_ws/install/olympics_interfaces/lib/libolympics_interfaces__rosidl_typesupport_cpp.so" to ""
[6.610s] -- Installing: /home/albertgm13/Documentos/GitHub/IR2117/tb3_ws/install/olympics_interfaces/share/olympics_interfaces/environment/pythonpath.sh
[6.611s] -- Installing: /home/albertgm13/Documentos/GitHub/IR2117/tb3_ws/install/olympics_interfaces/share/olympics_interfaces/environment/pythonpath.dsv
[6.611s] -- Installing: /home/albertgm13/Documentos/GitHub/IR2117/tb3_ws/install/olympics_interfaces/lib/python3.8/site-packages/olympics_interfaces/__init__.py
[6.638s] Compiling '/home/albertgm13/Documentos/GitHub/IR2117/tb3_ws/install/olympics_interfaces/lib/python3.8/site-packages/olympics_interfaces/__init__.py'...
[6.641s] -- Installing: /home/albertgm13/Documentos/GitHub/IR2117/tb3_ws/install/olympics_interfaces/lib/python3.8/site-packages/olympics_interfaces/action
[6.641s] -- Installing: /home/albertgm13/Documentos/GitHub/IR2117/tb3_ws/install/olympics_interfaces/lib/python3.8/site-packages/olympics_interfaces/action/_rings.py
[6.642s] -- Installing: /home/albertgm13/Documentos/GitHub/IR2117/tb3_ws/install/olympics_interfaces/lib/python3.8/site-packages/olympics_interfaces/action/_rings_s.c
[6.642s] -- Installing: /home/albertgm13/Documentos/GitHub/IR2117/tb3_ws/install/olympics_interfaces/lib/python3.8/site-packages/olympics_interfaces/action/__init__.py
[6.642s] -- Installing: /home/albertgm13/Documentos/GitHub/IR2117/tb3_ws/install/olympics_interfaces/lib/python3.8/site-packages/olympics_interfaces/olympics_interfaces_s__rosidl_typesupport_fastrtps_c.cpython-38-x86_64-linux-gnu.so
[6.643s] -- Set runtime path of "/home/albertgm13/Documentos/GitHub/IR2117/tb3_ws/install/olympics_interfaces/lib/python3.8/site-packages/olympics_interfaces/olympics_interfaces_s__rosidl_typesupport_fastrtps_c.cpython-38-x86_64-linux-gnu.so" to ""
[6.643s] -- Installing: /home/albertgm13/Documentos/GitHub/IR2117/tb3_ws/install/olympics_interfaces/lib/python3.8/site-packages/olympics_interfaces/olympics_interfaces_s__rosidl_typesupport_introspection_c.cpython-38-x86_64-linux-gnu.so
[6.643s] -- Set runtime path of "/home/albertgm13/Documentos/GitHub/IR2117/tb3_ws/install/olympics_interfaces/lib/python3.8/site-packages/olympics_interfaces/olympics_interfaces_s__rosidl_typesupport_introspection_c.cpython-38-x86_64-linux-gnu.so" to ""
[6.644s] -- Installing: /home/albertgm13/Documentos/GitHub/IR2117/tb3_ws/install/olympics_interfaces/lib/python3.8/site-packages/olympics_interfaces/olympics_interfaces_s__rosidl_typesupport_c.cpython-38-x86_64-linux-gnu.so
[6.644s] -- Set runtime path of "/home/albertgm13/Documentos/GitHub/IR2117/tb3_ws/install/olympics_interfaces/lib/python3.8/site-packages/olympics_interfaces/olympics_interfaces_s__rosidl_typesupport_c.cpython-38-x86_64-linux-gnu.so" to ""
[6.644s] -- Installing: /home/albertgm13/Documentos/GitHub/IR2117/tb3_ws/install/olympics_interfaces/lib/libolympics_interfaces__python.so
[6.645s] -- Set runtime path of "/home/albertgm13/Documentos/GitHub/IR2117/tb3_ws/install/olympics_interfaces/lib/libolympics_interfaces__python.so" to ""
[6.645s] -- Installing: /home/albertgm13/Documentos/GitHub/IR2117/tb3_ws/install/olympics_interfaces/share/olympics_interfaces/action/Rings.idl
[6.645s] -- Installing: /home/albertgm13/Documentos/GitHub/IR2117/tb3_ws/install/olympics_interfaces/share/olympics_interfaces/action/Rings.action
[6.645s] -- Installing: /home/albertgm13/Documentos/GitHub/IR2117/tb3_ws/install/olympics_interfaces/share/ament_index/resource_index/package_run_dependencies/olympics_interfaces
[6.645s] -- Installing: /home/albertgm13/Documentos/GitHub/IR2117/tb3_ws/install/olympics_interfaces/share/ament_index/resource_index/parent_prefix_path/olympics_interfaces
[6.648s] -- Up-to-date: /home/albertgm13/Documentos/GitHub/IR2117/tb3_ws/install/olympics_interfaces/share/olympics_interfaces/environment/ament_prefix_path.sh
[6.648s] -- Installing: /home/albertgm13/Documentos/GitHub/IR2117/tb3_ws/install/olympics_interfaces/share/olympics_interfaces/environment/ament_prefix_path.dsv
[6.648s] -- Up-to-date: /home/albertgm13/Documentos/GitHub/IR2117/tb3_ws/install/olympics_interfaces/share/olympics_interfaces/environment/path.sh
[6.648s] -- Installing: /home/albertgm13/Documentos/GitHub/IR2117/tb3_ws/install/olympics_interfaces/share/olympics_interfaces/environment/path.dsv
[6.649s] -- Up-to-date: /home/albertgm13/Documentos/GitHub/IR2117/tb3_ws/install/olympics_interfaces/share/olympics_interfaces/local_setup.bash
[6.649s] -- Installing: /home/albertgm13/Documentos/GitHub/IR2117/tb3_ws/install/olympics_interfaces/share/olympics_interfaces/local_setup.sh
[6.649s] -- Up-to-date: /home/albertgm13/Documentos/GitHub/IR2117/tb3_ws/install/olympics_interfaces/share/olympics_interfaces/local_setup.zsh
[6.649s] -- Installing: /home/albertgm13/Documentos/GitHub/IR2117/tb3_ws/install/olympics_interfaces/share/olympics_interfaces/local_setup.dsv
[6.649s] -- Installing: /home/albertgm13/Documentos/GitHub/IR2117/tb3_ws/install/olympics_interfaces/share/olympics_interfaces/package.dsv
[6.649s] -- Up-to-date: /home/albertgm13/Documentos/GitHub/IR2117/tb3_ws/install/olympics_interfaces/share/ament_index/resource_index/packages/olympics_interfaces
[6.650s] -- Installing: /home/albertgm13/Documentos/GitHub/IR2117/tb3_ws/install/olympics_interfaces/share/olympics_interfaces/cmake/olympics_interfaces__rosidl_generator_cExport.cmake
[6.650s] -- Installing: /home/albertgm13/Documentos/GitHub/IR2117/tb3_ws/install/olympics_interfaces/share/olympics_interfaces/cmake/olympics_interfaces__rosidl_generator_cExport-noconfig.cmake
[6.650s] -- Installing: /home/albertgm13/Documentos/GitHub/IR2117/tb3_ws/install/olympics_interfaces/share/olympics_interfaces/cmake/olympics_interfaces__rosidl_typesupport_introspection_cExport.cmake
[6.650s] -- Installing: /home/albertgm13/Documentos/GitHub/IR2117/tb3_ws/install/olympics_interfaces/share/olympics_interfaces/cmake/olympics_interfaces__rosidl_typesupport_introspection_cExport-noconfig.cmake
[6.651s] -- Installing: /home/albertgm13/Documentos/GitHub/IR2117/tb3_ws/install/olympics_interfaces/share/olympics_interfaces/cmake/olympics_interfaces__rosidl_typesupport_cExport.cmake
[6.651s] -- Installing: /home/albertgm13/Documentos/GitHub/IR2117/tb3_ws/install/olympics_interfaces/share/olympics_interfaces/cmake/olympics_interfaces__rosidl_typesupport_cExport-noconfig.cmake
[6.652s] -- Installing: /home/albertgm13/Documentos/GitHub/IR2117/tb3_ws/install/olympics_interfaces/share/olympics_interfaces/cmake/olympics_interfaces__rosidl_generator_cppExport.cmake
[6.652s] -- Installing: /home/albertgm13/Documentos/GitHub/IR2117/tb3_ws/install/olympics_interfaces/share/olympics_interfaces/cmake/olympics_interfaces__rosidl_typesupport_introspection_cppExport.cmake
[6.652s] -- Installing: /home/albertgm13/Documentos/GitHub/IR2117/tb3_ws/install/olympics_interfaces/share/olympics_interfaces/cmake/olympics_interfaces__rosidl_typesupport_introspection_cppExport-noconfig.cmake
[6.652s] -- Installing: /home/albertgm13/Documentos/GitHub/IR2117/tb3_ws/install/olympics_interfaces/share/olympics_interfaces/cmake/olympics_interfaces__rosidl_typesupport_cppExport.cmake
[6.653s] -- Installing: /home/albertgm13/Documentos/GitHub/IR2117/tb3_ws/install/olympics_interfaces/share/olympics_interfaces/cmake/olympics_interfaces__rosidl_typesupport_cppExport-noconfig.cmake
[6.653s] -- Installing: /home/albertgm13/Documentos/GitHub/IR2117/tb3_ws/install/olympics_interfaces/share/olympics_interfaces/cmake/rosidl_cmake-extras.cmake
[6.653s] -- Installing: /home/albertgm13/Documentos/GitHub/IR2117/tb3_ws/install/olympics_interfaces/share/olympics_interfaces/cmake/ament_cmake_export_dependencies-extras.cmake
[6.653s] -- Installing: /home/albertgm13/Documentos/GitHub/IR2117/tb3_ws/install/olympics_interfaces/share/olympics_interfaces/cmake/ament_cmake_export_libraries-extras.cmake
[6.653s] -- Installing: /home/albertgm13/Documentos/GitHub/IR2117/tb3_ws/install/olympics_interfaces/share/olympics_interfaces/cmake/ament_cmake_export_targets-extras.cmake
[6.654s] -- Installing: /home/albertgm13/Documentos/GitHub/IR2117/tb3_ws/install/olympics_interfaces/share/olympics_interfaces/cmake/ament_cmake_export_include_directories-extras.cmake
[6.654s] -- Installing: /home/albertgm13/Documentos/GitHub/IR2117/tb3_ws/install/olympics_interfaces/share/olympics_interfaces/cmake/rosidl_cmake_export_typesupport_libraries-extras.cmake
[6.654s] -- Installing: /home/albertgm13/Documentos/GitHub/IR2117/tb3_ws/install/olympics_interfaces/share/olympics_interfaces/cmake/rosidl_cmake_export_typesupport_targets-extras.cmake
[6.654s] -- Installing: /home/albertgm13/Documentos/GitHub/IR2117/tb3_ws/install/olympics_interfaces/share/olympics_interfaces/cmake/olympics_interfacesConfig.cmake
[6.654s] -- Up-to-date: /home/albertgm13/Documentos/GitHub/IR2117/tb3_ws/install/olympics_interfaces/share/olympics_interfaces/cmake/olympics_interfacesConfig-version.cmake
[6.655s] -- Installing: /home/albertgm13/Documentos/GitHub/IR2117/tb3_ws/install/olympics_interfaces/share/olympics_interfaces/package.xml
[6.659s] Invoked command in '/home/albertgm13/Documentos/GitHub/IR2117/tb3_ws/build/olympics_interfaces' returned '0': CMAKE_PREFIX_PATH=${CMAKE_PREFIX_PATH}:/opt/ros/foxy /usr/bin/cmake --install /home/albertgm13/Documentos/GitHub/IR2117/tb3_ws/build/olympics_interfaces
