[0.021s] Invoking command in '/home/albertgm13/Documentos/GitHub/IR2117/tb3_ws/build/obstacles': CMAKE_PREFIX_PATH=${CMAKE_PREFIX_PATH}:/opt/ros/foxy /usr/bin/cmake /home/albertgm13/Documentos/GitHub/IR2117/tb3_ws/src/obstacles -DCMAKE_INSTALL_PREFIX=/home/albertgm13/Documentos/GitHub/IR2117/tb3_ws/install/obstacles
[0.146s] -- The C compiler identification is GNU 9.4.0
[0.239s] -- The CXX compiler identification is GNU 9.4.0
[0.247s] -- Check for working C compiler: /usr/bin/cc
[0.368s] -- Check for working C compiler: /usr/bin/cc -- works
[0.369s] -- Detecting C compiler ABI info
[0.491s] -- Detecting C compiler ABI info - done
[0.513s] -- Detecting C compile features
[0.514s] -- Detecting C compile features - done
[0.520s] -- Check for working CXX compiler: /usr/bin/c++
[0.670s] -- Check for working CXX compiler: /usr/bin/c++ -- works
[0.671s] -- Detecting CXX compiler ABI info
[0.830s] -- Detecting CXX compiler ABI info - done
[0.863s] -- Detecting CXX compile features
[0.864s] -- Detecting CXX compile features - done
[0.867s] -- Found ament_cmake: 0.9.11 (/opt/ros/foxy/share/ament_cmake/cmake)
[0.911s] -- Found PythonInterp: /usr/bin/python3 (found suitable version "3.8.10", minimum required is "3") 
[0.911s] -- Using PYTHON_EXECUTABLE: /usr/bin/python3
[1.375s] -- Found rclcpp: 2.4.2 (/opt/ros/foxy/share/rclcpp/cmake)
[1.478s] -- Using all available rosidl_typesupport_c: rosidl_typesupport_fastrtps_c;rosidl_typesupport_introspection_c
[1.486s] -- Found rosidl_adapter: 1.3.0 (/opt/ros/foxy/share/rosidl_adapter/cmake)
[1.610s] -- Found OpenSSL: /usr/lib/x86_64-linux-gnu/libcrypto.so (found version "1.1.1f")  
[1.638s] -- Found FastRTPS: /opt/ros/foxy/include  
[1.717s] -- Using all available rosidl_typesupport_cpp: rosidl_typesupport_fastrtps_cpp;rosidl_typesupport_introspection_cpp
[1.771s] -- Found rmw_implementation_cmake: 1.0.4 (/opt/ros/foxy/share/rmw_implementation_cmake/cmake)
[1.772s] -- Using RMW implementation 'rmw_fastrtps_cpp' as default
[1.775s] -- Looking for pthread.h
[1.848s] -- Looking for pthread.h - found
[1.848s] -- Performing Test CMAKE_HAVE_LIBC_PTHREAD
[1.938s] -- Performing Test CMAKE_HAVE_LIBC_PTHREAD - Failed
[1.939s] -- Looking for pthread_create in pthreads
[2.136s] -- Looking for pthread_create in pthreads - not found
[2.138s] -- Looking for pthread_create in pthread
[2.322s] -- Looking for pthread_create in pthread - found
[2.323s] -- Found Threads: TRUE  
[2.516s] -- Found geometry_msgs: 2.0.5 (/opt/ros/foxy/share/geometry_msgs/cmake)
[2.597s] -- Found sensor_msgs: 2.0.5 (/opt/ros/foxy/share/sensor_msgs/cmake)
[2.705s] -- Found example_interfaces: 0.9.1 (/opt/ros/foxy/share/example_interfaces/cmake)
[2.805s] -- Found ament_lint_auto: 0.9.8 (/opt/ros/foxy/share/ament_lint_auto/cmake)
[2.872s] -- Configuring done
[2.889s] -- Generating done
[2.902s] -- Build files have been written to: /home/albertgm13/Documentos/GitHub/IR2117/tb3_ws/build/obstacles
[2.934s] Invoked command in '/home/albertgm13/Documentos/GitHub/IR2117/tb3_ws/build/obstacles' returned '0': CMAKE_PREFIX_PATH=${CMAKE_PREFIX_PATH}:/opt/ros/foxy /usr/bin/cmake /home/albertgm13/Documentos/GitHub/IR2117/tb3_ws/src/obstacles -DCMAKE_INSTALL_PREFIX=/home/albertgm13/Documentos/GitHub/IR2117/tb3_ws/install/obstacles
[2.935s] Invoking command in '/home/albertgm13/Documentos/GitHub/IR2117/tb3_ws/build/obstacles': CMAKE_PREFIX_PATH=${CMAKE_PREFIX_PATH}:/opt/ros/foxy /usr/bin/cmake --build /home/albertgm13/Documentos/GitHub/IR2117/tb3_ws/build/obstacles -- -j1 -l1
[3.039s] [35m[1mScanning dependencies of target detector[0m
[3.091s] [ 25%] [32mBuilding CXX object CMakeFiles/detector.dir/detector.cpp.o[0m
[8.222s] [ 50%] [32m[1mLinking CXX executable detector[0m
[8.444s] [ 50%] Built target detector
[8.453s] [35m[1mScanning dependencies of target avoidance[0m
[8.483s] [ 75%] [32mBuilding CXX object CMakeFiles/avoidance.dir/avoidance.cpp.o[0m
[12.910s] [100%] [32m[1mLinking CXX executable avoidance[0m
[13.115s] [100%] Built target avoidance
[13.128s] Invoked command in '/home/albertgm13/Documentos/GitHub/IR2117/tb3_ws/build/obstacles' returned '0': CMAKE_PREFIX_PATH=${CMAKE_PREFIX_PATH}:/opt/ros/foxy /usr/bin/cmake --build /home/albertgm13/Documentos/GitHub/IR2117/tb3_ws/build/obstacles -- -j1 -l1
[13.164s] Invoking command in '/home/albertgm13/Documentos/GitHub/IR2117/tb3_ws/build/obstacles': CMAKE_PREFIX_PATH=${CMAKE_PREFIX_PATH}:/opt/ros/foxy /usr/bin/cmake --install /home/albertgm13/Documentos/GitHub/IR2117/tb3_ws/build/obstacles
[13.174s] -- Install configuration: ""
[13.174s] -- Installing: /home/albertgm13/Documentos/GitHub/IR2117/tb3_ws/install/obstacles/lib/obstacles/avoidance
[13.176s] -- Set runtime path of "/home/albertgm13/Documentos/GitHub/IR2117/tb3_ws/install/obstacles/lib/obstacles/avoidance" to ""
[13.176s] -- Installing: /home/albertgm13/Documentos/GitHub/IR2117/tb3_ws/install/obstacles/lib/obstacles/detector
[13.178s] -- Set runtime path of "/home/albertgm13/Documentos/GitHub/IR2117/tb3_ws/install/obstacles/lib/obstacles/detector" to ""
[13.178s] -- Installing: /home/albertgm13/Documentos/GitHub/IR2117/tb3_ws/install/obstacles/share/obstacles/launch
[13.178s] -- Installing: /home/albertgm13/Documentos/GitHub/IR2117/tb3_ws/install/obstacles/share/obstacles/launch/triple_detector.launch.py
[13.178s] -- Installing: /home/albertgm13/Documentos/GitHub/IR2117/tb3_ws/install/obstacles/share/obstacles/launch/.gitignore
[13.178s] -- Installing: /home/albertgm13/Documentos/GitHub/IR2117/tb3_ws/install/obstacles/share/ament_index/resource_index/package_run_dependencies/obstacles
[13.179s] -- Installing: /home/albertgm13/Documentos/GitHub/IR2117/tb3_ws/install/obstacles/share/ament_index/resource_index/parent_prefix_path/obstacles
[13.179s] -- Installing: /home/albertgm13/Documentos/GitHub/IR2117/tb3_ws/install/obstacles/share/obstacles/environment/ament_prefix_path.sh
[13.179s] -- Installing: /home/albertgm13/Documentos/GitHub/IR2117/tb3_ws/install/obstacles/share/obstacles/environment/ament_prefix_path.dsv
[13.180s] -- Installing: /home/albertgm13/Documentos/GitHub/IR2117/tb3_ws/install/obstacles/share/obstacles/environment/path.sh
[13.180s] -- Installing: /home/albertgm13/Documentos/GitHub/IR2117/tb3_ws/install/obstacles/share/obstacles/environment/path.dsv
[13.180s] -- Installing: /home/albertgm13/Documentos/GitHub/IR2117/tb3_ws/install/obstacles/share/obstacles/local_setup.bash
[13.180s] -- Installing: /home/albertgm13/Documentos/GitHub/IR2117/tb3_ws/install/obstacles/share/obstacles/local_setup.sh
[13.181s] -- Installing: /home/albertgm13/Documentos/GitHub/IR2117/tb3_ws/install/obstacles/share/obstacles/local_setup.zsh
[13.181s] -- Installing: /home/albertgm13/Documentos/GitHub/IR2117/tb3_ws/install/obstacles/share/obstacles/local_setup.dsv
[13.181s] -- Installing: /home/albertgm13/Documentos/GitHub/IR2117/tb3_ws/install/obstacles/share/obstacles/package.dsv
[13.181s] -- Installing: /home/albertgm13/Documentos/GitHub/IR2117/tb3_ws/install/obstacles/share/ament_index/resource_index/packages/obstacles
[13.182s] -- Installing: /home/albertgm13/Documentos/GitHub/IR2117/tb3_ws/install/obstacles/share/obstacles/cmake/obstaclesConfig.cmake
[13.182s] -- Installing: /home/albertgm13/Documentos/GitHub/IR2117/tb3_ws/install/obstacles/share/obstacles/cmake/obstaclesConfig-version.cmake
[13.182s] -- Installing: /home/albertgm13/Documentos/GitHub/IR2117/tb3_ws/install/obstacles/share/obstacles/package.xml
[13.187s] Invoked command in '/home/albertgm13/Documentos/GitHub/IR2117/tb3_ws/build/obstacles' returned '0': CMAKE_PREFIX_PATH=${CMAKE_PREFIX_PATH}:/opt/ros/foxy /usr/bin/cmake --install /home/albertgm13/Documentos/GitHub/IR2117/tb3_ws/build/obstacles
