[0.265s] DEBUG:colcon:Command line arguments: ['/usr/bin/colcon', 'build']
[0.265s] DEBUG:colcon:Parsed command line arguments: Namespace(allow_overriding=[], ament_cmake_args=None, base_paths=['.'], build_base='build', catkin_cmake_args=None, catkin_skip_building_tests=False, cmake_args=None, cmake_clean_cache=False, cmake_clean_first=False, cmake_force_configure=False, cmake_target=None, cmake_target_skip_unavailable=False, continue_on_error=False, event_handlers=None, executor='parallel', ignore_user_meta=False, install_base='install', log_base=None, log_level=None, main=<bound method BuildVerb.main of <colcon_core.verb.build.BuildVerb object at 0x7fc5f2651e20>>, merge_install=False, metas=['./colcon.meta'], packages_above=None, packages_above_and_dependencies=None, packages_above_depth=None, packages_end=None, packages_ignore=None, packages_ignore_regex=None, packages_select=None, packages_select_build_failed=False, packages_select_by_dep=None, packages_select_regex=None, packages_select_test_failures=False, packages_skip=None, packages_skip_build_finished=False, packages_skip_by_dep=None, packages_skip_regex=None, packages_skip_test_passed=False, packages_skip_up_to=None, packages_start=None, packages_up_to=None, packages_up_to_regex=None, parallel_workers=1, paths=None, symlink_install=False, test_result_base=None, verb_extension=<colcon_core.verb.build.BuildVerb object at 0x7fc5f2651e20>, verb_name='build', verb_parser=<colcon_defaults.argument_parser.defaults.DefaultArgumentsDecorator object at 0x7fc5f26593d0>)
[0.288s] Level 1:colcon.colcon_core.package_discovery:discover_packages(colcon_meta) check parameters
[0.288s] Level 1:colcon.colcon_core.package_discovery:discover_packages(recursive) check parameters
[0.288s] Level 1:colcon.colcon_core.package_discovery:discover_packages(ignore) check parameters
[0.288s] Level 1:colcon.colcon_core.package_discovery:discover_packages(path) check parameters
[0.288s] Level 1:colcon.colcon_core.package_discovery:discover_packages(colcon_meta) discover
[0.288s] Level 1:colcon.colcon_core.package_discovery:discover_packages(recursive) discover
[0.288s] INFO:colcon.colcon_core.package_discovery:Crawling recursively for packages in '/home/albertgm13/Documentos/GitHub/IR2117/tb3_ws'
[0.288s] Level 1:colcon.colcon_core.package_identification:_identify(.) by extensions ['ignore', 'ignore_ament_install']
[0.288s] Level 1:colcon.colcon_core.package_identification:_identify(.) by extension 'ignore'
[0.288s] Level 1:colcon.colcon_core.package_identification:_identify(.) by extension 'ignore_ament_install'
[0.288s] Level 1:colcon.colcon_core.package_identification:_identify(.) by extensions ['colcon_pkg']
[0.288s] Level 1:colcon.colcon_core.package_identification:_identify(.) by extension 'colcon_pkg'
[0.288s] Level 1:colcon.colcon_core.package_identification:_identify(.) by extensions ['colcon_meta']
[0.288s] Level 1:colcon.colcon_core.package_identification:_identify(.) by extension 'colcon_meta'
[0.288s] Level 1:colcon.colcon_core.package_identification:_identify(.) by extensions ['ros']
[0.288s] Level 1:colcon.colcon_core.package_identification:_identify(.) by extension 'ros'
[0.304s] Level 1:colcon.colcon_core.package_identification:_identify(.) by extensions ['cmake', 'python']
[0.304s] Level 1:colcon.colcon_core.package_identification:_identify(.) by extension 'cmake'
[0.304s] Level 1:colcon.colcon_core.package_identification:_identify(.) by extension 'python'
[0.304s] Level 1:colcon.colcon_core.package_identification:_identify(.) by extensions ['python_setup_py']
[0.304s] Level 1:colcon.colcon_core.package_identification:_identify(.) by extension 'python_setup_py'
[0.304s] Level 1:colcon.colcon_core.package_identification:_identify(build) by extensions ['ignore', 'ignore_ament_install']
[0.304s] Level 1:colcon.colcon_core.package_identification:_identify(build) by extension 'ignore'
[0.305s] Level 1:colcon.colcon_core.package_identification:_identify(build) ignored
[0.305s] Level 1:colcon.colcon_core.package_identification:_identify(install) by extensions ['ignore', 'ignore_ament_install']
[0.305s] Level 1:colcon.colcon_core.package_identification:_identify(install) by extension 'ignore'
[0.305s] Level 1:colcon.colcon_core.package_identification:_identify(install) ignored
[0.305s] Level 1:colcon.colcon_core.package_identification:_identify(log) by extensions ['ignore', 'ignore_ament_install']
[0.305s] Level 1:colcon.colcon_core.package_identification:_identify(log) by extension 'ignore'
[0.305s] Level 1:colcon.colcon_core.package_identification:_identify(log) ignored
[0.305s] Level 1:colcon.colcon_core.package_identification:_identify(src) by extensions ['ignore', 'ignore_ament_install']
[0.305s] Level 1:colcon.colcon_core.package_identification:_identify(src) by extension 'ignore'
[0.305s] Level 1:colcon.colcon_core.package_identification:_identify(src) by extension 'ignore_ament_install'
[0.305s] Level 1:colcon.colcon_core.package_identification:_identify(src) by extensions ['colcon_pkg']
[0.305s] Level 1:colcon.colcon_core.package_identification:_identify(src) by extension 'colcon_pkg'
[0.305s] Level 1:colcon.colcon_core.package_identification:_identify(src) by extensions ['colcon_meta']
[0.305s] Level 1:colcon.colcon_core.package_identification:_identify(src) by extension 'colcon_meta'
[0.305s] Level 1:colcon.colcon_core.package_identification:_identify(src) by extensions ['ros']
[0.305s] Level 1:colcon.colcon_core.package_identification:_identify(src) by extension 'ros'
[0.305s] Level 1:colcon.colcon_core.package_identification:_identify(src) by extensions ['cmake', 'python']
[0.305s] Level 1:colcon.colcon_core.package_identification:_identify(src) by extension 'cmake'
[0.305s] Level 1:colcon.colcon_core.package_identification:_identify(src) by extension 'python'
[0.305s] Level 1:colcon.colcon_core.package_identification:_identify(src) by extensions ['python_setup_py']
[0.306s] Level 1:colcon.colcon_core.package_identification:_identify(src) by extension 'python_setup_py'
[0.306s] Level 1:colcon.colcon_core.package_identification:_identify(src/obstacles) by extensions ['ignore', 'ignore_ament_install']
[0.306s] Level 1:colcon.colcon_core.package_identification:_identify(src/obstacles) by extension 'ignore'
[0.306s] Level 1:colcon.colcon_core.package_identification:_identify(src/obstacles) by extension 'ignore_ament_install'
[0.306s] Level 1:colcon.colcon_core.package_identification:_identify(src/obstacles) by extensions ['colcon_pkg']
[0.306s] Level 1:colcon.colcon_core.package_identification:_identify(src/obstacles) by extension 'colcon_pkg'
[0.306s] Level 1:colcon.colcon_core.package_identification:_identify(src/obstacles) by extensions ['colcon_meta']
[0.306s] Level 1:colcon.colcon_core.package_identification:_identify(src/obstacles) by extension 'colcon_meta'
[0.306s] Level 1:colcon.colcon_core.package_identification:_identify(src/obstacles) by extensions ['ros']
[0.306s] Level 1:colcon.colcon_core.package_identification:_identify(src/obstacles) by extension 'ros'
[0.308s] DEBUG:colcon.colcon_core.package_identification:Package 'src/obstacles' with type 'ros.ament_cmake' and name 'obstacles'
[0.308s] Level 1:colcon.colcon_core.package_identification:_identify(src/robot_trajectory) by extensions ['ignore', 'ignore_ament_install']
[0.308s] Level 1:colcon.colcon_core.package_identification:_identify(src/robot_trajectory) by extension 'ignore'
[0.308s] Level 1:colcon.colcon_core.package_identification:_identify(src/robot_trajectory) by extension 'ignore_ament_install'
[0.308s] Level 1:colcon.colcon_core.package_identification:_identify(src/robot_trajectory) by extensions ['colcon_pkg']
[0.309s] Level 1:colcon.colcon_core.package_identification:_identify(src/robot_trajectory) by extension 'colcon_pkg'
[0.309s] Level 1:colcon.colcon_core.package_identification:_identify(src/robot_trajectory) by extensions ['colcon_meta']
[0.309s] Level 1:colcon.colcon_core.package_identification:_identify(src/robot_trajectory) by extension 'colcon_meta'
[0.309s] Level 1:colcon.colcon_core.package_identification:_identify(src/robot_trajectory) by extensions ['ros']
[0.309s] Level 1:colcon.colcon_core.package_identification:_identify(src/robot_trajectory) by extension 'ros'
[0.309s] DEBUG:colcon.colcon_core.package_identification:Package 'src/robot_trajectory' with type 'ros.ament_cmake' and name 'robot_trajectory'
[0.309s] Level 1:colcon.colcon_core.package_discovery:discover_packages(recursive) using defaults
[0.309s] Level 1:colcon.colcon_core.package_discovery:discover_packages(ignore) discover
[0.309s] Level 1:colcon.colcon_core.package_discovery:discover_packages(ignore) using defaults
[0.309s] Level 1:colcon.colcon_core.package_discovery:discover_packages(path) discover
[0.309s] Level 1:colcon.colcon_core.package_discovery:discover_packages(path) using defaults
[0.326s] Level 1:colcon.colcon_core.package_discovery:discover_packages(prefix_path) check parameters
[0.326s] Level 1:colcon.colcon_core.package_discovery:discover_packages(prefix_path) discover
[0.327s] WARNING:colcon.colcon_ros.prefix_path.ament:The path '/home/albertgm13/Documentos/GitHub/IR2117/tb3_ws/install/examples_topics' in the environment variable AMENT_PREFIX_PATH doesn't exist
[0.328s] WARNING:colcon.colcon_ros.prefix_path.ament:The path '/home/albertgm13/Documentos/GitHub/IR2117/tb3_ws/install/robot_trajectory' in the environment variable AMENT_PREFIX_PATH doesn't exist
[0.328s] WARNING:colcon.colcon_ros.prefix_path.catkin:The path '/home/albertgm13/Documentos/GitHub/IR2117/tb3_ws/install/examples_topics' in the environment variable CMAKE_PREFIX_PATH doesn't exist
[0.328s] WARNING:colcon.colcon_ros.prefix_path.catkin:The path '/home/albertgm13/Documentos/GitHub/IR2117/tb3_ws/install/robot_trajectory' in the environment variable CMAKE_PREFIX_PATH doesn't exist
[0.329s] DEBUG:colcon.colcon_installed_package_information.package_discovery:Found 0 installed packages in /home/albertgm13/Documentos/GitHub/IR2117/tb3_ws/install
[0.331s] DEBUG:colcon.colcon_installed_package_information.package_discovery:Found 343 installed packages in /opt/ros/foxy
[0.332s] Level 1:colcon.colcon_core.package_discovery:discover_packages(prefix_path) using defaults
[0.426s] Level 5:colcon.colcon_core.verb:set package 'obstacles' build argument 'cmake_args' from command line to 'None'
[0.426s] Level 5:colcon.colcon_core.verb:set package 'obstacles' build argument 'cmake_target' from command line to 'None'
[0.426s] Level 5:colcon.colcon_core.verb:set package 'obstacles' build argument 'cmake_target_skip_unavailable' from command line to 'False'
[0.426s] Level 5:colcon.colcon_core.verb:set package 'obstacles' build argument 'cmake_clean_cache' from command line to 'False'
[0.426s] Level 5:colcon.colcon_core.verb:set package 'obstacles' build argument 'cmake_clean_first' from command line to 'False'
[0.426s] Level 5:colcon.colcon_core.verb:set package 'obstacles' build argument 'cmake_force_configure' from command line to 'False'
[0.426s] Level 5:colcon.colcon_core.verb:set package 'obstacles' build argument 'ament_cmake_args' from command line to 'None'
[0.426s] Level 5:colcon.colcon_core.verb:set package 'obstacles' build argument 'catkin_cmake_args' from command line to 'None'
[0.426s] Level 5:colcon.colcon_core.verb:set package 'obstacles' build argument 'catkin_skip_building_tests' from command line to 'False'
[0.426s] DEBUG:colcon.colcon_core.verb:Building package 'obstacles' with the following arguments: {'ament_cmake_args': None, 'build_base': '/home/albertgm13/Documentos/GitHub/IR2117/tb3_ws/build/obstacles', 'catkin_cmake_args': None, 'catkin_skip_building_tests': False, 'cmake_args': None, 'cmake_clean_cache': False, 'cmake_clean_first': False, 'cmake_force_configure': False, 'cmake_target': None, 'cmake_target_skip_unavailable': False, 'install_base': '/home/albertgm13/Documentos/GitHub/IR2117/tb3_ws/install/obstacles', 'merge_install': False, 'path': '/home/albertgm13/Documentos/GitHub/IR2117/tb3_ws/src/obstacles', 'symlink_install': False, 'test_result_base': None}
[0.427s] Level 5:colcon.colcon_core.verb:set package 'robot_trajectory' build argument 'cmake_args' from command line to 'None'
[0.427s] Level 5:colcon.colcon_core.verb:set package 'robot_trajectory' build argument 'cmake_target' from command line to 'None'
[0.427s] Level 5:colcon.colcon_core.verb:set package 'robot_trajectory' build argument 'cmake_target_skip_unavailable' from command line to 'False'
[0.427s] Level 5:colcon.colcon_core.verb:set package 'robot_trajectory' build argument 'cmake_clean_cache' from command line to 'False'
[0.427s] Level 5:colcon.colcon_core.verb:set package 'robot_trajectory' build argument 'cmake_clean_first' from command line to 'False'
[0.427s] Level 5:colcon.colcon_core.verb:set package 'robot_trajectory' build argument 'cmake_force_configure' from command line to 'False'
[0.427s] Level 5:colcon.colcon_core.verb:set package 'robot_trajectory' build argument 'ament_cmake_args' from command line to 'None'
[0.427s] Level 5:colcon.colcon_core.verb:set package 'robot_trajectory' build argument 'catkin_cmake_args' from command line to 'None'
[0.427s] Level 5:colcon.colcon_core.verb:set package 'robot_trajectory' build argument 'catkin_skip_building_tests' from command line to 'False'
[0.427s] DEBUG:colcon.colcon_core.verb:Building package 'robot_trajectory' with the following arguments: {'ament_cmake_args': None, 'build_base': '/home/albertgm13/Documentos/GitHub/IR2117/tb3_ws/build/robot_trajectory', 'catkin_cmake_args': None, 'catkin_skip_building_tests': False, 'cmake_args': None, 'cmake_clean_cache': False, 'cmake_clean_first': False, 'cmake_force_configure': False, 'cmake_target': None, 'cmake_target_skip_unavailable': False, 'install_base': '/home/albertgm13/Documentos/GitHub/IR2117/tb3_ws/install/robot_trajectory', 'merge_install': False, 'path': '/home/albertgm13/Documentos/GitHub/IR2117/tb3_ws/src/robot_trajectory', 'symlink_install': False, 'test_result_base': None}
[0.428s] INFO:colcon.colcon_core.executor:Executing jobs using 'parallel' executor
[0.430s] DEBUG:colcon.colcon_parallel_executor.executor.parallel:run_until_complete
[0.431s] INFO:colcon.colcon_ros.task.ament_cmake.build:Building ROS package in '/home/albertgm13/Documentos/GitHub/IR2117/tb3_ws/src/obstacles' with build type 'ament_cmake'
[0.431s] INFO:colcon.colcon_cmake.task.cmake.build:Building CMake package in '/home/albertgm13/Documentos/GitHub/IR2117/tb3_ws/src/obstacles'
[0.434s] INFO:colcon.colcon_core.plugin_system:Skipping extension 'colcon_core.shell.bat': Not used on non-Windows systems
[0.434s] INFO:colcon.colcon_core.shell:Skip shell extension 'powershell' for command environment: Not usable outside of PowerShell
[0.434s] DEBUG:colcon.colcon_core.shell:Skip shell extension 'dsv' for command environment
[0.443s] DEBUG:colcon.colcon_core.event_handler.log_command:Invoking command in '/home/albertgm13/Documentos/GitHub/IR2117/tb3_ws/build/obstacles': CMAKE_PREFIX_PATH=${CMAKE_PREFIX_PATH}:/opt/ros/foxy /usr/bin/cmake /home/albertgm13/Documentos/GitHub/IR2117/tb3_ws/src/obstacles -DCMAKE_INSTALL_PREFIX=/home/albertgm13/Documentos/GitHub/IR2117/tb3_ws/install/obstacles
[1.911s] DEBUG:colcon.colcon_core.event_handler.log_command:Invoked command in '/home/albertgm13/Documentos/GitHub/IR2117/tb3_ws/build/obstacles' returned '0': CMAKE_PREFIX_PATH=${CMAKE_PREFIX_PATH}:/opt/ros/foxy /usr/bin/cmake /home/albertgm13/Documentos/GitHub/IR2117/tb3_ws/src/obstacles -DCMAKE_INSTALL_PREFIX=/home/albertgm13/Documentos/GitHub/IR2117/tb3_ws/install/obstacles
[1.912s] DEBUG:colcon.colcon_core.event_handler.log_command:Invoking command in '/home/albertgm13/Documentos/GitHub/IR2117/tb3_ws/build/obstacles': CMAKE_PREFIX_PATH=${CMAKE_PREFIX_PATH}:/opt/ros/foxy /usr/bin/cmake --build /home/albertgm13/Documentos/GitHub/IR2117/tb3_ws/build/obstacles -- -j1 -l1
[6.399s] DEBUG:colcon.colcon_core.event_handler.log_command:Invoked command in '/home/albertgm13/Documentos/GitHub/IR2117/tb3_ws/build/obstacles' returned '0': CMAKE_PREFIX_PATH=${CMAKE_PREFIX_PATH}:/opt/ros/foxy /usr/bin/cmake --build /home/albertgm13/Documentos/GitHub/IR2117/tb3_ws/build/obstacles -- -j1 -l1
[6.430s] DEBUG:colcon.colcon_core.event_handler.log_command:Invoking command in '/home/albertgm13/Documentos/GitHub/IR2117/tb3_ws/build/obstacles': CMAKE_PREFIX_PATH=${CMAKE_PREFIX_PATH}:/opt/ros/foxy /usr/bin/cmake --install /home/albertgm13/Documentos/GitHub/IR2117/tb3_ws/build/obstacles
[6.446s] Level 1:colcon.colcon_core.environment:create_environment_scripts_only(obstacles)
[6.447s] DEBUG:colcon.colcon_core.event_handler.log_command:Invoked command in '/home/albertgm13/Documentos/GitHub/IR2117/tb3_ws/build/obstacles' returned '0': CMAKE_PREFIX_PATH=${CMAKE_PREFIX_PATH}:/opt/ros/foxy /usr/bin/cmake --install /home/albertgm13/Documentos/GitHub/IR2117/tb3_ws/build/obstacles
[6.450s] Level 1:colcon.colcon_core.environment:checking '/home/albertgm13/Documentos/GitHub/IR2117/tb3_ws/install/obstacles' for CMake module files
[6.451s] Level 1:colcon.colcon_core.environment:checking '/home/albertgm13/Documentos/GitHub/IR2117/tb3_ws/install/obstacles' for CMake config files
[6.451s] Level 1:colcon.colcon_core.shell:create_environment_hook('obstacles', 'cmake_prefix_path')
[6.453s] INFO:colcon.colcon_core.shell:Creating environment hook '/home/albertgm13/Documentos/GitHub/IR2117/tb3_ws/install/obstacles/share/obstacles/hook/cmake_prefix_path.ps1'
[6.453s] INFO:colcon.colcon_core.shell:Creating environment descriptor '/home/albertgm13/Documentos/GitHub/IR2117/tb3_ws/install/obstacles/share/obstacles/hook/cmake_prefix_path.dsv'
[6.454s] INFO:colcon.colcon_core.shell:Creating environment hook '/home/albertgm13/Documentos/GitHub/IR2117/tb3_ws/install/obstacles/share/obstacles/hook/cmake_prefix_path.sh'
[6.454s] Level 1:colcon.colcon_core.environment:checking '/home/albertgm13/Documentos/GitHub/IR2117/tb3_ws/install/obstacles/lib'
[6.455s] Level 1:colcon.colcon_core.environment:checking '/home/albertgm13/Documentos/GitHub/IR2117/tb3_ws/install/obstacles/bin'
[6.455s] Level 1:colcon.colcon_core.environment:checking '/home/albertgm13/Documentos/GitHub/IR2117/tb3_ws/install/obstacles/lib/pkgconfig/obstacles.pc'
[6.455s] Level 1:colcon.colcon_core.environment:checking '/home/albertgm13/Documentos/GitHub/IR2117/tb3_ws/install/obstacles/lib/python3.8/site-packages'
[6.455s] Level 1:colcon.colcon_core.environment:checking '/home/albertgm13/Documentos/GitHub/IR2117/tb3_ws/install/obstacles/bin'
[6.456s] INFO:colcon.colcon_core.shell:Creating package script '/home/albertgm13/Documentos/GitHub/IR2117/tb3_ws/install/obstacles/share/obstacles/package.ps1'
[6.457s] INFO:colcon.colcon_core.shell:Creating package descriptor '/home/albertgm13/Documentos/GitHub/IR2117/tb3_ws/install/obstacles/share/obstacles/package.dsv'
[6.457s] INFO:colcon.colcon_core.shell:Creating package script '/home/albertgm13/Documentos/GitHub/IR2117/tb3_ws/install/obstacles/share/obstacles/package.sh'
[6.458s] INFO:colcon.colcon_core.shell:Creating package script '/home/albertgm13/Documentos/GitHub/IR2117/tb3_ws/install/obstacles/share/obstacles/package.bash'
[6.458s] INFO:colcon.colcon_core.shell:Creating package script '/home/albertgm13/Documentos/GitHub/IR2117/tb3_ws/install/obstacles/share/obstacles/package.zsh'
[6.459s] Level 1:colcon.colcon_core.environment:create_file_with_runtime_dependencies(/home/albertgm13/Documentos/GitHub/IR2117/tb3_ws/install/obstacles/share/colcon-core/packages/obstacles)
[6.482s] Level 1:colcon.colcon_core.environment:create_environment_scripts_only(obstacles)
[6.484s] Level 1:colcon.colcon_core.environment:checking '/home/albertgm13/Documentos/GitHub/IR2117/tb3_ws/install/obstacles' for CMake module files
[6.485s] Level 1:colcon.colcon_core.environment:checking '/home/albertgm13/Documentos/GitHub/IR2117/tb3_ws/install/obstacles' for CMake config files
[6.485s] Level 1:colcon.colcon_core.shell:create_environment_hook('obstacles', 'cmake_prefix_path')
[6.486s] INFO:colcon.colcon_core.shell:Creating environment hook '/home/albertgm13/Documentos/GitHub/IR2117/tb3_ws/install/obstacles/share/obstacles/hook/cmake_prefix_path.ps1'
[6.486s] INFO:colcon.colcon_core.shell:Creating environment descriptor '/home/albertgm13/Documentos/GitHub/IR2117/tb3_ws/install/obstacles/share/obstacles/hook/cmake_prefix_path.dsv'
[6.487s] INFO:colcon.colcon_core.shell:Creating environment hook '/home/albertgm13/Documentos/GitHub/IR2117/tb3_ws/install/obstacles/share/obstacles/hook/cmake_prefix_path.sh'
[6.487s] Level 1:colcon.colcon_core.environment:checking '/home/albertgm13/Documentos/GitHub/IR2117/tb3_ws/install/obstacles/lib'
[6.488s] Level 1:colcon.colcon_core.environment:checking '/home/albertgm13/Documentos/GitHub/IR2117/tb3_ws/install/obstacles/bin'
[6.488s] Level 1:colcon.colcon_core.environment:checking '/home/albertgm13/Documentos/GitHub/IR2117/tb3_ws/install/obstacles/lib/pkgconfig/obstacles.pc'
[6.488s] Level 1:colcon.colcon_core.environment:checking '/home/albertgm13/Documentos/GitHub/IR2117/tb3_ws/install/obstacles/lib/python3.8/site-packages'
[6.488s] Level 1:colcon.colcon_core.environment:checking '/home/albertgm13/Documentos/GitHub/IR2117/tb3_ws/install/obstacles/bin'
[6.489s] INFO:colcon.colcon_core.shell:Creating package script '/home/albertgm13/Documentos/GitHub/IR2117/tb3_ws/install/obstacles/share/obstacles/package.ps1'
[6.490s] INFO:colcon.colcon_core.shell:Creating package descriptor '/home/albertgm13/Documentos/GitHub/IR2117/tb3_ws/install/obstacles/share/obstacles/package.dsv'
[6.490s] INFO:colcon.colcon_core.shell:Creating package script '/home/albertgm13/Documentos/GitHub/IR2117/tb3_ws/install/obstacles/share/obstacles/package.sh'
[6.491s] INFO:colcon.colcon_core.shell:Creating package script '/home/albertgm13/Documentos/GitHub/IR2117/tb3_ws/install/obstacles/share/obstacles/package.bash'
[6.491s] INFO:colcon.colcon_core.shell:Creating package script '/home/albertgm13/Documentos/GitHub/IR2117/tb3_ws/install/obstacles/share/obstacles/package.zsh'
[6.491s] Level 1:colcon.colcon_core.environment:create_file_with_runtime_dependencies(/home/albertgm13/Documentos/GitHub/IR2117/tb3_ws/install/obstacles/share/colcon-core/packages/obstacles)
[6.492s] INFO:colcon.colcon_ros.task.ament_cmake.build:Building ROS package in '/home/albertgm13/Documentos/GitHub/IR2117/tb3_ws/src/robot_trajectory' with build type 'ament_cmake'
[6.493s] INFO:colcon.colcon_cmake.task.cmake.build:Building CMake package in '/home/albertgm13/Documentos/GitHub/IR2117/tb3_ws/src/robot_trajectory'
[6.494s] INFO:colcon.colcon_core.shell:Skip shell extension 'powershell' for command environment: Not usable outside of PowerShell
[6.494s] DEBUG:colcon.colcon_core.shell:Skip shell extension 'dsv' for command environment
[6.503s] DEBUG:colcon.colcon_core.event_handler.log_command:Invoking command in '/home/albertgm13/Documentos/GitHub/IR2117/tb3_ws/build/robot_trajectory': CMAKE_PREFIX_PATH=${CMAKE_PREFIX_PATH}:/opt/ros/foxy /usr/bin/cmake /home/albertgm13/Documentos/GitHub/IR2117/tb3_ws/src/robot_trajectory -DCMAKE_INSTALL_PREFIX=/home/albertgm13/Documentos/GitHub/IR2117/tb3_ws/install/robot_trajectory
[7.902s] DEBUG:colcon.colcon_core.event_handler.log_command:Invoked command in '/home/albertgm13/Documentos/GitHub/IR2117/tb3_ws/build/robot_trajectory' returned '0': CMAKE_PREFIX_PATH=${CMAKE_PREFIX_PATH}:/opt/ros/foxy /usr/bin/cmake /home/albertgm13/Documentos/GitHub/IR2117/tb3_ws/src/robot_trajectory -DCMAKE_INSTALL_PREFIX=/home/albertgm13/Documentos/GitHub/IR2117/tb3_ws/install/robot_trajectory
[7.903s] DEBUG:colcon.colcon_core.event_handler.log_command:Invoking command in '/home/albertgm13/Documentos/GitHub/IR2117/tb3_ws/build/robot_trajectory': CMAKE_PREFIX_PATH=${CMAKE_PREFIX_PATH}:/opt/ros/foxy /usr/bin/cmake --build /home/albertgm13/Documentos/GitHub/IR2117/tb3_ws/build/robot_trajectory -- -j1 -l1
[12.454s] DEBUG:colcon.colcon_core.event_handler.log_command:Invoked command in '/home/albertgm13/Documentos/GitHub/IR2117/tb3_ws/build/robot_trajectory' returned '0': CMAKE_PREFIX_PATH=${CMAKE_PREFIX_PATH}:/opt/ros/foxy /usr/bin/cmake --build /home/albertgm13/Documentos/GitHub/IR2117/tb3_ws/build/robot_trajectory -- -j1 -l1
[12.476s] DEBUG:colcon.colcon_core.event_handler.log_command:Invoking command in '/home/albertgm13/Documentos/GitHub/IR2117/tb3_ws/build/robot_trajectory': CMAKE_PREFIX_PATH=${CMAKE_PREFIX_PATH}:/opt/ros/foxy /usr/bin/cmake --install /home/albertgm13/Documentos/GitHub/IR2117/tb3_ws/build/robot_trajectory
[12.492s] Level 1:colcon.colcon_core.environment:create_environment_scripts_only(robot_trajectory)
[12.493s] Level 1:colcon.colcon_core.environment:checking '/home/albertgm13/Documentos/GitHub/IR2117/tb3_ws/install/robot_trajectory' for CMake module files
[12.494s] Level 1:colcon.colcon_core.environment:checking '/home/albertgm13/Documentos/GitHub/IR2117/tb3_ws/install/robot_trajectory' for CMake config files
[12.494s] Level 1:colcon.colcon_core.shell:create_environment_hook('robot_trajectory', 'cmake_prefix_path')
[12.495s] INFO:colcon.colcon_core.shell:Creating environment hook '/home/albertgm13/Documentos/GitHub/IR2117/tb3_ws/install/robot_trajectory/share/robot_trajectory/hook/cmake_prefix_path.ps1'
[12.496s] DEBUG:colcon.colcon_core.event_handler.log_command:Invoked command in '/home/albertgm13/Documentos/GitHub/IR2117/tb3_ws/build/robot_trajectory' returned '0': CMAKE_PREFIX_PATH=${CMAKE_PREFIX_PATH}:/opt/ros/foxy /usr/bin/cmake --install /home/albertgm13/Documentos/GitHub/IR2117/tb3_ws/build/robot_trajectory
[12.496s] INFO:colcon.colcon_core.shell:Creating environment descriptor '/home/albertgm13/Documentos/GitHub/IR2117/tb3_ws/install/robot_trajectory/share/robot_trajectory/hook/cmake_prefix_path.dsv'
[12.496s] INFO:colcon.colcon_core.shell:Creating environment hook '/home/albertgm13/Documentos/GitHub/IR2117/tb3_ws/install/robot_trajectory/share/robot_trajectory/hook/cmake_prefix_path.sh'
[12.497s] Level 1:colcon.colcon_core.environment:checking '/home/albertgm13/Documentos/GitHub/IR2117/tb3_ws/install/robot_trajectory/lib'
[12.497s] Level 1:colcon.colcon_core.environment:checking '/home/albertgm13/Documentos/GitHub/IR2117/tb3_ws/install/robot_trajectory/bin'
[12.497s] Level 1:colcon.colcon_core.environment:checking '/home/albertgm13/Documentos/GitHub/IR2117/tb3_ws/install/robot_trajectory/lib/pkgconfig/robot_trajectory.pc'
[12.497s] Level 1:colcon.colcon_core.environment:checking '/home/albertgm13/Documentos/GitHub/IR2117/tb3_ws/install/robot_trajectory/lib/python3.8/site-packages'
[12.497s] Level 1:colcon.colcon_core.environment:checking '/home/albertgm13/Documentos/GitHub/IR2117/tb3_ws/install/robot_trajectory/bin'
[12.499s] INFO:colcon.colcon_core.shell:Creating package script '/home/albertgm13/Documentos/GitHub/IR2117/tb3_ws/install/robot_trajectory/share/robot_trajectory/package.ps1'
[12.499s] INFO:colcon.colcon_core.shell:Creating package descriptor '/home/albertgm13/Documentos/GitHub/IR2117/tb3_ws/install/robot_trajectory/share/robot_trajectory/package.dsv'
[12.499s] INFO:colcon.colcon_core.shell:Creating package script '/home/albertgm13/Documentos/GitHub/IR2117/tb3_ws/install/robot_trajectory/share/robot_trajectory/package.sh'
[12.500s] INFO:colcon.colcon_core.shell:Creating package script '/home/albertgm13/Documentos/GitHub/IR2117/tb3_ws/install/robot_trajectory/share/robot_trajectory/package.bash'
[12.500s] INFO:colcon.colcon_core.shell:Creating package script '/home/albertgm13/Documentos/GitHub/IR2117/tb3_ws/install/robot_trajectory/share/robot_trajectory/package.zsh'
[12.500s] Level 1:colcon.colcon_core.environment:create_file_with_runtime_dependencies(/home/albertgm13/Documentos/GitHub/IR2117/tb3_ws/install/robot_trajectory/share/colcon-core/packages/robot_trajectory)
[12.524s] Level 1:colcon.colcon_core.environment:create_environment_scripts_only(robot_trajectory)
[12.526s] Level 1:colcon.colcon_core.environment:checking '/home/albertgm13/Documentos/GitHub/IR2117/tb3_ws/install/robot_trajectory' for CMake module files
[12.526s] Level 1:colcon.colcon_core.environment:checking '/home/albertgm13/Documentos/GitHub/IR2117/tb3_ws/install/robot_trajectory' for CMake config files
[12.527s] Level 1:colcon.colcon_core.shell:create_environment_hook('robot_trajectory', 'cmake_prefix_path')
[12.528s] INFO:colcon.colcon_core.shell:Creating environment hook '/home/albertgm13/Documentos/GitHub/IR2117/tb3_ws/install/robot_trajectory/share/robot_trajectory/hook/cmake_prefix_path.ps1'
[12.528s] INFO:colcon.colcon_core.shell:Creating environment descriptor '/home/albertgm13/Documentos/GitHub/IR2117/tb3_ws/install/robot_trajectory/share/robot_trajectory/hook/cmake_prefix_path.dsv'
[12.529s] INFO:colcon.colcon_core.shell:Creating environment hook '/home/albertgm13/Documentos/GitHub/IR2117/tb3_ws/install/robot_trajectory/share/robot_trajectory/hook/cmake_prefix_path.sh'
[12.529s] Level 1:colcon.colcon_core.environment:checking '/home/albertgm13/Documentos/GitHub/IR2117/tb3_ws/install/robot_trajectory/lib'
[12.529s] Level 1:colcon.colcon_core.environment:checking '/home/albertgm13/Documentos/GitHub/IR2117/tb3_ws/install/robot_trajectory/bin'
[12.529s] Level 1:colcon.colcon_core.environment:checking '/home/albertgm13/Documentos/GitHub/IR2117/tb3_ws/install/robot_trajectory/lib/pkgconfig/robot_trajectory.pc'
[12.530s] Level 1:colcon.colcon_core.environment:checking '/home/albertgm13/Documentos/GitHub/IR2117/tb3_ws/install/robot_trajectory/lib/python3.8/site-packages'
[12.530s] Level 1:colcon.colcon_core.environment:checking '/home/albertgm13/Documentos/GitHub/IR2117/tb3_ws/install/robot_trajectory/bin'
[12.531s] INFO:colcon.colcon_core.shell:Creating package script '/home/albertgm13/Documentos/GitHub/IR2117/tb3_ws/install/robot_trajectory/share/robot_trajectory/package.ps1'
[12.531s] INFO:colcon.colcon_core.shell:Creating package descriptor '/home/albertgm13/Documentos/GitHub/IR2117/tb3_ws/install/robot_trajectory/share/robot_trajectory/package.dsv'
[12.532s] INFO:colcon.colcon_core.shell:Creating package script '/home/albertgm13/Documentos/GitHub/IR2117/tb3_ws/install/robot_trajectory/share/robot_trajectory/package.sh'
[12.532s] INFO:colcon.colcon_core.shell:Creating package script '/home/albertgm13/Documentos/GitHub/IR2117/tb3_ws/install/robot_trajectory/share/robot_trajectory/package.bash'
[12.533s] INFO:colcon.colcon_core.shell:Creating package script '/home/albertgm13/Documentos/GitHub/IR2117/tb3_ws/install/robot_trajectory/share/robot_trajectory/package.zsh'
[12.533s] Level 1:colcon.colcon_core.environment:create_file_with_runtime_dependencies(/home/albertgm13/Documentos/GitHub/IR2117/tb3_ws/install/robot_trajectory/share/colcon-core/packages/robot_trajectory)
[12.534s] DEBUG:colcon.colcon_parallel_executor.executor.parallel:closing loop
[12.534s] DEBUG:colcon.colcon_parallel_executor.executor.parallel:loop closed
[12.534s] DEBUG:colcon.colcon_parallel_executor.executor.parallel:run_until_complete finished with '0'
[12.534s] DEBUG:colcon.colcon_core.event_reactor:joining thread
[12.539s] INFO:colcon.colcon_core.plugin_system:Skipping extension 'colcon_notification.desktop_notification.terminal_notifier': Not used on non-Darwin systems
[12.539s] INFO:colcon.colcon_core.plugin_system:Skipping extension 'colcon_notification.desktop_notification.win32': Not used on non-Windows systems
[12.539s] INFO:colcon.colcon_notification.desktop_notification:Sending desktop notification using 'notify2'
[12.559s] DEBUG:colcon.colcon_core.event_reactor:joined thread
[12.560s] INFO:colcon.colcon_core.shell:Creating prefix script '/home/albertgm13/Documentos/GitHub/IR2117/tb3_ws/install/local_setup.ps1'
[12.561s] INFO:colcon.colcon_core.shell:Creating prefix util module '/home/albertgm13/Documentos/GitHub/IR2117/tb3_ws/install/_local_setup_util_ps1.py'
[12.562s] INFO:colcon.colcon_core.shell:Creating prefix chain script '/home/albertgm13/Documentos/GitHub/IR2117/tb3_ws/install/setup.ps1'
[12.566s] INFO:colcon.colcon_core.shell:Creating prefix script '/home/albertgm13/Documentos/GitHub/IR2117/tb3_ws/install/local_setup.sh'
[12.567s] INFO:colcon.colcon_core.shell:Creating prefix util module '/home/albertgm13/Documentos/GitHub/IR2117/tb3_ws/install/_local_setup_util_sh.py'
[12.567s] INFO:colcon.colcon_core.shell:Creating prefix chain script '/home/albertgm13/Documentos/GitHub/IR2117/tb3_ws/install/setup.sh'
[12.569s] INFO:colcon.colcon_core.shell:Creating prefix script '/home/albertgm13/Documentos/GitHub/IR2117/tb3_ws/install/local_setup.bash'
[12.569s] INFO:colcon.colcon_core.shell:Creating prefix chain script '/home/albertgm13/Documentos/GitHub/IR2117/tb3_ws/install/setup.bash'
[12.570s] INFO:colcon.colcon_core.shell:Creating prefix script '/home/albertgm13/Documentos/GitHub/IR2117/tb3_ws/install/local_setup.zsh'
[12.570s] INFO:colcon.colcon_core.shell:Creating prefix chain script '/home/albertgm13/Documentos/GitHub/IR2117/tb3_ws/install/setup.zsh'
