[0.013s] Invoking command in '/home/albertgm13/Documentos/GitHub/IR2117/tb3_ws/build/olympic': CMAKE_PREFIX_PATH=${CMAKE_PREFIX_PATH}:/opt/ros/foxy LD_LIBRARY_PATH=/home/albertgm13/Documentos/GitHub/IR2117/tb3_ws/install/olympics_interfaces/lib:${LD_LIBRARY_PATH} PYTHONPATH=/home/albertgm13/Documentos/GitHub/IR2117/tb3_ws/install/olympics_interfaces/lib/python3.8/site-packages:${PYTHONPATH} /usr/bin/cmake --build /home/albertgm13/Documentos/GitHub/IR2117/tb3_ws/build/olympic -- -j1 -l1
[0.092s] [ 33%] Built target rings_action_client
[0.103s] [35m[1mScanning dependencies of target rings_action_server[0m
[0.124s] [ 50%] [32mBuilding CXX object CMakeFiles/rings_action_server.dir/src/rings_action_server.cpp.o[0m
[3.918s] [ 66%] [32m[1mLinking CXX executable rings_action_server[0m
[4.097s] [ 66%] Built target rings_action_server
[4.105s] [35m[1mScanning dependencies of target rings[0m
[4.130s] [ 83%] [32mBuilding CXX object CMakeFiles/rings.dir/src/rings.cpp.o[0m
[7.229s] [100%] [32m[1mLinking CXX executable rings[0m
[7.377s] [100%] Built target rings
[7.388s] Invoked command in '/home/albertgm13/Documentos/GitHub/IR2117/tb3_ws/build/olympic' returned '0': CMAKE_PREFIX_PATH=${CMAKE_PREFIX_PATH}:/opt/ros/foxy LD_LIBRARY_PATH=/home/albertgm13/Documentos/GitHub/IR2117/tb3_ws/install/olympics_interfaces/lib:${LD_LIBRARY_PATH} PYTHONPATH=/home/albertgm13/Documentos/GitHub/IR2117/tb3_ws/install/olympics_interfaces/lib/python3.8/site-packages:${PYTHONPATH} /usr/bin/cmake --build /home/albertgm13/Documentos/GitHub/IR2117/tb3_ws/build/olympic -- -j1 -l1
[7.416s] Invoking command in '/home/albertgm13/Documentos/GitHub/IR2117/tb3_ws/build/olympic': CMAKE_PREFIX_PATH=${CMAKE_PREFIX_PATH}:/opt/ros/foxy LD_LIBRARY_PATH=/home/albertgm13/Documentos/GitHub/IR2117/tb3_ws/install/olympics_interfaces/lib:${LD_LIBRARY_PATH} PYTHONPATH=/home/albertgm13/Documentos/GitHub/IR2117/tb3_ws/install/olympics_interfaces/lib/python3.8/site-packages:${PYTHONPATH} /usr/bin/cmake --install /home/albertgm13/Documentos/GitHub/IR2117/tb3_ws/build/olympic
[7.425s] -- Install configuration: ""
[7.425s] -- Installing: /home/albertgm13/Documentos/GitHub/IR2117/tb3_ws/install/olympic/lib/olympic/rings
[7.426s] -- Set runtime path of "/home/albertgm13/Documentos/GitHub/IR2117/tb3_ws/install/olympic/lib/olympic/rings" to ""
[7.426s] -- Installing: /home/albertgm13/Documentos/GitHub/IR2117/tb3_ws/install/olympic/lib/olympic/rings_action_server
[7.428s] -- Set runtime path of "/home/albertgm13/Documentos/GitHub/IR2117/tb3_ws/install/olympic/lib/olympic/rings_action_server" to ""
[7.428s] -- Installing: /home/albertgm13/Documentos/GitHub/IR2117/tb3_ws/install/olympic/lib/olympic/rings_action_client
[7.429s] -- Set runtime path of "/home/albertgm13/Documentos/GitHub/IR2117/tb3_ws/install/olympic/lib/olympic/rings_action_client" to ""
[7.429s] -- Installing: /home/albertgm13/Documentos/GitHub/IR2117/tb3_ws/install/olympic/share/ament_index/resource_index/package_run_dependencies/olympic
[7.429s] -- Installing: /home/albertgm13/Documentos/GitHub/IR2117/tb3_ws/install/olympic/share/ament_index/resource_index/parent_prefix_path/olympic
[7.429s] -- Installing: /home/albertgm13/Documentos/GitHub/IR2117/tb3_ws/install/olympic/share/olympic/environment/ament_prefix_path.sh
[7.430s] -- Installing: /home/albertgm13/Documentos/GitHub/IR2117/tb3_ws/install/olympic/share/olympic/environment/ament_prefix_path.dsv
[7.430s] -- Installing: /home/albertgm13/Documentos/GitHub/IR2117/tb3_ws/install/olympic/share/olympic/environment/path.sh
[7.430s] -- Installing: /home/albertgm13/Documentos/GitHub/IR2117/tb3_ws/install/olympic/share/olympic/environment/path.dsv
[7.430s] -- Installing: /home/albertgm13/Documentos/GitHub/IR2117/tb3_ws/install/olympic/share/olympic/local_setup.bash
[7.431s] -- Installing: /home/albertgm13/Documentos/GitHub/IR2117/tb3_ws/install/olympic/share/olympic/local_setup.sh
[7.431s] -- Installing: /home/albertgm13/Documentos/GitHub/IR2117/tb3_ws/install/olympic/share/olympic/local_setup.zsh
[7.431s] -- Installing: /home/albertgm13/Documentos/GitHub/IR2117/tb3_ws/install/olympic/share/olympic/local_setup.dsv
[7.431s] -- Installing: /home/albertgm13/Documentos/GitHub/IR2117/tb3_ws/install/olympic/share/olympic/package.dsv
[7.432s] -- Installing: /home/albertgm13/Documentos/GitHub/IR2117/tb3_ws/install/olympic/share/ament_index/resource_index/packages/olympic
[7.432s] -- Installing: /home/albertgm13/Documentos/GitHub/IR2117/tb3_ws/install/olympic/share/olympic/cmake/olympicConfig.cmake
[7.432s] -- Installing: /home/albertgm13/Documentos/GitHub/IR2117/tb3_ws/install/olympic/share/olympic/cmake/olympicConfig-version.cmake
[7.432s] -- Installing: /home/albertgm13/Documentos/GitHub/IR2117/tb3_ws/install/olympic/share/olympic/package.xml
[7.436s] Invoked command in '/home/albertgm13/Documentos/GitHub/IR2117/tb3_ws/build/olympic' returned '0': CMAKE_PREFIX_PATH=${CMAKE_PREFIX_PATH}:/opt/ros/foxy LD_LIBRARY_PATH=/home/albertgm13/Documentos/GitHub/IR2117/tb3_ws/install/olympics_interfaces/lib:${LD_LIBRARY_PATH} PYTHONPATH=/home/albertgm13/Documentos/GitHub/IR2117/tb3_ws/install/olympics_interfaces/lib/python3.8/site-packages:${PYTHONPATH} /usr/bin/cmake --install /home/albertgm13/Documentos/GitHub/IR2117/tb3_ws/build/olympic
