[0.014s] Invoking command in '/home/albertgm13/Documentos/GitHub/IR2117/tb3_ws/build/obstacles': CMAKE_PREFIX_PATH=/opt/ros/foxy /usr/bin/cmake --build /home/albertgm13/Documentos/GitHub/IR2117/tb3_ws/build/obstacles -- -j1 -l1
[0.079s] [35m[1mScanning dependencies of target detector[0m
[0.104s] [ 25%] [32mBuilding CXX object CMakeFiles/detector.dir/detector.cpp.o[0m
[5.372s] [ 50%] [32m[1mLinking CXX executable detector[0m
[5.583s] [ 50%] Built target detector
[5.594s] [35m[1mScanning dependencies of target avoidance[0m
[5.615s] [ 75%] [32mBuilding CXX object CMakeFiles/avoidance.dir/avoidance.cpp.o[0m
[10.801s] [100%] [32m[1mLinking CXX executable avoidance[0m
[11.036s] [100%] Built target avoidance
[11.048s] Invoked command in '/home/albertgm13/Documentos/GitHub/IR2117/tb3_ws/build/obstacles' returned '0': CMAKE_PREFIX_PATH=/opt/ros/foxy /usr/bin/cmake --build /home/albertgm13/Documentos/GitHub/IR2117/tb3_ws/build/obstacles -- -j1 -l1
[11.085s] Invoking command in '/home/albertgm13/Documentos/GitHub/IR2117/tb3_ws/build/obstacles': CMAKE_PREFIX_PATH=/opt/ros/foxy /usr/bin/cmake --install /home/albertgm13/Documentos/GitHub/IR2117/tb3_ws/build/obstacles
[11.095s] -- Install configuration: ""
[11.095s] -- Installing: /home/albertgm13/Documentos/GitHub/IR2117/tb3_ws/install/obstacles/lib/obstacles/avoidance
[11.097s] -- Set runtime path of "/home/albertgm13/Documentos/GitHub/IR2117/tb3_ws/install/obstacles/lib/obstacles/avoidance" to ""
[11.098s] -- Installing: /home/albertgm13/Documentos/GitHub/IR2117/tb3_ws/install/obstacles/lib/obstacles/detector
[11.100s] -- Set runtime path of "/home/albertgm13/Documentos/GitHub/IR2117/tb3_ws/install/obstacles/lib/obstacles/detector" to ""
[11.100s] -- Up-to-date: /home/albertgm13/Documentos/GitHub/IR2117/tb3_ws/install/obstacles/share/obstacles/launch
[11.100s] -- Up-to-date: /home/albertgm13/Documentos/GitHub/IR2117/tb3_ws/install/obstacles/share/obstacles/launch/triple_detector.launch.py
[11.100s] -- Up-to-date: /home/albertgm13/Documentos/GitHub/IR2117/tb3_ws/install/obstacles/share/obstacles/launch/.gitignore
[11.100s] -- Up-to-date: /home/albertgm13/Documentos/GitHub/IR2117/tb3_ws/install/obstacles/share/ament_index/resource_index/package_run_dependencies/obstacles
[11.100s] -- Up-to-date: /home/albertgm13/Documentos/GitHub/IR2117/tb3_ws/install/obstacles/share/ament_index/resource_index/parent_prefix_path/obstacles
[11.101s] -- Up-to-date: /home/albertgm13/Documentos/GitHub/IR2117/tb3_ws/install/obstacles/share/obstacles/environment/ament_prefix_path.sh
[11.101s] -- Up-to-date: /home/albertgm13/Documentos/GitHub/IR2117/tb3_ws/install/obstacles/share/obstacles/environment/ament_prefix_path.dsv
[11.101s] -- Up-to-date: /home/albertgm13/Documentos/GitHub/IR2117/tb3_ws/install/obstacles/share/obstacles/environment/path.sh
[11.101s] -- Up-to-date: /home/albertgm13/Documentos/GitHub/IR2117/tb3_ws/install/obstacles/share/obstacles/environment/path.dsv
[11.101s] -- Up-to-date: /home/albertgm13/Documentos/GitHub/IR2117/tb3_ws/install/obstacles/share/obstacles/local_setup.bash
[11.101s] -- Up-to-date: /home/albertgm13/Documentos/GitHub/IR2117/tb3_ws/install/obstacles/share/obstacles/local_setup.sh
[11.102s] -- Up-to-date: /home/albertgm13/Documentos/GitHub/IR2117/tb3_ws/install/obstacles/share/obstacles/local_setup.zsh
[11.102s] -- Up-to-date: /home/albertgm13/Documentos/GitHub/IR2117/tb3_ws/install/obstacles/share/obstacles/local_setup.dsv
[11.102s] -- Installing: /home/albertgm13/Documentos/GitHub/IR2117/tb3_ws/install/obstacles/share/obstacles/package.dsv
[11.102s] -- Up-to-date: /home/albertgm13/Documentos/GitHub/IR2117/tb3_ws/install/obstacles/share/ament_index/resource_index/packages/obstacles
[11.103s] -- Up-to-date: /home/albertgm13/Documentos/GitHub/IR2117/tb3_ws/install/obstacles/share/obstacles/cmake/obstaclesConfig.cmake
[11.103s] -- Up-to-date: /home/albertgm13/Documentos/GitHub/IR2117/tb3_ws/install/obstacles/share/obstacles/cmake/obstaclesConfig-version.cmake
[11.103s] -- Up-to-date: /home/albertgm13/Documentos/GitHub/IR2117/tb3_ws/install/obstacles/share/obstacles/package.xml
[11.108s] Invoked command in '/home/albertgm13/Documentos/GitHub/IR2117/tb3_ws/build/obstacles' returned '0': CMAKE_PREFIX_PATH=/opt/ros/foxy /usr/bin/cmake --install /home/albertgm13/Documentos/GitHub/IR2117/tb3_ws/build/obstacles
