[0.030s] Invoking command in '/home/usuario/Escritorio/ros2_ws/build/examples_topics': CMAKE_PREFIX_PATH=/opt/ros/foxy /usr/bin/cmake /home/usuario/Escritorio/ros2_ws/src/exemples/topics -DCMAKE_INSTALL_PREFIX=/home/usuario/Escritorio/ros2_ws/install/examples_topics
[0.542s] -- The C compiler identification is GNU 9.4.0
[1.075s] -- The CXX compiler identification is GNU 9.4.0
[1.119s] -- Check for working C compiler: /usr/bin/cc
[1.865s] -- Check for working C compiler: /usr/bin/cc -- works
[1.878s] -- Detecting C compiler ABI info
[2.827s] -- Detecting C compiler ABI info - done
[2.886s] -- Detecting C compile features
[2.887s] -- Detecting C compile features - done
[2.982s] -- Check for working CXX compiler: /usr/bin/c++
[3.983s] -- Check for working CXX compiler: /usr/bin/c++ -- works
[3.995s] -- Detecting CXX compiler ABI info
[5.203s] -- Detecting CXX compiler ABI info - done
[5.291s] -- Detecting CXX compile features
[5.291s] -- Detecting CXX compile features - done
[5.425s] -- Found ament_cmake: 0.9.11 (/opt/ros/foxy/share/ament_cmake/cmake)
[5.512s] -- Found PythonInterp: /usr/bin/python3 (found suitable version "3.8.10", minimum required is "3") 
[5.513s] -- Using PYTHON_EXECUTABLE: /usr/bin/python3
[5.954s] -- Found rclcpp: 2.4.2 (/opt/ros/foxy/share/rclcpp/cmake)
[5.997s] -- Using all available rosidl_typesupport_c: rosidl_typesupport_fastrtps_c;rosidl_typesupport_introspection_c
[6.003s] -- Found rosidl_adapter: 1.3.0 (/opt/ros/foxy/share/rosidl_adapter/cmake)
[6.070s] -- Found OpenSSL: /usr/lib/x86_64-linux-gnu/libcrypto.so (found version "1.1.1f")  
[6.097s] -- Found FastRTPS: /opt/ros/foxy/include  
[6.166s] -- Using all available rosidl_typesupport_cpp: rosidl_typesupport_fastrtps_cpp;rosidl_typesupport_introspection_cpp
[6.219s] -- Found rmw_implementation_cmake: 1.0.3 (/opt/ros/foxy/share/rmw_implementation_cmake/cmake)
[6.221s] -- Using RMW implementation 'rmw_fastrtps_cpp' as default
[6.276s] -- Looking for pthread.h
[7.633s] -- Looking for pthread.h - found
[7.667s] -- Performing Test CMAKE_HAVE_LIBC_PTHREAD
[8.884s] -- Performing Test CMAKE_HAVE_LIBC_PTHREAD - Failed
[8.885s] -- Looking for pthread_create in pthreads
[9.763s] -- Looking for pthread_create in pthreads - not found
[9.769s] -- Looking for pthread_create in pthread
[10.144s] -- Looking for pthread_create in pthread - found
[10.146s] -- Found Threads: TRUE  
[10.398s] -- Configuring done
[10.419s] -- Generating done
[10.433s] -- Build files have been written to: /home/usuario/Escritorio/ros2_ws/build/examples_topics
[10.440s] Invoked command in '/home/usuario/Escritorio/ros2_ws/build/examples_topics' returned '0': CMAKE_PREFIX_PATH=/opt/ros/foxy /usr/bin/cmake /home/usuario/Escritorio/ros2_ws/src/exemples/topics -DCMAKE_INSTALL_PREFIX=/home/usuario/Escritorio/ros2_ws/install/examples_topics
[10.446s] Invoking command in '/home/usuario/Escritorio/ros2_ws/build/examples_topics': CMAKE_PREFIX_PATH=/opt/ros/foxy /usr/bin/cmake --build /home/usuario/Escritorio/ros2_ws/build/examples_topics -- -j6 -l6
[10.555s] [35m[1mScanning dependencies of target publisher[0m
[10.555s] [35m[1mScanning dependencies of target subscriber[0m
[10.650s] [ 50%] [32mBuilding CXX object CMakeFiles/publisher.dir/publisher.cpp.o[0m
[10.650s] [ 50%] [32mBuilding CXX object CMakeFiles/subscriber.dir/subscriber.cpp.o[0m
[203.131s] [ 75%] [32m[1mLinking CXX executable publisher[0m
[404.056s] [100%] [32m[1mLinking CXX executable subscriber[0m
[451.490s] [100%] Built target publisher
[647.808s] [100%] Built target subscriber
[647.815s] Invoked command in '/home/usuario/Escritorio/ros2_ws/build/examples_topics' returned '0': CMAKE_PREFIX_PATH=/opt/ros/foxy /usr/bin/cmake --build /home/usuario/Escritorio/ros2_ws/build/examples_topics -- -j6 -l6
[647.840s] Invoking command in '/home/usuario/Escritorio/ros2_ws/build/examples_topics': CMAKE_PREFIX_PATH=/opt/ros/foxy /usr/bin/cmake --install /home/usuario/Escritorio/ros2_ws/build/examples_topics
[647.846s] -- Install configuration: ""
[647.846s] -- Installing: /home/usuario/Escritorio/ros2_ws/install/examples_topics/lib/examples_topics/publisher
[647.857s] -- Set runtime path of "/home/usuario/Escritorio/ros2_ws/install/examples_topics/lib/examples_topics/publisher" to ""
[647.857s] -- Installing: /home/usuario/Escritorio/ros2_ws/install/examples_topics/lib/examples_topics/subscriber
[647.874s] -- Set runtime path of "/home/usuario/Escritorio/ros2_ws/install/examples_topics/lib/examples_topics/subscriber" to ""
[647.874s] -- Installing: /home/usuario/Escritorio/ros2_ws/install/examples_topics/share/ament_index/resource_index/package_run_dependencies/examples_topics
[647.875s] -- Installing: /home/usuario/Escritorio/ros2_ws/install/examples_topics/share/ament_index/resource_index/parent_prefix_path/examples_topics
[647.875s] -- Installing: /home/usuario/Escritorio/ros2_ws/install/examples_topics/share/examples_topics/environment/ament_prefix_path.sh
[647.876s] -- Installing: /home/usuario/Escritorio/ros2_ws/install/examples_topics/share/examples_topics/environment/ament_prefix_path.dsv
[647.876s] -- Installing: /home/usuario/Escritorio/ros2_ws/install/examples_topics/share/examples_topics/environment/path.sh
[647.876s] -- Installing: /home/usuario/Escritorio/ros2_ws/install/examples_topics/share/examples_topics/environment/path.dsv
[647.877s] -- Installing: /home/usuario/Escritorio/ros2_ws/install/examples_topics/share/examples_topics/local_setup.bash
[647.877s] -- Installing: /home/usuario/Escritorio/ros2_ws/install/examples_topics/share/examples_topics/local_setup.sh
[647.878s] -- Installing: /home/usuario/Escritorio/ros2_ws/install/examples_topics/share/examples_topics/local_setup.zsh
[647.878s] -- Installing: /home/usuario/Escritorio/ros2_ws/install/examples_topics/share/examples_topics/local_setup.dsv
[647.879s] -- Installing: /home/usuario/Escritorio/ros2_ws/install/examples_topics/share/examples_topics/package.dsv
[647.879s] -- Installing: /home/usuario/Escritorio/ros2_ws/install/examples_topics/share/ament_index/resource_index/packages/examples_topics
[647.880s] -- Installing: /home/usuario/Escritorio/ros2_ws/install/examples_topics/share/examples_topics/cmake/examples_topicsConfig.cmake
[647.880s] -- Installing: /home/usuario/Escritorio/ros2_ws/install/examples_topics/share/examples_topics/cmake/examples_topicsConfig-version.cmake
[647.881s] -- Installing: /home/usuario/Escritorio/ros2_ws/install/examples_topics/share/examples_topics/package.xml
[647.883s] Invoked command in '/home/usuario/Escritorio/ros2_ws/build/examples_topics' returned '0': CMAKE_PREFIX_PATH=/opt/ros/foxy /usr/bin/cmake --install /home/usuario/Escritorio/ros2_ws/build/examples_topics
